<?xml version="1.0" encoding="utf-8"?><testsuites name="pytest tests"><testsuite name="pytest" errors="0" failures="0" skipped="0" tests="215" time="13.051" timestamp="2026-09-17T08:57:19.287116+08:00" hostname="gxn70"><testcase classname="repo.test.test_triton_graph_softmax_precision" name="test_native_fp32_shapes[original_order-None-1-none]" time="3.009" /><testcase classname="repo.test.test_triton_graph_softmax_precision" name="test_native_fp32_shapes[original_order-None-1-scalar]" time="0.051" /><testcase classname="repo.test.test_triton_graph_softmax_precision" name="test_native_fp32_shapes[original_order-None-1-head]" time="0.014" /><testcase classname="repo.test.test_triton_graph_softmax_precision" name="test_native_fp32_shapes[original_order-None-1-row]" time="0.007" /><testcase classname="repo.test.test_triton_graph_softmax_precision" name="test_native_fp32_shapes[original_order-None-1-edge]" time="0.013" /><testcase classname="repo.test.test_triton_graph_softmax_precision" name="test_native_fp32_shapes[original_order-None-1-full]" time="0.007" /><testcase classname="repo.test.test_triton_graph_softmax_precision" name="test_native_fp32_shapes[original_order-None-3-none]" time="0.010" /><testcase classname="repo.test.test_triton_graph_softmax_precision" name="test_native_fp32_shapes[original_order-None-3-scalar]" time="0.017" /><testcase classname="repo.test.test_triton_graph_softmax_precision" name="test_native_fp32_shapes[original_order-None-3-head]" time="0.013" /><testcase classname="repo.test.test_triton_graph_softmax_precision" name="test_native_fp32_shapes[original_order-None-3-row]" time="0.007" /><testcase classname="repo.test.test_triton_graph_softmax_precision" name="test_native_fp32_shapes[original_order-None-3-edge]" time="0.017" /><testcase classname="repo.test.test_triton_graph_softmax_precision" name="test_native_fp32_shapes[original_order-None-3-full]" time="0.011" /><testcase classname="repo.test.test_triton_graph_softmax_precision" name="test_native_fp32_shapes[original_order-None-8-none]" time="0.011" /><testcase classname="repo.test.test_triton_graph_softmax_precision" name="test_native_fp32_shapes[original_order-None-8-scalar]" time="0.016" /><testcase classname="repo.test.test_triton_graph_softmax_precision" name="test_native_fp32_shapes[original_order-None-8-head]" time="0.015" /><testcase classname="repo.test.test_triton_graph_softmax_precision" name="test_native_fp32_shapes[original_order-None-8-row]" time="0.007" /><testcase classname="repo.test.test_triton_graph_softmax_precision" name="test_native_fp32_shapes[original_order-None-8-edge]" time="0.014" /><testcase classname="repo.test.test_triton_graph_softmax_precision" name="test_native_fp32_shapes[original_order-None-8-full]" time="0.014" /><testcase classname="repo.test.test_triton_graph_softmax_precision" name="test_native_fp32_shapes[original_order-None-17-none]" time="0.018" /><testcase classname="repo.test.test_triton_graph_softmax_precision" name="test_native_fp32_shapes[original_order-None-17-scalar]" time="0.017" /><testcase classname="repo.test.test_triton_graph_softmax_precision" name="test_native_fp32_shapes[original_order-None-17-head]" time="0.015" /><testcase classname="repo.test.test_triton_graph_softmax_precision" name="test_native_fp32_shapes[original_order-None-17-row]" time="0.008" /><testcase classname="repo.test.test_triton_graph_softmax_precision" name="test_native_fp32_shapes[original_order-None-17-edge]" time="0.016" /><testcase classname="repo.test.test_triton_graph_softmax_precision" name="test_native_fp32_shapes[original_order-None-17-full]" time="0.015" /><testcase classname="repo.test.test_triton_graph_softmax_precision" name="test_native_fp32_shapes[original_order-3.0-1-none]" time="0.035" /><testcase classname="repo.test.test_triton_graph_softmax_precision" name="test_native_fp32_shapes[original_order-3.0-1-scalar]" time="0.015" /><testcase classname="repo.test.test_triton_graph_softmax_precision" name="test_native_fp32_shapes[original_order-3.0-1-head]" time="0.012" /><testcase classname="repo.test.test_triton_graph_softmax_precision" name="test_native_fp32_shapes[original_order-3.0-1-row]" time="0.008" /><testcase classname="repo.test.test_triton_graph_softmax_precision" name="test_native_fp32_shapes[original_order-3.0-1-edge]" time="0.012" /><testcase classname="repo.test.test_triton_graph_softmax_precision" name="test_native_fp32_shapes[original_order-3.0-1-full]" time="0.007" /><testcase classname="repo.test.test_triton_graph_softmax_precision" name="test_native_fp32_shapes[original_order-3.0-3-none]" time="0.011" /><testcase classname="repo.test.test_triton_graph_softmax_precision" name="test_native_fp32_shapes[original_order-3.0-3-scalar]" time="0.012" /><testcase classname="repo.test.test_triton_graph_softmax_precision" name="test_native_fp32_shapes[original_order-3.0-3-head]" time="0.014" /><testcase classname="repo.test.test_triton_graph_softmax_precision" name="test_native_fp32_shapes[original_order-3.0-3-row]" time="0.006" /><testcase classname="repo.test.test_triton_graph_softmax_precision" name="test_native_fp32_shapes[original_order-3.0-3-edge]" time="0.011" /><testcase classname="repo.test.test_triton_graph_softmax_precision" name="test_native_fp32_shapes[original_order-3.0-3-full]" time="0.014" /><testcase classname="repo.test.test_triton_graph_softmax_precision" name="test_native_fp32_shapes[original_order-3.0-8-none]" time="0.012" /><testcase classname="repo.test.test_triton_graph_softmax_precision" name="test_native_fp32_shapes[original_order-3.0-8-scalar]" time="0.015" /><testcase classname="repo.test.test_triton_graph_softmax_precision" name="test_native_fp32_shapes[original_order-3.0-8-head]" time="0.013" /><testcase classname="repo.test.test_triton_graph_softmax_precision" name="test_native_fp32_shapes[original_order-3.0-8-row]" time="0.007" /><testcase classname="repo.test.test_triton_graph_softmax_precision" name="test_native_fp32_shapes[original_order-3.0-8-edge]" time="0.015" /><testcase classname="repo.test.test_triton_graph_softmax_precision" name="test_native_fp32_shapes[original_order-3.0-8-full]" time="0.013" /><testcase classname="repo.test.test_triton_graph_softmax_precision" name="test_native_fp32_shapes[original_order-3.0-17-none]" time="0.013" /><testcase classname="repo.test.test_triton_graph_softmax_precision" name="test_native_fp32_shapes[original_order-3.0-17-scalar]" time="0.015" /><testcase classname="repo.test.test_triton_graph_softmax_precision" name="test_native_fp32_shapes[original_order-3.0-17-head]" time="0.011" /><testcase classname="repo.test.test_triton_graph_softmax_precision" name="test_native_fp32_shapes[original_order-3.0-17-row]" time="0.007" /><testcase classname="repo.test.test_triton_graph_softmax_precision" name="test_native_fp32_shapes[original_order-3.0-17-edge]" time="0.014" /><testcase classname="repo.test.test_triton_graph_softmax_precision" name="test_native_fp32_shapes[original_order-3.0-17-full]" time="0.014" /><testcase classname="repo.test.test_triton_graph_softmax_precision" name="test_native_fp32_shapes[node_sorted-None-1-none]" time="0.019" /><testcase classname="repo.test.test_triton_graph_softmax_precision" name="test_native_fp32_shapes[node_sorted-None-1-scalar]" time="0.013" /><testcase classname="repo.test.test_triton_graph_softmax_precision" name="test_native_fp32_shapes[node_sorted-None-1-head]" time="0.014" /><testcase classname="repo.test.test_triton_graph_softmax_precision" name="test_native_fp32_shapes[node_sorted-None-1-row]" time="0.008" /><testcase classname="repo.test.test_triton_graph_softmax_precision" name="test_native_fp32_shapes[node_sorted-None-1-edge]" time="0.013" /><testcase classname="repo.test.test_triton_graph_softmax_precision" name="test_native_fp32_shapes[node_sorted-None-1-full]" time="0.009" /><testcase classname="repo.test.test_triton_graph_softmax_precision" name="test_native_fp32_shapes[node_sorted-None-3-none]" time="0.013" /><testcase classname="repo.test.test_triton_graph_softmax_precision" name="test_native_fp32_shapes[node_sorted-None-3-scalar]" time="0.015" /><testcase classname="repo.test.test_triton_graph_softmax_precision" name="test_native_fp32_shapes[node_sorted-None-3-head]" time="0.013" /><testcase classname="repo.test.test_triton_graph_softmax_precision" name="test_native_fp32_shapes[node_sorted-None-3-row]" time="0.007" /><testcase classname="repo.test.test_triton_graph_softmax_precision" name="test_native_fp32_shapes[node_sorted-None-3-edge]" time="0.013" /><testcase classname="repo.test.test_triton_graph_softmax_precision" name="test_native_fp32_shapes[node_sorted-None-3-full]" time="0.014" /><testcase classname="repo.test.test_triton_graph_softmax_precision" name="test_native_fp32_shapes[node_sorted-None-8-none]" time="0.019" /><testcase classname="repo.test.test_triton_graph_softmax_precision" name="test_native_fp32_shapes[node_sorted-None-8-scalar]" time="0.013" /><testcase classname="repo.test.test_triton_graph_softmax_precision" name="test_native_fp32_shapes[node_sorted-None-8-head]" time="0.015" /><testcase classname="repo.test.test_triton_graph_softmax_precision" name="test_native_fp32_shapes[node_sorted-None-8-row]" time="0.009" /><testcase classname="repo.test.test_triton_graph_softmax_precision" name="test_native_fp32_shapes[node_sorted-None-8-edge]" time="0.015" /><testcase classname="repo.test.test_triton_graph_softmax_precision" name="test_native_fp32_shapes[node_sorted-None-8-full]" time="0.232" /><testcase classname="repo.test.test_triton_graph_softmax_precision" name="test_native_fp32_shapes[node_sorted-None-17-none]" time="0.016" /><testcase classname="repo.test.test_triton_graph_softmax_precision" name="test_native_fp32_shapes[node_sorted-None-17-scalar]" time="0.014" /><testcase classname="repo.test.test_triton_graph_softmax_precision" name="test_native_fp32_shapes[node_sorted-None-17-head]" time="0.015" /><testcase classname="repo.test.test_triton_graph_softmax_precision" name="test_native_fp32_shapes[node_sorted-None-17-row]" time="0.008" /><testcase classname="repo.test.test_triton_graph_softmax_precision" name="test_native_fp32_shapes[node_sorted-None-17-edge]" time="0.015" /><testcase classname="repo.test.test_triton_graph_softmax_precision" name="test_native_fp32_shapes[node_sorted-None-17-full]" time="0.013" /><testcase classname="repo.test.test_triton_graph_softmax_precision" name="test_native_fp32_shapes[node_sorted-3.0-1-none]" time="0.013" /><testcase classname="repo.test.test_triton_graph_softmax_precision" name="test_native_fp32_shapes[node_sorted-3.0-1-scalar]" time="0.016" /><testcase classname="repo.test.test_triton_graph_softmax_precision" name="test_native_fp32_shapes[node_sorted-3.0-1-head]" time="0.017" /><testcase classname="repo.test.test_triton_graph_softmax_precision" name="test_native_fp32_shapes[node_sorted-3.0-1-row]" time="0.009" /><testcase classname="repo.test.test_triton_graph_softmax_precision" name="test_native_fp32_shapes[node_sorted-3.0-1-edge]" time="0.013" /><testcase classname="repo.test.test_triton_graph_softmax_precision" name="test_native_fp32_shapes[node_sorted-3.0-1-full]" time="0.014" /><testcase classname="repo.test.test_triton_graph_softmax_precision" name="test_native_fp32_shapes[node_sorted-3.0-3-none]" time="0.012" /><testcase classname="repo.test.test_triton_graph_softmax_precision" name="test_native_fp32_shapes[node_sorted-3.0-3-scalar]" time="0.016" /><testcase classname="repo.test.test_triton_graph_softmax_precision" name="test_native_fp32_shapes[node_sorted-3.0-3-head]" time="0.014" /><testcase classname="repo.test.test_triton_graph_softmax_precision" name="test_native_fp32_shapes[node_sorted-3.0-3-row]" time="0.009" /><testcase classname="repo.test.test_triton_graph_softmax_precision" name="test_native_fp32_shapes[node_sorted-3.0-3-edge]" time="0.014" /><testcase classname="repo.test.test_triton_graph_softmax_precision" name="test_native_fp32_shapes[node_sorted-3.0-3-full]" time="0.014" /><testcase classname="repo.test.test_triton_graph_softmax_precision" name="test_native_fp32_shapes[node_sorted-3.0-8-none]" time="0.012" /><testcase classname="repo.test.test_triton_graph_softmax_precision" name="test_native_fp32_shapes[node_sorted-3.0-8-scalar]" time="0.016" /><testcase classname="repo.test.test_triton_graph_softmax_precision" name="test_native_fp32_shapes[node_sorted-3.0-8-head]" time="0.016" /><testcase classname="repo.test.test_triton_graph_softmax_precision" name="test_native_fp32_shapes[node_sorted-3.0-8-row]" time="0.009" /><testcase classname="repo.test.test_triton_graph_softmax_precision" name="test_native_fp32_shapes[node_sorted-3.0-8-edge]" time="0.016" /><testcase classname="repo.test.test_triton_graph_softmax_precision" name="test_native_fp32_shapes[node_sorted-3.0-8-full]" time="0.013" /><testcase classname="repo.test.test_triton_graph_softmax_precision" name="test_native_fp32_shapes[node_sorted-3.0-17-none]" time="0.013" /><testcase classname="repo.test.test_triton_graph_softmax_precision" name="test_native_fp32_shapes[node_sorted-3.0-17-scalar]" time="0.015" /><testcase classname="repo.test.test_triton_graph_softmax_precision" name="test_native_fp32_shapes[node_sorted-3.0-17-head]" time="0.013" /><testcase classname="repo.test.test_triton_graph_softmax_precision" name="test_native_fp32_shapes[node_sorted-3.0-17-row]" time="0.009" /><testcase classname="repo.test.test_triton_graph_softmax_precision" name="test_native_fp32_shapes[node_sorted-3.0-17-edge]" time="0.013" /><testcase classname="repo.test.test_triton_graph_softmax_precision" name="test_native_fp32_shapes[node_sorted-3.0-17-full]" time="0.014" /><testcase classname="repo.test.test_triton_graph_softmax_precision" name="test_native_fp32_default_eps_dropout[original_order-0.0-index-none]" time="0.032" /><testcase classname="repo.test.test_triton_graph_softmax_precision" name="test_native_fp32_default_eps_dropout[original_order-0.0-index-edge]" time="0.012" /><testcase classname="repo.test.test_triton_graph_softmax_precision" name="test_native_fp32_default_eps_dropout[original_order-0.0-index-full]" time="0.013" /><testcase classname="repo.test.test_triton_graph_softmax_precision" name="test_native_fp32_default_eps_dropout[original_order-0.0-ptr-none]" time="0.051" /><testcase classname="repo.test.test_triton_graph_softmax_precision" name="test_native_fp32_default_eps_dropout[original_order-0.0-ptr-edge]" time="0.015" /><testcase classname="repo.test.test_triton_graph_softmax_precision" name="test_native_fp32_default_eps_dropout[original_order-0.0-ptr-full]" time="0.013" /><testcase classname="repo.test.test_triton_graph_softmax_precision" name="test_native_fp32_default_eps_dropout[original_order-0.25-index-none]" time="0.012" /><testcase classname="repo.test.test_triton_graph_softmax_precision" name="test_native_fp32_default_eps_dropout[original_order-0.25-index-edge]" time="0.011" /><testcase classname="repo.test.test_triton_graph_softmax_precision" name="test_native_fp32_default_eps_dropout[original_order-0.25-index-full]" time="0.010" /><testcase classname="repo.test.test_triton_graph_softmax_precision" name="test_native_fp32_default_eps_dropout[original_order-0.25-ptr-none]" time="0.013" /><testcase classname="repo.test.test_triton_graph_softmax_precision" name="test_native_fp32_default_eps_dropout[original_order-0.25-ptr-edge]" time="0.011" /><testcase classname="repo.test.test_triton_graph_softmax_precision" name="test_native_fp32_default_eps_dropout[original_order-0.25-ptr-full]" time="0.011" /><testcase classname="repo.test.test_triton_graph_softmax_precision" name="test_native_fp32_default_eps_dropout[original_order-1.0-index-none]" time="0.012" /><testcase classname="repo.test.test_triton_graph_softmax_precision" name="test_native_fp32_default_eps_dropout[original_order-1.0-index-edge]" time="0.010" /><testcase classname="repo.test.test_triton_graph_softmax_precision" name="test_native_fp32_default_eps_dropout[original_order-1.0-index-full]" time="0.010" /><testcase classname="repo.test.test_triton_graph_softmax_precision" name="test_native_fp32_default_eps_dropout[original_order-1.0-ptr-none]" time="0.013" /><testcase classname="repo.test.test_triton_graph_softmax_precision" name="test_native_fp32_default_eps_dropout[original_order-1.0-ptr-edge]" time="0.011" /><testcase classname="repo.test.test_triton_graph_softmax_precision" name="test_native_fp32_default_eps_dropout[original_order-1.0-ptr-full]" time="0.010" /><testcase classname="repo.test.test_triton_graph_softmax_precision" name="test_native_fp32_default_eps_dropout[node_sorted-0.0-index-none]" time="0.011" /><testcase classname="repo.test.test_triton_graph_softmax_precision" name="test_native_fp32_default_eps_dropout[node_sorted-0.0-index-edge]" time="0.011" /><testcase classname="repo.test.test_triton_graph_softmax_precision" name="test_native_fp32_default_eps_dropout[node_sorted-0.0-index-full]" time="0.014" /><testcase classname="repo.test.test_triton_graph_softmax_precision" name="test_native_fp32_default_eps_dropout[node_sorted-0.0-ptr-none]" time="0.008" /><testcase classname="repo.test.test_triton_graph_softmax_precision" name="test_native_fp32_default_eps_dropout[node_sorted-0.0-ptr-edge]" time="0.007" /><testcase classname="repo.test.test_triton_graph_softmax_precision" name="test_native_fp32_default_eps_dropout[node_sorted-0.0-ptr-full]" time="0.008" /><testcase classname="repo.test.test_triton_graph_softmax_precision" name="test_native_fp32_default_eps_dropout[node_sorted-0.25-index-none]" time="0.014" /><testcase classname="repo.test.test_triton_graph_softmax_precision" name="test_native_fp32_default_eps_dropout[node_sorted-0.25-index-edge]" time="0.013" /><testcase classname="repo.test.test_triton_graph_softmax_precision" name="test_native_fp32_default_eps_dropout[node_sorted-0.25-index-full]" time="0.012" /><testcase classname="repo.test.test_triton_graph_softmax_precision" name="test_native_fp32_default_eps_dropout[node_sorted-0.25-ptr-none]" time="0.008" /><testcase classname="repo.test.test_triton_graph_softmax_precision" name="test_native_fp32_default_eps_dropout[node_sorted-0.25-ptr-edge]" time="0.009" /><testcase classname="repo.test.test_triton_graph_softmax_precision" name="test_native_fp32_default_eps_dropout[node_sorted-0.25-ptr-full]" time="0.008" /><testcase classname="repo.test.test_triton_graph_softmax_precision" name="test_native_fp32_default_eps_dropout[node_sorted-1.0-index-none]" time="0.014" /><testcase classname="repo.test.test_triton_graph_softmax_precision" name="test_native_fp32_default_eps_dropout[node_sorted-1.0-index-edge]" time="0.013" /><testcase classname="repo.test.test_triton_graph_softmax_precision" name="test_native_fp32_default_eps_dropout[node_sorted-1.0-index-full]" time="0.013" /><testcase classname="repo.test.test_triton_graph_softmax_precision" name="test_native_fp32_default_eps_dropout[node_sorted-1.0-ptr-none]" time="0.008" /><testcase classname="repo.test.test_triton_graph_softmax_precision" name="test_native_fp32_default_eps_dropout[node_sorted-1.0-ptr-edge]" time="0.008" /><testcase classname="repo.test.test_triton_graph_softmax_precision" name="test_native_fp32_default_eps_dropout[node_sorted-1.0-ptr-full]" time="0.009" /><testcase classname="repo.test.test_triton_graph_softmax_precision" name="test_native_fp32_shared_dropout[original_order-0.25-scalar]" time="0.011" /><testcase classname="repo.test.test_triton_graph_softmax_precision" name="test_native_fp32_shared_dropout[original_order-0.25-head]" time="0.010" /><testcase classname="repo.test.test_triton_graph_softmax_precision" name="test_native_fp32_shared_dropout[original_order-0.25-row]" time="0.008" /><testcase classname="repo.test.test_triton_graph_softmax_precision" name="test_native_fp32_shared_dropout[original_order-1.0-scalar]" time="0.010" /><testcase classname="repo.test.test_triton_graph_softmax_precision" name="test_native_fp32_shared_dropout[original_order-1.0-head]" time="0.012" /><testcase classname="repo.test.test_triton_graph_softmax_precision" name="test_native_fp32_shared_dropout[original_order-1.0-row]" time="0.008" /><testcase classname="repo.test.test_triton_graph_softmax_precision" name="test_native_fp32_shared_dropout[node_sorted-0.25-scalar]" time="0.012" /><testcase classname="repo.test.test_triton_graph_softmax_precision" name="test_native_fp32_shared_dropout[node_sorted-0.25-head]" time="0.012" /><testcase classname="repo.test.test_triton_graph_softmax_precision" name="test_native_fp32_shared_dropout[node_sorted-0.25-row]" time="0.009" /><testcase classname="repo.test.test_triton_graph_softmax_precision" name="test_native_fp32_shared_dropout[node_sorted-1.0-scalar]" time="0.012" /><testcase classname="repo.test.test_triton_graph_softmax_precision" name="test_native_fp32_shared_dropout[node_sorted-1.0-head]" time="0.011" /><testcase classname="repo.test.test_triton_graph_softmax_precision" name="test_native_fp32_shared_dropout[node_sorted-1.0-row]" time="0.010" /><testcase classname="repo.test.test_triton_graph_softmax_precision" name="test_requested_gradient_subset[original_order-scalar-x]" time="0.011" /><testcase classname="repo.test.test_triton_graph_softmax_precision" name="test_requested_gradient_subset[original_order-scalar-r]" time="0.009" /><testcase classname="repo.test.test_triton_graph_softmax_precision" name="test_requested_gradient_subset[original_order-head-x]" time="0.009" /><testcase classname="repo.test.test_triton_graph_softmax_precision" name="test_requested_gradient_subset[original_order-head-r]" time="0.009" /><testcase classname="repo.test.test_triton_graph_softmax_precision" name="test_requested_gradient_subset[original_order-edge-x]" time="0.009" /><testcase classname="repo.test.test_triton_graph_softmax_precision" name="test_requested_gradient_subset[original_order-edge-r]" time="0.009" /><testcase classname="repo.test.test_triton_graph_softmax_precision" name="test_requested_gradient_subset[original_order-full-x]" time="0.008" /><testcase classname="repo.test.test_triton_graph_softmax_precision" name="test_requested_gradient_subset[original_order-full-r]" time="0.009" /><testcase classname="repo.test.test_triton_graph_softmax_precision" name="test_requested_gradient_subset[node_sorted-scalar-x]" time="0.010" /><testcase classname="repo.test.test_triton_graph_softmax_precision" name="test_requested_gradient_subset[node_sorted-scalar-r]" time="0.013" /><testcase classname="repo.test.test_triton_graph_softmax_precision" name="test_requested_gradient_subset[node_sorted-head-x]" time="0.010" /><testcase classname="repo.test.test_triton_graph_softmax_precision" name="test_requested_gradient_subset[node_sorted-head-r]" time="0.010" /><testcase classname="repo.test.test_triton_graph_softmax_precision" name="test_requested_gradient_subset[node_sorted-edge-x]" time="0.009" /><testcase classname="repo.test.test_triton_graph_softmax_precision" name="test_requested_gradient_subset[node_sorted-edge-r]" time="0.010" /><testcase classname="repo.test.test_triton_graph_softmax_precision" name="test_requested_gradient_subset[node_sorted-full-x]" time="0.010" /><testcase classname="repo.test.test_triton_graph_softmax_precision" name="test_requested_gradient_subset[node_sorted-full-r]" time="0.010" /><testcase classname="repo.test.test_triton_graph_softmax_precision" name="test_head_tiles_and_reduction_tail[original_order-3-1]" time="0.011" /><testcase classname="repo.test.test_triton_graph_softmax_precision" name="test_head_tiles_and_reduction_tail[original_order-3-4]" time="0.014" /><testcase classname="repo.test.test_triton_graph_softmax_precision" name="test_head_tiles_and_reduction_tail[original_order-17-4]" time="0.012" /><testcase classname="repo.test.test_triton_graph_softmax_precision" name="test_head_tiles_and_reduction_tail[original_order-33-8]" time="0.016" /><testcase classname="repo.test.test_triton_graph_softmax_precision" name="test_head_tiles_and_reduction_tail[original_order-300-32]" time="0.016" /><testcase classname="repo.test.test_triton_graph_softmax_precision" name="test_head_tiles_and_reduction_tail[node_sorted-3-1]" time="0.014" /><testcase classname="repo.test.test_triton_graph_softmax_precision" name="test_head_tiles_and_reduction_tail[node_sorted-3-4]" time="0.015" /><testcase classname="repo.test.test_triton_graph_softmax_precision" name="test_head_tiles_and_reduction_tail[node_sorted-17-4]" time="0.013" /><testcase classname="repo.test.test_triton_graph_softmax_precision" name="test_head_tiles_and_reduction_tail[node_sorted-33-8]" time="0.016" /><testcase classname="repo.test.test_triton_graph_softmax_precision" name="test_head_tiles_and_reduction_tail[node_sorted-300-32]" time="0.018" /><testcase classname="repo.test.test_triton_graph_softmax_precision" name="test_expanded_input_has_distinct_gradients[original_order]" time="0.008" /><testcase classname="repo.test.test_triton_graph_softmax_precision" name="test_expanded_input_has_distinct_gradients[node_sorted]" time="0.007" /><testcase classname="repo.test.test_triton_graph_softmax_precision" name="test_archived_shared_cancellation_analytic[original_order-h100]" time="0.055" /><testcase classname="repo.test.test_triton_graph_softmax_precision" name="test_archived_shared_cancellation_analytic[original_order-hygon]" time="0.010" /><testcase classname="repo.test.test_triton_graph_softmax_precision" name="test_archived_shared_cancellation_analytic[node_sorted-h100]" time="0.017" /><testcase classname="repo.test.test_triton_graph_softmax_precision" name="test_archived_shared_cancellation_analytic[node_sorted-hygon]" time="0.010" /><testcase classname="repo.test.test_triton_graph_softmax_precision" name="test_single_neighbor_small_rescale_analytic[original_order-edge-0.01]" time="0.075" /><testcase classname="repo.test.test_triton_graph_softmax_precision" name="test_single_neighbor_small_rescale_analytic[original_order-edge-0.0001]" time="0.008" /><testcase classname="repo.test.test_triton_graph_softmax_precision" name="test_single_neighbor_small_rescale_analytic[original_order-edge-1e-06]" time="0.008" /><testcase classname="repo.test.test_triton_graph_softmax_precision" name="test_single_neighbor_small_rescale_analytic[original_order-full-0.01]" time="0.012" /><testcase classname="repo.test.test_triton_graph_softmax_precision" name="test_single_neighbor_small_rescale_analytic[original_order-full-0.0001]" time="0.007" /><testcase classname="repo.test.test_triton_graph_softmax_precision" name="test_single_neighbor_small_rescale_analytic[original_order-full-1e-06]" time="0.007" /><testcase classname="repo.test.test_triton_graph_softmax_precision" name="test_single_neighbor_small_rescale_analytic[node_sorted-edge-0.01]" time="0.020" /><testcase classname="repo.test.test_triton_graph_softmax_precision" name="test_single_neighbor_small_rescale_analytic[node_sorted-edge-0.0001]" time="0.008" /><testcase classname="repo.test.test_triton_graph_softmax_precision" name="test_single_neighbor_small_rescale_analytic[node_sorted-edge-1e-06]" time="0.007" /><testcase classname="repo.test.test_triton_graph_softmax_precision" name="test_single_neighbor_small_rescale_analytic[node_sorted-full-0.01]" time="0.016" /><testcase classname="repo.test.test_triton_graph_softmax_precision" name="test_single_neighbor_small_rescale_analytic[node_sorted-full-0.0001]" time="0.007" /><testcase classname="repo.test.test_triton_graph_softmax_precision" name="test_single_neighbor_small_rescale_analytic[node_sorted-full-1e-06]" time="0.009" /><testcase classname="repo.test.test_triton_graph_softmax_precision" name="test_shared_zero_rescale_reduction_levels[original_order-1]" time="0.016" /><testcase classname="repo.test.test_triton_graph_softmax_precision" name="test_shared_zero_rescale_reduction_levels[original_order-17]" time="0.007" /><testcase classname="repo.test.test_triton_graph_softmax_precision" name="test_shared_zero_rescale_reduction_levels[original_order-257]" time="0.012" /><testcase classname="repo.test.test_triton_graph_softmax_precision" name="test_shared_zero_rescale_reduction_levels[original_order-65537]" time="0.037" /><testcase classname="repo.test.test_triton_graph_softmax_precision" name="test_shared_zero_rescale_reduction_levels[node_sorted-1]" time="0.017" /><testcase classname="repo.test.test_triton_graph_softmax_precision" name="test_shared_zero_rescale_reduction_levels[node_sorted-17]" time="0.010" /><testcase classname="repo.test.test_triton_graph_softmax_precision" name="test_shared_zero_rescale_reduction_levels[node_sorted-257]" time="0.010" /><testcase classname="repo.test.test_triton_graph_softmax_precision" name="test_shared_zero_rescale_reduction_levels[node_sorted-65537]" time="0.010" /><testcase classname="repo.test.test_triton_graph_softmax_precision" name="test_backward_does_not_use_torch_reductions[original_order]" time="0.048" /><testcase classname="repo.test.test_triton_graph_softmax_precision" name="test_backward_does_not_use_torch_reductions[node_sorted]" time="0.010" /><testcase classname="repo.test.test_triton_graph_edge_layout" name="test_permutation_roundtrip_and_gradient[shape0]" time="0.003" /><testcase classname="repo.test.test_triton_graph_edge_layout" name="test_permutation_roundtrip_and_gradient[shape1]" time="0.003" /><testcase classname="repo.test.test_triton_graph_edge_layout" name="test_permutation_roundtrip_and_gradient[shape2]" time="0.004" /><testcase classname="repo.test.test_triton_graph_edge_layout" name="test_permutation_roundtrip_and_gradient[shape3]" time="0.006" /><testcase classname="repo.test.test_triton_graph_edge_layout" name="test_topology_change_rejected" time="0.002" /><testcase classname="repo.test.test_triton_graph_edge_layout" name="test_edge_metadata_alignment" time="0.005" /><testcase classname="repo.test.test_triton_graph_edge_layout" name="test_same_seed_mask_output_and_gradients[head-0.0]" time="0.017" /><testcase classname="repo.test.test_triton_graph_edge_layout" name="test_same_seed_mask_output_and_gradients[head-0.25]" time="0.015" /><testcase classname="repo.test.test_triton_graph_edge_layout" name="test_same_seed_mask_output_and_gradients[head-1.0]" time="0.012" /><testcase classname="repo.test.test_triton_graph_edge_layout" name="test_same_seed_mask_output_and_gradients[edge-0.0]" time="0.018" /><testcase classname="repo.test.test_triton_graph_edge_layout" name="test_same_seed_mask_output_and_gradients[edge-0.25]" time="0.013" /><testcase classname="repo.test.test_triton_graph_edge_layout" name="test_same_seed_mask_output_and_gradients[edge-1.0]" time="0.013" /><testcase classname="repo.test.test_triton_graph_edge_layout" name="test_same_seed_mask_output_and_gradients[full-0.0]" time="0.019" /><testcase classname="repo.test.test_triton_graph_edge_layout" name="test_same_seed_mask_output_and_gradients[full-0.25]" time="0.012" /><testcase classname="repo.test.test_triton_graph_edge_layout" name="test_same_seed_mask_output_and_gradients[full-1.0]" time="0.012" /><testcase classname="repo.test.test_triton_graph_edge_layout" name="test_pack_gradient_uses_permutation_not_atomic_index_add" time="0.004" /><testcase classname="repo.test.test_triton_graph_edge_layout" name="test_attention_messages_keep_same_edge_alignment" time="1.074" /></testsuite></testsuites>