<?xml version="1.0" encoding="utf-8"?><testsuites name="pytest tests"><testsuite name="pytest" errors="0" failures="0" skipped="0" tests="215" time="142.255" timestamp="2026-09-17T08:58:19.119097+08:00" hostname="a14r1n06"><testcase classname="repo.test.test_triton_graph_softmax_precision" name="test_native_fp32_shapes[original_order-None-1-none]" time="3.738" /><testcase classname="repo.test.test_triton_graph_softmax_precision" name="test_native_fp32_shapes[original_order-None-1-scalar]" time="1.720" /><testcase classname="repo.test.test_triton_graph_softmax_precision" name="test_native_fp32_shapes[original_order-None-1-head]" time="0.716" /><testcase classname="repo.test.test_triton_graph_softmax_precision" name="test_native_fp32_shapes[original_order-None-1-row]" time="0.006" /><testcase classname="repo.test.test_triton_graph_softmax_precision" name="test_native_fp32_shapes[original_order-None-1-edge]" time="0.907" /><testcase classname="repo.test.test_triton_graph_softmax_precision" name="test_native_fp32_shapes[original_order-None-1-full]" time="0.006" /><testcase classname="repo.test.test_triton_graph_softmax_precision" name="test_native_fp32_shapes[original_order-None-3-none]" time="0.681" /><testcase classname="repo.test.test_triton_graph_softmax_precision" name="test_native_fp32_shapes[original_order-None-3-scalar]" time="1.300" /><testcase classname="repo.test.test_triton_graph_softmax_precision" name="test_native_fp32_shapes[original_order-None-3-head]" time="1.112" /><testcase classname="repo.test.test_triton_graph_softmax_precision" name="test_native_fp32_shapes[original_order-None-3-row]" time="0.006" /><testcase classname="repo.test.test_triton_graph_softmax_precision" name="test_native_fp32_shapes[original_order-None-3-edge]" time="1.077" /><testcase classname="repo.test.test_triton_graph_softmax_precision" name="test_native_fp32_shapes[original_order-None-3-full]" time="0.731" /><testcase classname="repo.test.test_triton_graph_softmax_precision" name="test_native_fp32_shapes[original_order-None-8-none]" time="0.692" /><testcase classname="repo.test.test_triton_graph_softmax_precision" name="test_native_fp32_shapes[original_order-None-8-scalar]" time="1.278" /><testcase classname="repo.test.test_triton_graph_softmax_precision" name="test_native_fp32_shapes[original_order-None-8-head]" time="1.054" /><testcase classname="repo.test.test_triton_graph_softmax_precision" name="test_native_fp32_shapes[original_order-None-8-row]" time="0.006" /><testcase classname="repo.test.test_triton_graph_softmax_precision" name="test_native_fp32_shapes[original_order-None-8-edge]" time="1.054" /><testcase classname="repo.test.test_triton_graph_softmax_precision" name="test_native_fp32_shapes[original_order-None-8-full]" time="0.716" /><testcase classname="repo.test.test_triton_graph_softmax_precision" name="test_native_fp32_shapes[original_order-None-17-none]" time="1.753" /><testcase classname="repo.test.test_triton_graph_softmax_precision" name="test_native_fp32_shapes[original_order-None-17-scalar]" time="2.950" /><testcase classname="repo.test.test_triton_graph_softmax_precision" name="test_native_fp32_shapes[original_order-None-17-head]" time="1.048" /><testcase classname="repo.test.test_triton_graph_softmax_precision" name="test_native_fp32_shapes[original_order-None-17-row]" time="0.006" /><testcase classname="repo.test.test_triton_graph_softmax_precision" name="test_native_fp32_shapes[original_order-None-17-edge]" time="1.051" /><testcase classname="repo.test.test_triton_graph_softmax_precision" name="test_native_fp32_shapes[original_order-None-17-full]" time="0.739" /><testcase classname="repo.test.test_triton_graph_softmax_precision" name="test_native_fp32_shapes[original_order-3.0-1-none]" time="0.746" /><testcase classname="repo.test.test_triton_graph_softmax_precision" name="test_native_fp32_shapes[original_order-3.0-1-scalar]" time="0.807" /><testcase classname="repo.test.test_triton_graph_softmax_precision" name="test_native_fp32_shapes[original_order-3.0-1-head]" time="0.764" /><testcase classname="repo.test.test_triton_graph_softmax_precision" name="test_native_fp32_shapes[original_order-3.0-1-row]" time="0.006" /><testcase classname="repo.test.test_triton_graph_softmax_precision" name="test_native_fp32_shapes[original_order-3.0-1-edge]" time="0.818" /><testcase classname="repo.test.test_triton_graph_softmax_precision" name="test_native_fp32_shapes[original_order-3.0-1-full]" time="0.007" /><testcase classname="repo.test.test_triton_graph_softmax_precision" name="test_native_fp32_shapes[original_order-3.0-3-none]" time="0.776" /><testcase classname="repo.test.test_triton_graph_softmax_precision" name="test_native_fp32_shapes[original_order-3.0-3-scalar]" time="0.855" /><testcase classname="repo.test.test_triton_graph_softmax_precision" name="test_native_fp32_shapes[original_order-3.0-3-head]" time="0.808" /><testcase classname="repo.test.test_triton_graph_softmax_precision" name="test_native_fp32_shapes[original_order-3.0-3-row]" time="0.006" /><testcase classname="repo.test.test_triton_graph_softmax_precision" name="test_native_fp32_shapes[original_order-3.0-3-edge]" time="0.926" /><testcase classname="repo.test.test_triton_graph_softmax_precision" name="test_native_fp32_shapes[original_order-3.0-3-full]" time="0.769" /><testcase classname="repo.test.test_triton_graph_softmax_precision" name="test_native_fp32_shapes[original_order-3.0-8-none]" time="0.755" /><testcase classname="repo.test.test_triton_graph_softmax_precision" name="test_native_fp32_shapes[original_order-3.0-8-scalar]" time="0.882" /><testcase classname="repo.test.test_triton_graph_softmax_precision" name="test_native_fp32_shapes[original_order-3.0-8-head]" time="0.783" /><testcase classname="repo.test.test_triton_graph_softmax_precision" name="test_native_fp32_shapes[original_order-3.0-8-row]" time="0.006" /><testcase classname="repo.test.test_triton_graph_softmax_precision" name="test_native_fp32_shapes[original_order-3.0-8-edge]" time="0.888" /><testcase classname="repo.test.test_triton_graph_softmax_precision" name="test_native_fp32_shapes[original_order-3.0-8-full]" time="0.829" /><testcase classname="repo.test.test_triton_graph_softmax_precision" name="test_native_fp32_shapes[original_order-3.0-17-none]" time="0.735" /><testcase classname="repo.test.test_triton_graph_softmax_precision" name="test_native_fp32_shapes[original_order-3.0-17-scalar]" time="0.820" /><testcase classname="repo.test.test_triton_graph_softmax_precision" name="test_native_fp32_shapes[original_order-3.0-17-head]" time="0.826" /><testcase classname="repo.test.test_triton_graph_softmax_precision" name="test_native_fp32_shapes[original_order-3.0-17-row]" time="0.006" /><testcase classname="repo.test.test_triton_graph_softmax_precision" name="test_native_fp32_shapes[original_order-3.0-17-edge]" time="0.885" /><testcase classname="repo.test.test_triton_graph_softmax_precision" name="test_native_fp32_shapes[original_order-3.0-17-full]" time="0.768" /><testcase classname="repo.test.test_triton_graph_softmax_precision" name="test_native_fp32_shapes[node_sorted-None-1-none]" time="1.137" /><testcase classname="repo.test.test_triton_graph_softmax_precision" name="test_native_fp32_shapes[node_sorted-None-1-scalar]" time="0.814" /><testcase classname="repo.test.test_triton_graph_softmax_precision" name="test_native_fp32_shapes[node_sorted-None-1-head]" time="0.807" /><testcase classname="repo.test.test_triton_graph_softmax_precision" name="test_native_fp32_shapes[node_sorted-None-1-row]" time="0.007" /><testcase classname="repo.test.test_triton_graph_softmax_precision" name="test_native_fp32_shapes[node_sorted-None-1-edge]" time="0.733" /><testcase classname="repo.test.test_triton_graph_softmax_precision" name="test_native_fp32_shapes[node_sorted-None-1-full]" time="0.007" /><testcase classname="repo.test.test_triton_graph_softmax_precision" name="test_native_fp32_shapes[node_sorted-None-3-none]" time="0.889" /><testcase classname="repo.test.test_triton_graph_softmax_precision" name="test_native_fp32_shapes[node_sorted-None-3-scalar]" time="0.730" /><testcase classname="repo.test.test_triton_graph_softmax_precision" name="test_native_fp32_shapes[node_sorted-None-3-head]" time="0.671" /><testcase classname="repo.test.test_triton_graph_softmax_precision" name="test_native_fp32_shapes[node_sorted-None-3-row]" time="0.007" /><testcase classname="repo.test.test_triton_graph_softmax_precision" name="test_native_fp32_shapes[node_sorted-None-3-edge]" time="0.739" /><testcase classname="repo.test.test_triton_graph_softmax_precision" name="test_native_fp32_shapes[node_sorted-None-3-full]" time="0.660" /><testcase classname="repo.test.test_triton_graph_softmax_precision" name="test_native_fp32_shapes[node_sorted-None-8-none]" time="0.835" /><testcase classname="repo.test.test_triton_graph_softmax_precision" name="test_native_fp32_shapes[node_sorted-None-8-scalar]" time="0.752" /><testcase classname="repo.test.test_triton_graph_softmax_precision" name="test_native_fp32_shapes[node_sorted-None-8-head]" time="0.684" /><testcase classname="repo.test.test_triton_graph_softmax_precision" name="test_native_fp32_shapes[node_sorted-None-8-row]" time="0.007" /><testcase classname="repo.test.test_triton_graph_softmax_precision" name="test_native_fp32_shapes[node_sorted-None-8-edge]" time="0.729" /><testcase classname="repo.test.test_triton_graph_softmax_precision" name="test_native_fp32_shapes[node_sorted-None-8-full]" time="0.659" /><testcase classname="repo.test.test_triton_graph_softmax_precision" name="test_native_fp32_shapes[node_sorted-None-17-none]" time="0.900" /><testcase classname="repo.test.test_triton_graph_softmax_precision" name="test_native_fp32_shapes[node_sorted-None-17-scalar]" time="0.728" /><testcase classname="repo.test.test_triton_graph_softmax_precision" name="test_native_fp32_shapes[node_sorted-None-17-head]" time="0.678" /><testcase classname="repo.test.test_triton_graph_softmax_precision" name="test_native_fp32_shapes[node_sorted-None-17-row]" time="0.007" /><testcase classname="repo.test.test_triton_graph_softmax_precision" name="test_native_fp32_shapes[node_sorted-None-17-edge]" time="0.734" /><testcase classname="repo.test.test_triton_graph_softmax_precision" name="test_native_fp32_shapes[node_sorted-None-17-full]" time="0.662" /><testcase classname="repo.test.test_triton_graph_softmax_precision" name="test_native_fp32_shapes[node_sorted-3.0-1-none]" time="0.843" /><testcase classname="repo.test.test_triton_graph_softmax_precision" name="test_native_fp32_shapes[node_sorted-3.0-1-scalar]" time="0.840" /><testcase classname="repo.test.test_triton_graph_softmax_precision" name="test_native_fp32_shapes[node_sorted-3.0-1-head]" time="0.888" /><testcase classname="repo.test.test_triton_graph_softmax_precision" name="test_native_fp32_shapes[node_sorted-3.0-1-row]" time="0.007" /><testcase classname="repo.test.test_triton_graph_softmax_precision" name="test_native_fp32_shapes[node_sorted-3.0-1-edge]" time="0.801" /><testcase classname="repo.test.test_triton_graph_softmax_precision" name="test_native_fp32_shapes[node_sorted-3.0-1-full]" time="0.007" /><testcase classname="repo.test.test_triton_graph_softmax_precision" name="test_native_fp32_shapes[node_sorted-3.0-3-none]" time="0.675" /><testcase classname="repo.test.test_triton_graph_softmax_precision" name="test_native_fp32_shapes[node_sorted-3.0-3-scalar]" time="0.758" /><testcase classname="repo.test.test_triton_graph_softmax_precision" name="test_native_fp32_shapes[node_sorted-3.0-3-head]" time="0.717" /><testcase classname="repo.test.test_triton_graph_softmax_precision" name="test_native_fp32_shapes[node_sorted-3.0-3-row]" time="0.008" /><testcase classname="repo.test.test_triton_graph_softmax_precision" name="test_native_fp32_shapes[node_sorted-3.0-3-edge]" time="0.772" /><testcase classname="repo.test.test_triton_graph_softmax_precision" name="test_native_fp32_shapes[node_sorted-3.0-3-full]" time="0.692" /><testcase classname="repo.test.test_triton_graph_softmax_precision" name="test_native_fp32_shapes[node_sorted-3.0-8-none]" time="0.677" /><testcase classname="repo.test.test_triton_graph_softmax_precision" name="test_native_fp32_shapes[node_sorted-3.0-8-scalar]" time="0.781" /><testcase classname="repo.test.test_triton_graph_softmax_precision" name="test_native_fp32_shapes[node_sorted-3.0-8-head]" time="0.711" /><testcase classname="repo.test.test_triton_graph_softmax_precision" name="test_native_fp32_shapes[node_sorted-3.0-8-row]" time="0.007" /><testcase classname="repo.test.test_triton_graph_softmax_precision" name="test_native_fp32_shapes[node_sorted-3.0-8-edge]" time="0.787" /><testcase classname="repo.test.test_triton_graph_softmax_precision" name="test_native_fp32_shapes[node_sorted-3.0-8-full]" time="0.690" /><testcase classname="repo.test.test_triton_graph_softmax_precision" name="test_native_fp32_shapes[node_sorted-3.0-17-none]" time="0.671" /><testcase classname="repo.test.test_triton_graph_softmax_precision" name="test_native_fp32_shapes[node_sorted-3.0-17-scalar]" time="0.767" /><testcase classname="repo.test.test_triton_graph_softmax_precision" name="test_native_fp32_shapes[node_sorted-3.0-17-head]" time="0.721" /><testcase classname="repo.test.test_triton_graph_softmax_precision" name="test_native_fp32_shapes[node_sorted-3.0-17-row]" time="0.007" /><testcase classname="repo.test.test_triton_graph_softmax_precision" name="test_native_fp32_shapes[node_sorted-3.0-17-edge]" time="0.760" /><testcase classname="repo.test.test_triton_graph_softmax_precision" name="test_native_fp32_shapes[node_sorted-3.0-17-full]" time="0.707" /><testcase classname="repo.test.test_triton_graph_softmax_precision" name="test_native_fp32_default_eps_dropout[original_order-0.0-index-none]" time="0.734" /><testcase classname="repo.test.test_triton_graph_softmax_precision" name="test_native_fp32_default_eps_dropout[original_order-0.0-index-edge]" time="0.889" /><testcase classname="repo.test.test_triton_graph_softmax_precision" name="test_native_fp32_default_eps_dropout[original_order-0.0-index-full]" time="0.967" /><testcase classname="repo.test.test_triton_graph_softmax_precision" name="test_native_fp32_default_eps_dropout[original_order-0.0-ptr-none]" time="0.748" /><testcase classname="repo.test.test_triton_graph_softmax_precision" name="test_native_fp32_default_eps_dropout[original_order-0.0-ptr-edge]" time="0.778" /><testcase classname="repo.test.test_triton_graph_softmax_precision" name="test_native_fp32_default_eps_dropout[original_order-0.0-ptr-full]" time="0.814" /><testcase classname="repo.test.test_triton_graph_softmax_precision" name="test_native_fp32_default_eps_dropout[original_order-0.25-index-none]" time="0.881" /><testcase classname="repo.test.test_triton_graph_softmax_precision" name="test_native_fp32_default_eps_dropout[original_order-0.25-index-edge]" time="0.486" /><testcase classname="repo.test.test_triton_graph_softmax_precision" name="test_native_fp32_default_eps_dropout[original_order-0.25-index-full]" time="0.477" /><testcase classname="repo.test.test_triton_graph_softmax_precision" name="test_native_fp32_default_eps_dropout[original_order-0.25-ptr-none]" time="0.822" /><testcase classname="repo.test.test_triton_graph_softmax_precision" name="test_native_fp32_default_eps_dropout[original_order-0.25-ptr-edge]" time="0.440" /><testcase classname="repo.test.test_triton_graph_softmax_precision" name="test_native_fp32_default_eps_dropout[original_order-0.25-ptr-full]" time="0.457" /><testcase classname="repo.test.test_triton_graph_softmax_precision" name="test_native_fp32_default_eps_dropout[original_order-1.0-index-none]" time="0.634" /><testcase classname="repo.test.test_triton_graph_softmax_precision" name="test_native_fp32_default_eps_dropout[original_order-1.0-index-edge]" time="0.351" /><testcase classname="repo.test.test_triton_graph_softmax_precision" name="test_native_fp32_default_eps_dropout[original_order-1.0-index-full]" time="0.362" /><testcase classname="repo.test.test_triton_graph_softmax_precision" name="test_native_fp32_default_eps_dropout[original_order-1.0-ptr-none]" time="0.587" /><testcase classname="repo.test.test_triton_graph_softmax_precision" name="test_native_fp32_default_eps_dropout[original_order-1.0-ptr-edge]" time="0.323" /><testcase classname="repo.test.test_triton_graph_softmax_precision" name="test_native_fp32_default_eps_dropout[original_order-1.0-ptr-full]" time="0.343" /><testcase classname="repo.test.test_triton_graph_softmax_precision" name="test_native_fp32_default_eps_dropout[node_sorted-0.0-index-none]" time="0.318" /><testcase classname="repo.test.test_triton_graph_softmax_precision" name="test_native_fp32_default_eps_dropout[node_sorted-0.0-index-edge]" time="0.328" /><testcase classname="repo.test.test_triton_graph_softmax_precision" name="test_native_fp32_default_eps_dropout[node_sorted-0.0-index-full]" time="0.718" /><testcase classname="repo.test.test_triton_graph_softmax_precision" name="test_native_fp32_default_eps_dropout[node_sorted-0.0-ptr-none]" time="0.007" /><testcase classname="repo.test.test_triton_graph_softmax_precision" name="test_native_fp32_default_eps_dropout[node_sorted-0.0-ptr-edge]" time="0.007" /><testcase classname="repo.test.test_triton_graph_softmax_precision" name="test_native_fp32_default_eps_dropout[node_sorted-0.0-ptr-full]" time="0.006" /><testcase classname="repo.test.test_triton_graph_softmax_precision" name="test_native_fp32_default_eps_dropout[node_sorted-0.25-index-none]" time="0.879" /><testcase classname="repo.test.test_triton_graph_softmax_precision" name="test_native_fp32_default_eps_dropout[node_sorted-0.25-index-edge]" time="0.465" /><testcase classname="repo.test.test_triton_graph_softmax_precision" name="test_native_fp32_default_eps_dropout[node_sorted-0.25-index-full]" time="0.459" /><testcase classname="repo.test.test_triton_graph_softmax_precision" name="test_native_fp32_default_eps_dropout[node_sorted-0.25-ptr-none]" time="0.007" /><testcase classname="repo.test.test_triton_graph_softmax_precision" name="test_native_fp32_default_eps_dropout[node_sorted-0.25-ptr-edge]" time="0.007" /><testcase classname="repo.test.test_triton_graph_softmax_precision" name="test_native_fp32_default_eps_dropout[node_sorted-0.25-ptr-full]" time="0.007" /><testcase classname="repo.test.test_triton_graph_softmax_precision" name="test_native_fp32_default_eps_dropout[node_sorted-1.0-index-none]" time="0.588" /><testcase classname="repo.test.test_triton_graph_softmax_precision" name="test_native_fp32_default_eps_dropout[node_sorted-1.0-index-edge]" time="0.322" /><testcase classname="repo.test.test_triton_graph_softmax_precision" name="test_native_fp32_default_eps_dropout[node_sorted-1.0-index-full]" time="0.317" /><testcase classname="repo.test.test_triton_graph_softmax_precision" name="test_native_fp32_default_eps_dropout[node_sorted-1.0-ptr-none]" time="0.006" /><testcase classname="repo.test.test_triton_graph_softmax_precision" name="test_native_fp32_default_eps_dropout[node_sorted-1.0-ptr-edge]" time="0.007" /><testcase classname="repo.test.test_triton_graph_softmax_precision" name="test_native_fp32_default_eps_dropout[node_sorted-1.0-ptr-full]" time="0.006" /><testcase classname="repo.test.test_triton_graph_softmax_precision" name="test_native_fp32_shared_dropout[original_order-0.25-scalar]" time="0.464" /><testcase classname="repo.test.test_triton_graph_softmax_precision" name="test_native_fp32_shared_dropout[original_order-0.25-head]" time="0.451" /><testcase classname="repo.test.test_triton_graph_softmax_precision" name="test_native_fp32_shared_dropout[original_order-0.25-row]" time="0.006" /><testcase classname="repo.test.test_triton_graph_softmax_precision" name="test_native_fp32_shared_dropout[original_order-1.0-scalar]" time="0.336" /><testcase classname="repo.test.test_triton_graph_softmax_precision" name="test_native_fp32_shared_dropout[original_order-1.0-head]" time="0.338" /><testcase classname="repo.test.test_triton_graph_softmax_precision" name="test_native_fp32_shared_dropout[original_order-1.0-row]" time="0.006" /><testcase classname="repo.test.test_triton_graph_softmax_precision" name="test_native_fp32_shared_dropout[node_sorted-0.25-scalar]" time="0.470" /><testcase classname="repo.test.test_triton_graph_softmax_precision" name="test_native_fp32_shared_dropout[node_sorted-0.25-head]" time="0.460" /><testcase classname="repo.test.test_triton_graph_softmax_precision" name="test_native_fp32_shared_dropout[node_sorted-0.25-row]" time="0.008" /><testcase classname="repo.test.test_triton_graph_softmax_precision" name="test_native_fp32_shared_dropout[node_sorted-1.0-scalar]" time="0.326" /><testcase classname="repo.test.test_triton_graph_softmax_precision" name="test_native_fp32_shared_dropout[node_sorted-1.0-head]" time="0.347" /><testcase classname="repo.test.test_triton_graph_softmax_precision" name="test_native_fp32_shared_dropout[node_sorted-1.0-row]" time="0.008" /><testcase classname="repo.test.test_triton_graph_softmax_precision" name="test_requested_gradient_subset[original_order-scalar-x]" time="0.513" /><testcase classname="repo.test.test_triton_graph_softmax_precision" name="test_requested_gradient_subset[original_order-scalar-r]" time="0.344" /><testcase classname="repo.test.test_triton_graph_softmax_precision" name="test_requested_gradient_subset[original_order-head-x]" time="0.417" /><testcase classname="repo.test.test_triton_graph_softmax_precision" name="test_requested_gradient_subset[original_order-head-r]" time="0.262" /><testcase classname="repo.test.test_triton_graph_softmax_precision" name="test_requested_gradient_subset[original_order-edge-x]" time="0.525" /><testcase classname="repo.test.test_triton_graph_softmax_precision" name="test_requested_gradient_subset[original_order-edge-r]" time="0.516" /><testcase classname="repo.test.test_triton_graph_softmax_precision" name="test_requested_gradient_subset[original_order-full-x]" time="0.435" /><testcase classname="repo.test.test_triton_graph_softmax_precision" name="test_requested_gradient_subset[original_order-full-r]" time="0.418" /><testcase classname="repo.test.test_triton_graph_softmax_precision" name="test_requested_gradient_subset[node_sorted-scalar-x]" time="0.435" /><testcase classname="repo.test.test_triton_graph_softmax_precision" name="test_requested_gradient_subset[node_sorted-scalar-r]" time="0.262" /><testcase classname="repo.test.test_triton_graph_softmax_precision" name="test_requested_gradient_subset[node_sorted-head-x]" time="0.380" /><testcase classname="repo.test.test_triton_graph_softmax_precision" name="test_requested_gradient_subset[node_sorted-head-r]" time="0.271" /><testcase classname="repo.test.test_triton_graph_softmax_precision" name="test_requested_gradient_subset[node_sorted-edge-x]" time="0.452" /><testcase classname="repo.test.test_triton_graph_softmax_precision" name="test_requested_gradient_subset[node_sorted-edge-r]" time="0.437" /><testcase classname="repo.test.test_triton_graph_softmax_precision" name="test_requested_gradient_subset[node_sorted-full-x]" time="0.386" /><testcase classname="repo.test.test_triton_graph_softmax_precision" name="test_requested_gradient_subset[node_sorted-full-r]" time="0.368" /><testcase classname="repo.test.test_triton_graph_softmax_precision" name="test_head_tiles_and_reduction_tail[original_order-3-1]" time="1.047" /><testcase classname="repo.test.test_triton_graph_softmax_precision" name="test_head_tiles_and_reduction_tail[original_order-3-4]" time="0.832" /><testcase classname="repo.test.test_triton_graph_softmax_precision" name="test_head_tiles_and_reduction_tail[original_order-17-4]" time="0.839" /><testcase classname="repo.test.test_triton_graph_softmax_precision" name="test_head_tiles_and_reduction_tail[original_order-33-8]" time="1.122" /><testcase classname="repo.test.test_triton_graph_softmax_precision" name="test_head_tiles_and_reduction_tail[original_order-300-32]" time="1.093" /><testcase classname="repo.test.test_triton_graph_softmax_precision" name="test_head_tiles_and_reduction_tail[node_sorted-3-1]" time="0.821" /><testcase classname="repo.test.test_triton_graph_softmax_precision" name="test_head_tiles_and_reduction_tail[node_sorted-3-4]" time="0.718" /><testcase classname="repo.test.test_triton_graph_softmax_precision" name="test_head_tiles_and_reduction_tail[node_sorted-17-4]" time="0.730" /><testcase classname="repo.test.test_triton_graph_softmax_precision" name="test_head_tiles_and_reduction_tail[node_sorted-33-8]" time="1.011" /><testcase classname="repo.test.test_triton_graph_softmax_precision" name="test_head_tiles_and_reduction_tail[node_sorted-300-32]" time="0.906" /><testcase classname="repo.test.test_triton_graph_softmax_precision" name="test_expanded_input_has_distinct_gradients[original_order]" time="0.416" /><testcase classname="repo.test.test_triton_graph_softmax_precision" name="test_expanded_input_has_distinct_gradients[node_sorted]" time="0.006" /><testcase classname="repo.test.test_triton_graph_softmax_precision" name="test_archived_shared_cancellation_analytic[original_order-h100]" time="0.870" /><testcase classname="repo.test.test_triton_graph_softmax_precision" name="test_archived_shared_cancellation_analytic[original_order-hygon]" time="0.011" /><testcase classname="repo.test.test_triton_graph_softmax_precision" name="test_archived_shared_cancellation_analytic[node_sorted-h100]" time="0.780" /><testcase classname="repo.test.test_triton_graph_softmax_precision" name="test_archived_shared_cancellation_analytic[node_sorted-hygon]" time="0.010" /><testcase classname="repo.test.test_triton_graph_softmax_precision" name="test_single_neighbor_small_rescale_analytic[original_order-edge-0.01]" time="1.348" /><testcase classname="repo.test.test_triton_graph_softmax_precision" name="test_single_neighbor_small_rescale_analytic[original_order-edge-0.0001]" time="0.006" /><testcase classname="repo.test.test_triton_graph_softmax_precision" name="test_single_neighbor_small_rescale_analytic[original_order-edge-1e-06]" time="0.006" /><testcase classname="repo.test.test_triton_graph_softmax_precision" name="test_single_neighbor_small_rescale_analytic[original_order-full-0.01]" time="0.858" /><testcase classname="repo.test.test_triton_graph_softmax_precision" name="test_single_neighbor_small_rescale_analytic[original_order-full-0.0001]" time="0.006" /><testcase classname="repo.test.test_triton_graph_softmax_precision" name="test_single_neighbor_small_rescale_analytic[original_order-full-1e-06]" time="0.006" /><testcase classname="repo.test.test_triton_graph_softmax_precision" name="test_single_neighbor_small_rescale_analytic[node_sorted-edge-0.01]" time="1.123" /><testcase classname="repo.test.test_triton_graph_softmax_precision" name="test_single_neighbor_small_rescale_analytic[node_sorted-edge-0.0001]" time="0.007" /><testcase classname="repo.test.test_triton_graph_softmax_precision" name="test_single_neighbor_small_rescale_analytic[node_sorted-edge-1e-06]" time="0.006" /><testcase classname="repo.test.test_triton_graph_softmax_precision" name="test_single_neighbor_small_rescale_analytic[node_sorted-full-0.01]" time="0.693" /><testcase classname="repo.test.test_triton_graph_softmax_precision" name="test_single_neighbor_small_rescale_analytic[node_sorted-full-0.0001]" time="0.007" /><testcase classname="repo.test.test_triton_graph_softmax_precision" name="test_single_neighbor_small_rescale_analytic[node_sorted-full-1e-06]" time="0.006" /><testcase classname="repo.test.test_triton_graph_softmax_precision" name="test_shared_zero_rescale_reduction_levels[original_order-1]" time="1.199" /><testcase classname="repo.test.test_triton_graph_softmax_precision" name="test_shared_zero_rescale_reduction_levels[original_order-17]" time="0.005" /><testcase classname="repo.test.test_triton_graph_softmax_precision" name="test_shared_zero_rescale_reduction_levels[original_order-257]" time="0.609" /><testcase classname="repo.test.test_triton_graph_softmax_precision" name="test_shared_zero_rescale_reduction_levels[original_order-65537]" time="0.345" /><testcase classname="repo.test.test_triton_graph_softmax_precision" name="test_shared_zero_rescale_reduction_levels[node_sorted-1]" time="0.944" /><testcase classname="repo.test.test_triton_graph_softmax_precision" name="test_shared_zero_rescale_reduction_levels[node_sorted-17]" time="0.242" /><testcase classname="repo.test.test_triton_graph_softmax_precision" name="test_shared_zero_rescale_reduction_levels[node_sorted-257]" time="0.252" /><testcase classname="repo.test.test_triton_graph_softmax_precision" name="test_shared_zero_rescale_reduction_levels[node_sorted-65537]" time="0.270" /><testcase classname="repo.test.test_triton_graph_softmax_precision" name="test_backward_does_not_use_torch_reductions[original_order]" time="0.868" /><testcase classname="repo.test.test_triton_graph_softmax_precision" name="test_backward_does_not_use_torch_reductions[node_sorted]" time="0.619" /><testcase classname="repo.test.test_triton_graph_edge_layout" name="test_permutation_roundtrip_and_gradient[shape0]" time="0.003" /><testcase classname="repo.test.test_triton_graph_edge_layout" name="test_permutation_roundtrip_and_gradient[shape1]" time="0.003" /><testcase classname="repo.test.test_triton_graph_edge_layout" name="test_permutation_roundtrip_and_gradient[shape2]" time="0.003" /><testcase classname="repo.test.test_triton_graph_edge_layout" name="test_permutation_roundtrip_and_gradient[shape3]" time="0.250" /><testcase classname="repo.test.test_triton_graph_edge_layout" name="test_topology_change_rejected" time="0.003" /><testcase classname="repo.test.test_triton_graph_edge_layout" name="test_edge_metadata_alignment" time="0.196" /><testcase classname="repo.test.test_triton_graph_edge_layout" name="test_same_seed_mask_output_and_gradients[head-0.0]" time="1.395" /><testcase classname="repo.test.test_triton_graph_edge_layout" name="test_same_seed_mask_output_and_gradients[head-0.25]" time="0.868" /><testcase classname="repo.test.test_triton_graph_edge_layout" name="test_same_seed_mask_output_and_gradients[head-1.0]" time="0.613" /><testcase classname="repo.test.test_triton_graph_edge_layout" name="test_same_seed_mask_output_and_gradients[edge-0.0]" time="1.764" /><testcase classname="repo.test.test_triton_graph_edge_layout" name="test_same_seed_mask_output_and_gradients[edge-0.25]" time="0.903" /><testcase classname="repo.test.test_triton_graph_edge_layout" name="test_same_seed_mask_output_and_gradients[edge-1.0]" time="0.660" /><testcase classname="repo.test.test_triton_graph_edge_layout" name="test_same_seed_mask_output_and_gradients[full-0.0]" time="1.403" /><testcase classname="repo.test.test_triton_graph_edge_layout" name="test_same_seed_mask_output_and_gradients[full-0.25]" time="0.890" /><testcase classname="repo.test.test_triton_graph_edge_layout" name="test_same_seed_mask_output_and_gradients[full-1.0]" time="0.630" /><testcase classname="repo.test.test_triton_graph_edge_layout" name="test_pack_gradient_uses_permutation_not_atomic_index_add" time="0.003" /><testcase classname="repo.test.test_triton_graph_edge_layout" name="test_attention_messages_keep_same_edge_alignment" time="2.667" /></testsuite></testsuites>