<?xml version="1.0" encoding="utf-8"?><testsuites name="pytest tests"><testsuite name="pytest" errors="0" failures="0" skipped="0" tests="218" time="167.324" timestamp="2026-09-16T09:31:04.717816+08:00" hostname="a14r1n09"><testcase classname="test.test_triton_equivariant_layer_norm" name="test_default_source_equations[shape0-per_degree-NKC]" time="0.904" /><testcase classname="test.test_triton_equivariant_layer_norm" name="test_default_source_equations[shape0-per_degree-KNC]" time="0.007" /><testcase classname="test.test_triton_equivariant_layer_norm" name="test_default_source_equations[shape0-scalar_high-NKC]" time="0.510" /><testcase classname="test.test_triton_equivariant_layer_norm" name="test_default_source_equations[shape0-scalar_high-KNC]" time="0.006" /><testcase classname="test.test_triton_equivariant_layer_norm" name="test_default_source_equations[shape1-per_degree-NKC]" time="0.809" /><testcase classname="test.test_triton_equivariant_layer_norm" name="test_default_source_equations[shape1-per_degree-KNC]" time="0.735" /><testcase classname="test.test_triton_equivariant_layer_norm" name="test_default_source_equations[shape1-scalar_high-NKC]" time="0.701" /><testcase classname="test.test_triton_equivariant_layer_norm" name="test_default_source_equations[shape1-scalar_high-KNC]" time="0.700" /><testcase classname="test.test_triton_equivariant_layer_norm" name="test_default_source_equations[shape2-per_degree-NKC]" time="1.153" /><testcase classname="test.test_triton_equivariant_layer_norm" name="test_default_source_equations[shape2-per_degree-KNC]" time="1.152" /><testcase classname="test.test_triton_equivariant_layer_norm" name="test_default_source_equations[shape2-scalar_high-NKC]" time="0.923" /><testcase classname="test.test_triton_equivariant_layer_norm" name="test_default_source_equations[shape2-scalar_high-KNC]" time="0.928" /><testcase classname="test.test_triton_equivariant_layer_norm" name="test_nondefault_source_options[per_degree-norm-True-NKC]" time="0.702" /><testcase classname="test.test_triton_equivariant_layer_norm" name="test_nondefault_source_options[per_degree-norm-True-KNC]" time="0.696" /><testcase classname="test.test_triton_equivariant_layer_norm" name="test_nondefault_source_options[scalar_high-component-True-NKC]" time="0.647" /><testcase classname="test.test_triton_equivariant_layer_norm" name="test_nondefault_source_options[scalar_high-component-True-KNC]" time="0.666" /><testcase classname="test.test_triton_equivariant_layer_norm" name="test_nondefault_source_options[scalar_high-norm-True-NKC]" time="0.007" /><testcase classname="test.test_triton_equivariant_layer_norm" name="test_nondefault_source_options[scalar_high-norm-True-KNC]" time="0.006" /><testcase classname="test.test_triton_equivariant_layer_norm" name="test_strided_affine_parameters[packed-NKC]" time="0.763" /><testcase classname="test.test_triton_equivariant_layer_norm" name="test_strided_affine_parameters[packed-KNC]" time="0.767" /><testcase classname="test.test_triton_equivariant_layer_norm" name="test_strided_affine_parameters[split-NKC]" time="0.783" /><testcase classname="test.test_triton_equivariant_layer_norm" name="test_strided_affine_parameters[split-KNC]" time="0.795" /><testcase classname="test.test_triton_equivariant_layer_norm" name="test_strided_affine_parameters[bias_only-NKC]" time="0.718" /><testcase classname="test.test_triton_equivariant_layer_norm" name="test_strided_affine_parameters[bias_only-KNC]" time="0.730" /><testcase classname="test.test_triton_equivariant_layer_norm" name="test_finite_pathologies[per_degree]" time="0.011" /><testcase classname="test.test_triton_equivariant_layer_norm" name="test_finite_pathologies[scalar_high]" time="0.318" /><testcase classname="test.test_triton_equivariant_layer_norm" name="test_nonfinite_values_do_not_leak_between_groups[nan-per_degree]" time="0.011" /><testcase classname="test.test_triton_equivariant_layer_norm" name="test_nonfinite_values_do_not_leak_between_groups[nan-scalar_high]" time="0.322" /><testcase classname="test.test_triton_equivariant_layer_norm" name="test_nonfinite_values_do_not_leak_between_groups[square_overflow-per_degree]" time="0.007" /><testcase classname="test.test_triton_equivariant_layer_norm" name="test_nonfinite_values_do_not_leak_between_groups[square_overflow-scalar_high]" time="0.007" /><testcase classname="test.test_triton_equivariant_layer_norm" name="test_custom_partition_uses_shared_kernel[NKC-channels_first]" time="1.060" /><testcase classname="test.test_triton_equivariant_layer_norm" name="test_custom_partition_uses_shared_kernel[NKC-components_first]" time="0.593" /><testcase classname="test.test_triton_equivariant_layer_norm" name="test_custom_partition_uses_shared_kernel[KNC-channels_first]" time="1.064" /><testcase classname="test.test_triton_equivariant_layer_norm" name="test_custom_partition_uses_shared_kernel[KNC-components_first]" time="0.606" /><testcase classname="test.test_triton_equivariant_layer_norm" name="test_empty_batch_and_live_weights[per_degree]" time="0.365" /><testcase classname="test.test_triton_equivariant_layer_norm" name="test_empty_batch_and_live_weights[scalar_high]" time="0.329" /><testcase classname="test.test_triton_equivariant_layer_norm" name="test_orthogonal_equivariance[per_degree]" time="2.688" /><testcase classname="test.test_triton_equivariant_layer_norm" name="test_orthogonal_equivariance[scalar_high]" time="0.355" /><testcase classname="test.test_triton_equivariant_layer_norm" name="test_input_guards_and_grad_dispatch" time="0.722" /><testcase classname="test.test_triton_equivariant_layer_norm" name="test_cpu_reference_and_spec[per_degree]" time="0.005" /><testcase classname="test.test_triton_equivariant_layer_norm" name="test_cpu_reference_and_spec[scalar_high]" time="0.005" /><testcase classname="test.test_triton_equivariant_layer_norm" name="test_invalid_spec[kwargs0]" time="0.002" /><testcase classname="test.test_triton_equivariant_layer_norm" name="test_invalid_spec[kwargs1]" time="0.002" /><testcase classname="test.test_triton_equivariant_layer_norm" name="test_invalid_spec[kwargs2]" time="0.002" /><testcase classname="test.test_triton_equivariant_layer_norm" name="test_invalid_spec[kwargs3]" time="0.002" /><testcase classname="test.test_triton_equivariant_layer_norm" name="test_invalid_spec[kwargs4]" time="0.002" /><testcase classname="test.test_triton_equivariant_layer_norm" name="test_invalid_spec[kwargs5]" time="0.002" /><testcase classname="test.test_triton_equivariant_layer_norm" name="test_invalid_spec[kwargs6]" time="0.002" /><testcase classname="test.test_triton_equivariant_layer_norm" name="test_invalid_spec[kwargs7]" time="0.002" /><testcase classname="test.test_triton_equivariant_layer_norm" name="test_unsupported_gpu_partition_is_rejected_before_allocation" time="0.002" /><testcase classname="test.test_triton_equivariant_layer_norm" name="test_public_package_exports" time="0.002" /><testcase classname="test.test_triton_equivariant_layer_norm" name="test_optional_original_source[V3-EquivariantLayerNorm]" time="0.010" /><testcase classname="test.test_triton_equivariant_layer_norm" name="test_optional_original_source[V3-EquivariantSeparableLayerNorm]" time="1.447" /><testcase classname="test.test_triton_equivariant_layer_norm" name="test_optional_original_source[V2-EquivariantLayerNormArraySphericalHarmonics]" time="0.843" /><testcase classname="test.test_triton_equivariant_layer_norm" name="test_default_preset_is_per_degree" time="0.002" /><testcase classname="test.test_triton_equivariant_layer_norm" name="test_out_of_scope_source_is_rejected_before_allocation" time="0.002" /><testcase classname="test.test_triton_equivariant_layer_norm_backward" name="test_backward_matches_fp64_and_fp32_math[packed-0-1-per_degree-NKC]" time="1.775"><properties><property name="seed17/float64/dX/max_abs" value="0.0" /><property name="seed17/float64/dX/max_abs_over_ref_max" value="0.0" /><property name="seed17/float64/dgamma/max_abs" value="0.0" /><property name="seed17/float64/dgamma/max_abs_over_ref_max" value="0.0" /><property name="seed17/float64/dbeta/max_abs" value="0.0" /><property name="seed17/float64/dbeta/max_abs_over_ref_max" value="0.0" /><property name="seed17/float32/dX/max_abs" value="0.0" /><property name="seed17/float32/dX/max_abs_over_ref_max" value="0.0" /><property name="seed17/float32/dgamma/max_abs" value="0.0" /><property name="seed17/float32/dgamma/max_abs_over_ref_max" value="0.0" /><property name="seed17/float32/dbeta/max_abs" value="0.0" /><property name="seed17/float32/dbeta/max_abs_over_ref_max" value="0.0" /><property name="seed821/float64/dX/max_abs" value="0.0" /><property name="seed821/float64/dX/max_abs_over_ref_max" value="0.0" /><property name="seed821/float64/dgamma/max_abs" value="0.0" /><property name="seed821/float64/dgamma/max_abs_over_ref_max" value="0.0" /><property name="seed821/float64/dbeta/max_abs" value="5.4016709327697754e-08" /><property name="seed821/float64/dbeta/max_abs_over_ref_max" value="1.1983562203923653e-08" /><property name="seed821/float32/dX/max_abs" value="0.0" /><property name="seed821/float32/dX/max_abs_over_ref_max" value="0.0" /><property name="seed821/float32/dgamma/max_abs" value="0.0" /><property name="seed821/float32/dgamma/max_abs_over_ref_max" value="0.0" /><property name="seed821/float32/dbeta/max_abs" value="0.0" /><property name="seed821/float32/dbeta/max_abs_over_ref_max" value="0.0" /></properties></testcase><testcase classname="test.test_triton_equivariant_layer_norm_backward" name="test_backward_matches_fp64_and_fp32_math[packed-0-1-per_degree-KNC]" time="0.019"><properties><property name="seed17/float64/dX/max_abs" value="0.0" /><property name="seed17/float64/dX/max_abs_over_ref_max" value="0.0" /><property name="seed17/float64/dgamma/max_abs" value="0.0" /><property name="seed17/float64/dgamma/max_abs_over_ref_max" value="0.0" /><property name="seed17/float64/dbeta/max_abs" value="0.0" /><property name="seed17/float64/dbeta/max_abs_over_ref_max" value="0.0" /><property name="seed17/float32/dX/max_abs" value="0.0" /><property name="seed17/float32/dX/max_abs_over_ref_max" value="0.0" /><property name="seed17/float32/dgamma/max_abs" value="0.0" /><property name="seed17/float32/dgamma/max_abs_over_ref_max" value="0.0" /><property name="seed17/float32/dbeta/max_abs" value="0.0" /><property name="seed17/float32/dbeta/max_abs_over_ref_max" value="0.0" /><property name="seed821/float64/dX/max_abs" value="0.0" /><property name="seed821/float64/dX/max_abs_over_ref_max" value="0.0" /><property name="seed821/float64/dgamma/max_abs" value="0.0" /><property name="seed821/float64/dgamma/max_abs_over_ref_max" value="0.0" /><property name="seed821/float64/dbeta/max_abs" value="5.4016709327697754e-08" /><property name="seed821/float64/dbeta/max_abs_over_ref_max" value="1.1983562203923653e-08" /><property name="seed821/float32/dX/max_abs" value="0.0" /><property name="seed821/float32/dX/max_abs_over_ref_max" value="0.0" /><property name="seed821/float32/dgamma/max_abs" value="0.0" /><property name="seed821/float32/dgamma/max_abs_over_ref_max" value="0.0" /><property name="seed821/float32/dbeta/max_abs" value="0.0" /><property name="seed821/float32/dbeta/max_abs_over_ref_max" value="0.0" /></properties></testcase><testcase classname="test.test_triton_equivariant_layer_norm_backward" name="test_backward_matches_fp64_and_fp32_math[packed-0-1-scalar_high-NKC]" time="0.018"><properties><property name="seed17/float64/dX/max_abs" value="0.0" /><property name="seed17/float64/dX/max_abs_over_ref_max" value="0.0" /><property name="seed17/float64/dgamma/max_abs" value="0.0" /><property name="seed17/float64/dgamma/max_abs_over_ref_max" value="0.0" /><property name="seed17/float64/dbeta/max_abs" value="0.0" /><property name="seed17/float64/dbeta/max_abs_over_ref_max" value="0.0" /><property name="seed17/float32/dX/max_abs" value="0.0" /><property name="seed17/float32/dX/max_abs_over_ref_max" value="0.0" /><property name="seed17/float32/dgamma/max_abs" value="0.0" /><property name="seed17/float32/dgamma/max_abs_over_ref_max" value="0.0" /><property name="seed17/float32/dbeta/max_abs" value="0.0" /><property name="seed17/float32/dbeta/max_abs_over_ref_max" value="0.0" /><property name="seed821/float64/dX/max_abs" value="0.0" /><property name="seed821/float64/dX/max_abs_over_ref_max" value="0.0" /><property name="seed821/float64/dgamma/max_abs" value="0.0" /><property name="seed821/float64/dgamma/max_abs_over_ref_max" value="0.0" /><property name="seed821/float64/dbeta/max_abs" value="5.4016709327697754e-08" /><property name="seed821/float64/dbeta/max_abs_over_ref_max" value="1.1983562203923653e-08" /><property name="seed821/float32/dX/max_abs" value="0.0" /><property name="seed821/float32/dX/max_abs_over_ref_max" value="0.0" /><property name="seed821/float32/dgamma/max_abs" value="0.0" /><property name="seed821/float32/dgamma/max_abs_over_ref_max" value="0.0" /><property name="seed821/float32/dbeta/max_abs" value="0.0" /><property name="seed821/float32/dbeta/max_abs_over_ref_max" value="0.0" /></properties></testcase><testcase classname="test.test_triton_equivariant_layer_norm_backward" name="test_backward_matches_fp64_and_fp32_math[packed-0-1-scalar_high-KNC]" time="0.018"><properties><property name="seed17/float64/dX/max_abs" value="0.0" /><property name="seed17/float64/dX/max_abs_over_ref_max" value="0.0" /><property name="seed17/float64/dgamma/max_abs" value="0.0" /><property name="seed17/float64/dgamma/max_abs_over_ref_max" value="0.0" /><property name="seed17/float64/dbeta/max_abs" value="0.0" /><property name="seed17/float64/dbeta/max_abs_over_ref_max" value="0.0" /><property name="seed17/float32/dX/max_abs" value="0.0" /><property name="seed17/float32/dX/max_abs_over_ref_max" value="0.0" /><property name="seed17/float32/dgamma/max_abs" value="0.0" /><property name="seed17/float32/dgamma/max_abs_over_ref_max" value="0.0" /><property name="seed17/float32/dbeta/max_abs" value="0.0" /><property name="seed17/float32/dbeta/max_abs_over_ref_max" value="0.0" /><property name="seed821/float64/dX/max_abs" value="0.0" /><property name="seed821/float64/dX/max_abs_over_ref_max" value="0.0" /><property name="seed821/float64/dgamma/max_abs" value="0.0" /><property name="seed821/float64/dgamma/max_abs_over_ref_max" value="0.0" /><property name="seed821/float64/dbeta/max_abs" value="5.4016709327697754e-08" /><property name="seed821/float64/dbeta/max_abs_over_ref_max" value="1.1983562203923653e-08" /><property name="seed821/float32/dX/max_abs" value="0.0" /><property name="seed821/float32/dX/max_abs_over_ref_max" value="0.0" /><property name="seed821/float32/dgamma/max_abs" value="0.0" /><property name="seed821/float32/dgamma/max_abs_over_ref_max" value="0.0" /><property name="seed821/float32/dbeta/max_abs" value="0.0" /><property name="seed821/float32/dbeta/max_abs_over_ref_max" value="0.0" /></properties></testcase><testcase classname="test.test_triton_equivariant_layer_norm_backward" name="test_backward_matches_fp64_and_fp32_math[packed-2-7-per_degree-NKC]" time="1.584"><properties>
[...]
</properties></testcase><testcase classname="test.test_triton_equivariant_layer_norm_backward" name="test_backward_matches_fp64_and_fp32_math[packed-2-7-per_degree-KNC]" time="1.009"><properties>
[...]
</properties></testcase><testcase classname="test.test_triton_equivariant_layer_norm_backward" name="test_backward_matches_fp64_and_fp32_math[packed-2-7-scalar_high-NKC]" time="0.899"><properties>
[...]
</properties></testcase><testcase classname="test.test_triton_equivariant_layer_norm_backward" name="test_backward_matches_fp64_and_fp32_math[packed-2-7-scalar_high-KNC]" time="0.891"><properties>
[...]
</properties></testcase><testcase classname="test.test_triton_equivariant_layer_norm_backward" name="test_backward_matches_fp64_and_fp32_math[packed-4-33-per_degree-NKC]" time="2.862"><properties>
[...]
</properties></testcase><testcase classname="test.test_triton_equivariant_layer_norm_backward" name="test_backward_matches_fp64_and_fp32_math[packed-4-33-per_degree-KNC]" time="2.306"><properties>
[...]
</properties></testcase><testcase classname="test.test_triton_equivariant_layer_norm_backward" name="test_backward_matches_fp64_and_fp32_math[packed-4-33-scalar_high-NKC]" time="1.580"><properties>
[...]
</properties></testcase><testcase classname="test.test_triton_equivariant_layer_norm_backward" name="test_backward_matches_fp64_and_fp32_math[packed-4-33-scalar_high-KNC]" time="1.602"><properties>
[...]
</properties></testcase><testcase classname="test.test_triton_equivariant_layer_norm_backward" name="test_backward_matches_fp64_and_fp32_math[split-0-1-per_degree-NKC]" time="0.534"><properties><property name="seed17/float64/dX/max_abs" value="0.0" /><property name="seed17/float64/dX/max_abs_over_ref_max" value="0.0" /><property name="seed17/float64/dgamma_scalar/max_abs" value="0.0" /><property name="seed17/float64/dgamma_scalar/max_abs_over_ref_max" value="0.0" /><property name="seed17/float64/dbeta/max_abs" value="0.0" /><property name="seed17/float64/dbeta/max_abs_over_ref_max" value="0.0" /><property name="seed17/float32/dX/max_abs" value="0.0" /><property name="seed17/float32/dX/max_abs_over_ref_max" value="0.0" /><property name="seed17/float32/dgamma_scalar/max_abs" value="0.0" /><property name="seed17/float32/dgamma_scalar/max_abs_over_ref_max" value="0.0" /><property name="seed17/float32/dbeta/max_abs" value="0.0" /><property name="seed17/float32/dbeta/max_abs_over_ref_max" value="0.0" /><property name="seed821/float64/dX/max_abs" value="0.0" /><property name="seed821/float64/dX/max_abs_over_ref_max" value="0.0" /><property name="seed821/float64/dgamma_scalar/max_abs" value="0.0" /><property name="seed821/float64/dgamma_scalar/max_abs_over_ref_max" value="0.0" /><property name="seed821/float64/dbeta/max_abs" value="5.4016709327697754e-08" /><property name="seed821/float64/dbeta/max_abs_over_ref_max" value="1.1983562203923653e-08" /><property name="seed821/float32/dX/max_abs" value="0.0" /><property name="seed821/float32/dX/max_abs_over_ref_max" value="0.0" /><property name="seed821/float32/dgamma_scalar/max_abs" value="0.0" /><property name="seed821/float32/dgamma_scalar/max_abs_over_ref_max" value="0.0" /><property name="seed821/float32/dbeta/max_abs" value="0.0" /><property name="seed821/float32/dbeta/max_abs_over_ref_max" value="0.0" /></properties></testcase><testcase classname="test.test_triton_equivariant_layer_norm_backward" name="test_backward_matches_fp64_and_fp32_math[split-0-1-per_degree-KNC]" time="0.019"><properties><property name="seed17/float64/dX/max_abs" value="0.0" /><property name="seed17/float64/dX/max_abs_over_ref_max" value="0.0" /><property name="seed17/float64/dgamma_scalar/max_abs" value="0.0" /><property name="seed17/float64/dgamma_scalar/max_abs_over_ref_max" value="0.0" /><property name="seed17/float64/dbeta/max_abs" value="0.0" /><property name="seed17/float64/dbeta/max_abs_over_ref_max" value="0.0" /><property name="seed17/float32/dX/max_abs" value="0.0" /><property name="seed17/float32/dX/max_abs_over_ref_max" value="0.0" /><property name="seed17/float32/dgamma_scalar/max_abs" value="0.0" /><property name="seed17/float32/dgamma_scalar/max_abs_over_ref_max" value="0.0" /><property name="seed17/float32/dbeta/max_abs" value="0.0" /><property name="seed17/float32/dbeta/max_abs_over_ref_max" value="0.0" /><property name="seed821/float64/dX/max_abs" value="0.0" /><property name="seed821/float64/dX/max_abs_over_ref_max" value="0.0" /><property name="seed821/float64/dgamma_scalar/max_abs" value="0.0" /><property name="seed821/float64/dgamma_scalar/max_abs_over_ref_max" value="0.0" /><property name="seed821/float64/dbeta/max_abs" value="5.4016709327697754e-08" /><property name="seed821/float64/dbeta/max_abs_over_ref_max" value="1.1983562203923653e-08" /><property name="seed821/float32/dX/max_abs" value="0.0" /><property name="seed821/float32/dX/max_abs_over_ref_max" value="0.0" /><property name="seed821/float32/dgamma_scalar/max_abs" value="0.0" /><property name="seed821/float32/dgamma_scalar/max_abs_over_ref_max" value="0.0" /><property name="seed821/float32/dbeta/max_abs" value="0.0" /><property name="seed821/float32/dbeta/max_abs_over_ref_max" value="0.0" /></properties></testcase><testcase classname="test.test_triton_equivariant_layer_norm_backward" name="test_backward_matches_fp64_and_fp32_math[split-0-1-scalar_high-NKC]" time="0.018"><properties><property name="seed17/float64/dX/max_abs" value="0.0" /><property name="seed17/float64/dX/max_abs_over_ref_max" value="0.0" /><property name="seed17/float64/dgamma_scalar/max_abs" value="0.0" /><property name="seed17/float64/dgamma_scalar/max_abs_over_ref_max" value="0.0" /><property name="seed17/float64/dbeta/max_abs" value="0.0" /><property name="seed17/float64/dbeta/max_abs_over_ref_max" value="0.0" /><property name="seed17/float32/dX/max_abs" value="0.0" /><property name="seed17/float32/dX/max_abs_over_ref_max" value="0.0" /><property name="seed17/float32/dgamma_scalar/max_abs" value="0.0" /><property name="seed17/float32/dgamma_scalar/max_abs_over_ref_max" value="0.0" /><property name="seed17/float32/dbeta/max_abs" value="0.0" /><property name="seed17/float32/dbeta/max_abs_over_ref_max" value="0.0" /><property name="seed821/float64/dX/max_abs" value="0.0" /><property name="seed821/float64/dX/max_abs_over_ref_max" value="0.0" /><property name="seed821/float64/dgamma_scalar/max_abs" value="0.0" /><property name="seed821/float64/dgamma_scalar/max_abs_over_ref_max" value="0.0" /><property name="seed821/float64/dbeta/max_abs" value="5.4016709327697754e-08" /><property name="seed821/float64/dbeta/max_abs_over_ref_max" value="1.1983562203923653e-08" /><property name="seed821/float32/dX/max_abs" value="0.0" /><property name="seed821/float32/dX/max_abs_over_ref_max" value="0.0" /><property name="seed821/float32/dgamma_scalar/max_abs" value="0.0" /><property name="seed821/float32/dgamma_scalar/max_abs_over_ref_max" value="0.0" /><property name="seed821/float32/dbeta/max_abs" value="0.0" /><property name="seed821/float32/dbeta/max_abs_over_ref_max" value="0.0" /></properties></testcase><testcase classname="test.test_triton_equivariant_layer_norm_backward" name="test_backward_matches_fp64_and_fp32_math[split-0-1-scalar_high-KNC]" time="0.018"><properties><property name="seed17/float64/dX/max_abs" value="0.0" /><property name="seed17/float64/dX/max_abs_over_ref_max" value="0.0" /><property name="seed17/float64/dgamma_scalar/max_abs" value="0.0" /><property name="seed17/float64/dgamma_scalar/max_abs_over_ref_max" value="0.0" /><property name="seed17/float64/dbeta/max_abs" value="0.0" /><property name="seed17/float64/dbeta/max_abs_over_ref_max" value="0.0" /><property name="seed17/float32/dX/max_abs" value="0.0" /><property name="seed17/float32/dX/max_abs_over_ref_max" value="0.0" /><property name="seed17/float32/dgamma_scalar/max_abs" value="0.0" /><property name="seed17/float32/dgamma_scalar/max_abs_over_ref_max" value="0.0" /><property name="seed17/float32/dbeta/max_abs" value="0.0" /><property name="seed17/float32/dbeta/max_abs_over_ref_max" value="0.0" /><property name="seed821/float64/dX/max_abs" value="0.0" /><property name="seed821/float64/dX/max_abs_over_ref_max" value="0.0" /><property name="seed821/float64/dgamma_scalar/max_abs" value="0.0" /><property name="seed821/float64/dgamma_scalar/max_abs_over_ref_max" value="0.0" /><property name="seed821/float64/dbeta/max_abs" value="5.4016709327697754e-08" /><property name="seed821/float64/dbeta/max_abs_over_ref_max" value="1.1983562203923653e-08" /><property name="seed821/float32/dX/max_abs" value="0.0" /><property name="seed821/float32/dX/max_abs_over_ref_max" value="0.0" /><property name="seed821/float32/dgamma_scalar/max_abs" value="0.0" /><property name="seed821/float32/dgamma_scalar/max_abs_over_ref_max" value="0.0" /><property name="seed821/float32/dbeta/max_abs" value="0.0" /><property name="seed821/float32/dbeta/max_abs_over_ref_max" value="0.0" /></properties></testcase><testcase classname="test.test_triton_equivariant_layer_norm_backward" name="test_backward_matches_fp64_and_fp32_math[split-2-7-per_degree-NKC]" time="1.006"><properties>
[...]
</properties></testcase><testcase classname="test.test_triton_equivariant_layer_norm_backward" name="test_backward_matches_fp64_and_fp32_math[split-2-7-per_degree-KNC]" time="1.032"><properties>
[...]
</properties></testcase><testcase classname="test.test_triton_equivariant_layer_norm_backward" name="test_backward_matches_fp64_and_fp32_math[split-2-7-scalar_high-NKC]" time="0.916"><properties>
[...]
</properties></testcase><testcase classname="test.test_triton_equivariant_layer_norm_backward" name="test_backward_matches_fp64_and_fp32_math[split-2-7-scalar_high-KNC]" time="0.955"><properties>
[...]
</properties></testcase><testcase classname="test.test_triton_equivariant_layer_norm_backward" name="test_backward_matches_fp64_and_fp32_math[split-4-33-per_degree-NKC]" time="2.324"><properties>
[...]
</properties></testcase><testcase classname="test.test_triton_equivariant_layer_norm_backward" name="test_backward_matches_fp64_and_fp32_math[split-4-33-per_degree-KNC]" time="2.379"><properties>
[...]
</properties></testcase><testcase classname="test.test_triton_equivariant_layer_norm_backward" name="test_backward_matches_fp64_and_fp32_math[split-4-33-scalar_high-NKC]" time="1.623"><properties>
[...]
</properties></testcase><testcase classname="test.test_triton_equivariant_layer_norm_backward" name="test_backward_matches_fp64_and_fp32_math[split-4-33-scalar_high-KNC]" time="1.649"><properties>
[...]
</properties></testcase><testcase classname="test.test_triton_equivariant_layer_norm_backward" name="test_backward_nondefault_statistics[per_degree-norm-True-NKC]" time="0.013" /><testcase classname="test.test_triton_equivariant_layer_norm_backward" name="test_backward_nondefault_statistics[per_degree-norm-True-KNC]" time="0.013" /><testcase classname="test.test_triton_equivariant_layer_norm_backward" name="test_backward_nondefault_statistics[scalar_high-component-True-NKC]" time="0.368" /><testcase classname="test.test_triton_equivariant_layer_norm_backward" name="test_backward_nondefault_statistics[scalar_high-component-True-KNC]" time="0.380" /><testcase classname="test.test_triton_equivariant_layer_norm_backward" name="test_backward_nondefault_statistics[scalar_high-norm-True-NKC]" time="0.013" /><testcase classname="test.test_triton_equivariant_layer_norm_backward" name="test_backward_nondefault_statistics[scalar_high-norm-True-KNC]" time="0.012" /><testcase classname="test.test_triton_equivariant_layer_norm_backward" name="test_backward_optional_affine[none-per_degree]" time="0.779" /><testcase classname="test.test_triton_equivariant_layer_norm_backward" name="test_backward_optional_affine[none-scalar_high]" time="0.709" /><testcase classname="test.test_triton_equivariant_layer_norm_backward" name="test_backward_optional_affine[bias_only-per_degree]" time="0.919" /><testcase classname="test.test_triton_equivariant_layer_norm_backward" name="test_backward_optional_affine[bias_only-scalar_high]" time="0.756" /><testcase classname="test.test_triton_equivariant_layer_norm_backward" name="test_backward_optional_affine[weight_only-per_degree]" time="0.976" /><testcase classname="test.test_triton_equivariant_layer_norm_backward" name="test_backward_optional_affine[weight_only-scalar_high]" time="0.867" /><testcase classname="test.test_triton_equivariant_layer_norm_backward" name="test_backward_only_requested_leaves[input-per_degree]" time="0.510" /><testcase classname="test.test_triton_equivariant_layer_norm_backward" name="test_backward_only_requested_leaves[input-scalar_high]" time="0.453" /><testcase classname="test.test_triton_equivariant_layer_norm_backward" name="test_backward_only_requested_leaves[weight-per_degree]" time="0.328" /><testcase classname="test.test_triton_equivariant_layer_norm_backward" name="test_backward_only_requested_leaves[weight-scalar_high]" time="0.311" /><testcase classname="test.test_triton_equivariant_layer_norm_backward" name="test_backward_only_requested_leaves[bias-per_degree]" time="0.228" /><testcase classname="test.test_triton_equivariant_layer_norm_backward" name="test_backward_only_requested_leaves[bias-scalar_high]" time="0.232" /><testcase classname="test.test_triton_equivariant_layer_norm_backward" name="test_backward_only_requested_leaves[params-per_degree]" time="0.346" /><testcase classname="test.test_triton_equivariant_layer_norm_backward" name="test_backward_only_requested_leaves[params-scalar_high]" time="0.323" /><testcase classname="test.test_triton_equivariant_layer_norm_backward" name="test_backward_small_variance[tiny-per_degree]" time="0.015"><properties><property name="tiny/float64/dX/max_abs" value="8.95782868610695e-05" /><property name="tiny/float64/dX/max_abs_over_ref_max" value="8.225480512927396e-08" /><property name="tiny/float64/dgamma_scalar/max_abs" value="3.812292045631341e-11" /><property name="tiny/float64/dgamma_scalar/max_abs_over_ref_max" value="5.0819373979780834e-08" /><property name="tiny/float64/dgamma_high/max_abs" value="1.92922241550042e-10" /><property name="tiny/float64/dgamma_high/max_abs_over_ref_max" value="3.5490699489122395e-08" /><property name="tiny/float64/dbeta/max_abs" value="1.1920928955078125e-07" /><property name="tiny/float64/dbeta/max_abs_over_ref_max" value="4.060782018751641e-08" /><property name="tiny/float32/dX/max_abs" value="6.103515625e-05" /><property name="tiny/float32/dX/max_abs_over_ref_max" value="5.6045216383855035e-08" /><property name="tiny/float32/dgamma_scalar/max_abs" value="1.1641532182693481e-10" /><property name="tiny/float32/dgamma_scalar/max_abs_over_ref_max" value="1.5518627085684082e-07" /><property name="tiny/float32/dgamma_high/max_abs" value="9.313225746154785e-10" /><property name="tiny/float32/dgamma_high/max_abs_over_ref_max" value="1.7132957230656205e-07" /><property name="tiny/float32/dbeta/max_abs" value="2.384185791015625e-07" /><property name="tiny/float32/dbeta/max_abs_over_ref_max" value="8.121563563417229e-08" /></properties></testcase><testcase classname="test.test_triton_equivariant_layer_norm_backward" name="test_backward_small_variance[tiny-scalar_high]" time="0.014"><properties><property name="tiny/float64/dX/max_abs" value="6.364724708873837e-05" /><property name="tiny/float64/dX/max_abs_over_ref_max" value="5.844375802286522e-08" /><property name="tiny/float64/dgamma_scalar/max_abs" value="3.812292045631341e-11" /><property name="tiny/float64/dgamma_scalar/max_abs_over_ref_max" value="5.0819373979780834e-08" /><property name="tiny/float64/dgamma_high/max_abs" value="2.357438593295069e-10" /><property name="tiny/float64/dgamma_high/max_abs_over_ref_max" value="4.336832465015155e-08" /><property name="tiny/float64/dbeta/max_abs" value="1.1920928955078125e-07" /><property name="tiny/float64/dbeta/max_abs_over_ref_max" value="4.060782018751641e-08" /><property name="tiny/float32/dX/max_abs" value="6.103515625e-05" /><property name="tiny/float32/dX/max_abs_over_ref_max" value="5.6045216383855035e-08" /><property name="tiny/float32/dgamma_scalar/max_abs" value="1.1641532182693481e-10" /><property name="tiny/float32/dgamma_scalar/max_abs_over_ref_max" value="1.5518627085684082e-07" /><property name="tiny/float32/dgamma_high/max_abs" value="4.656612873077393e-10" /><property name="tiny/float32/dgamma_high/max_abs_over_ref_max" value="8.566478615328103e-08" /><property name="tiny/float32/dbeta/max_abs" value="2.384185791015625e-07" /><property name="tiny/float32/dbeta/max_abs_over_ref_max" value="8.121563563417229e-08" /></properties></testcase><testcase classname="test.test_triton_equivariant_layer_norm_backward" name="test_backward_small_variance[near_constant-per_degree]" time="0.014"><properties><property name="near_constant/float64/dX/max_abs" value="0.00011530686910532495" /><property name="near_constant/float64/dX/max_abs_over_ref_max" value="1.0598346907242888e-07" /><property name="near_constant/float64/dgamma_scalar/max_abs" value="7.996768449890224e-05" /><property name="near_constant/float64/dgamma_scalar/max_abs_over_ref_max" value="0.0010658164772927752" /><property name="near_constant/float64/dgamma_high/max_abs" value="2.6992637847111922e-08" /><property name="near_constant/float64/dgamma_high/max_abs_over_ref_max" value="4.968513962366089e-08" /><property name="near_constant/float64/dbeta/max_abs" value="1.1920928955078125e-07" /><property name="near_constant/float64/dbeta/max_abs_over_ref_max" value="4.060782018751641e-08" /><property name="near_constant/float32/dX/max_abs" value="0.00018310546875" /><property name="near_constant/float32/dX/max_abs_over_ref_max" value="1.683000561112387e-07" /><property name="near_constant/float32/dgamma_scalar/max_abs" value="0.00011205673217773438" /><property name="near_constant/float32/dgamma_scalar/max_abs_over_ref_max" value="0.0014934597584090523" /><property name="near_constant/float32/dgamma_high/max_abs" value="2.8405338525772095e-08" /><property name="near_constant/float32/dgamma_high/max_abs_over_ref_max" value="5.2285486739275994e-08" /><property name="near_constant/float32/dbeta/max_abs" value="2.384185791015625e-07" /><property name="near_constant/float32/dbeta/max_abs_over_ref_max" value="8.121563563417229e-08" /></properties></testcase><testcase classname="test.test_triton_equivariant_layer_norm_backward" name="test_backward_small_variance[near_constant-scalar_high]" time="0.014"><properties><property name="near_constant/float64/dX/max_abs" value="0.00011530686910532495" /><property name="near_constant/float64/dX/max_abs_over_ref_max" value="1.059460856369536e-07" /><property name="near_constant/float64/dgamma_scalar/max_abs" value="7.996768449890224e-05" /><property name="near_constant/float64/dgamma_scalar/max_abs_over_ref_max" value="0.0010658164772927752" /><property name="near_constant/float64/dgamma_high/max_abs" value="3.1989785709285457e-08" /><property name="near_constant/float64/dgamma_high/max_abs_over_ref_max" value="5.887884543381904e-08" /><property name="near_constant/float64/dbeta/max_abs" value="1.1920928955078125e-07" /><property name="near_constant/float64/dbeta/max_abs_over_ref_max" value="4.060782018751641e-08" /><property name="near_constant/float32/dX/max_abs" value="0.00018310546875" /><property name="near_constant/float32/dX/max_abs_over_ref_max" value="1.6824070803765496e-07" /><property name="near_constant/float32/dgamma_scalar/max_abs" value="0.00011205673217773438" /><property name="near_constant/float32/dgamma_scalar/max_abs_over_ref_max" value="0.0014934597584090523" /><property name="near_constant/float32/dgamma_high/max_abs" value="5.960464477539063e-08" /><property name="near_constant/float32/dgamma_high/max_abs_over_ref_max" value="1.0970541900887737e-07" /><property name="near_constant/float32/dbeta/max_abs" value="2.384185791015625e-07" /><property name="near_constant/float32/dbeta/max_abs_over_ref_max" value="8.121563563417229e-08" /></properties></testcase><testcase classname="test.test_triton_equivariant_layer_norm_backward" name="test_backward_small_variance[constant-per_degree]" time="0.014"><properties><property name="constant/float64/dX/max_abs" value="5.0503562192716345e-05" /><property name="constant/float64/dX/max_abs_over_ref_max" value="6.93032997990239e-08" /><property name="constant/float64/dgamma_scalar/max_abs" value="0.0" /><property name="constant/float64/dgamma_scalar/max_abs_over_ref_max" value="0.0" /><property name="constant/float64/dgamma_high/max_abs" value="6.943674275561307e-07" /><property name="constant/float64/dgamma_high/max_abs_over_ref_max" value="7.965314652595058e-08" /><property name="constant/float64/dbeta/max_abs" value="1.1920928955078125e-07" /><property name="constant/float64/dbeta/max_abs_over_ref_max" value="4.060782018751641e-08" /><property name="constant/float32/dX/max_abs" value="0.0001220703125" /><property name="constant/float32/dX/max_abs_over_ref_max" value="1.6751047275475664e-07" /><property name="constant/float32/dgamma_scalar/max_abs" value="0.0" /><property name="constant/float32/dgamma_scalar/max_abs_over_ref_max" value="0.0" /><property name="constant/float32/dgamma_high/max_abs" value="9.5367431640625e-07" /><property name="constant/float32/dgamma_high/max_abs_over_ref_max" value="1.0939907634359844e-07" /><property name="constant/float32/dbeta/max_abs" value="2.384185791015625e-07" /><property name="constant/float32/dbeta/max_abs_over_ref_max" value="8.121563563417229e-08" /></properties></testcase><testcase classname="test.test_triton_equivariant_layer_norm_backward" name="test_backward_small_variance[constant-scalar_high]" time="0.014"><properties><property name="constant/float64/dX/max_abs" value="5.0503562192716345e-05" /><property name="constant/float64/dX/max_abs_over_ref_max" value="6.93032997990239e-08" /><property name="constant/float64/dgamma_scalar/max_abs" value="0.0" /><property name="constant/float64/dgamma_scalar/max_abs_over_ref_max" value="0.0" /><property name="constant/float64/dgamma_high/max_abs" value="6.943674275561307e-07" /><property name="constant/float64/dgamma_high/max_abs_over_ref_max" value="7.965314652595058e-08" /><property name="constant/float64/dbeta/max_abs" value="1.1920928955078125e-07" /><property name="constant/float64/dbeta/max_abs_over_ref_max" value="4.060782018751641e-08" /><property name="constant/float32/dX/max_abs" value="0.0001220703125" /><property name="constant/float32/dX/max_abs_over_ref_max" value="1.6751047275475664e-07" /><property name="constant/float32/dgamma_scalar/max_abs" value="0.0" /><property name="constant/float32/dgamma_scalar/max_abs_over_ref_max" value="0.0" /><property name="constant/float32/dgamma_high/max_abs" value="9.5367431640625e-07" /><property name="constant/float32/dgamma_high/max_abs_over_ref_max" value="1.0939907634359844e-07" /><property name="constant/float32/dbeta/max_abs" value="2.384185791015625e-07" /><property name="constant/float32/dbeta/max_abs_over_ref_max" value="8.121563563417229e-08" /></properties></testcase><testcase classname="test.test_triton_equivariant_layer_norm_backward" name="test_backward_small_variance[zero-per_degree]" time="0.014"><properties><property name="zero/float64/dX/max_abs" value="0.00013487790579347347" /><property name="zero/float64/dX/max_abs_over_ref_max" value="1.2385093710660436e-07" /><property name="zero/float64/dgamma_scalar/max_abs" value="0.0" /><property name="zero/float64/dgamma_scalar/max_abs_over_ref_max" value="0.0" /><property name="zero/float64/dgamma_high/max_abs" value="0.0" /><property name="zero/float64/dgamma_high/max_abs_over_ref_max" value="0.0" /><property name="zero/float64/dbeta/max_abs" value="1.1920928955078125e-07" /><property name="zero/float64/dbeta/max_abs_over_ref_max" value="4.060782018751641e-08" /><property name="zero/float32/dX/max_abs" value="0.000244140625" /><property name="zero/float32/dX/max_abs_over_ref_max" value="2.241808404068927e-07" /><property name="zero/float32/dgamma_scalar/max_abs" value="0.0" /><property name="zero/float32/dgamma_scalar/max_abs_over_ref_max" value="0.0" /><property name="zero/float32/dgamma_high/max_abs" value="0.0" /><property name="zero/float32/dgamma_high/max_abs_over_ref_max" value="0.0" /><property name="zero/float32/dbeta/max_abs" value="2.384185791015625e-07" /><property name="zero/float32/dbeta/max_abs_over_ref_max" value="8.121563563417229e-08" /></properties></testcase><testcase classname="test.test_triton_equivariant_layer_norm_backward" name="test_backward_small_variance[zero-scalar_high]" time="0.014"><properties><property name="zero/float64/dX/max_abs" value="0.00013487790579347347" /><property name="zero/float64/dX/max_abs_over_ref_max" value="1.2385093710660436e-07" /><property name="zero/float64/dgamma_scalar/max_abs" value="0.0" /><property name="zero/float64/dgamma_scalar/max_abs_over_ref_max" value="0.0" /><property name="zero/float64/dgamma_high/max_abs" value="0.0" /><property name="zero/float64/dgamma_high/max_abs_over_ref_max" value="0.0" /><property name="zero/float64/dbeta/max_abs" value="1.1920928955078125e-07" /><property name="zero/float64/dbeta/max_abs_over_ref_max" value="4.060782018751641e-08" /><property name="zero/float32/dX/max_abs" value="0.000244140625" /><property name="zero/float32/dX/max_abs_over_ref_max" value="2.241808404068927e-07" /><property name="zero/float32/dgamma_scalar/max_abs" value="0.0" /><property name="zero/float32/dgamma_scalar/max_abs_over_ref_max" value="0.0" /><property name="zero/float32/dgamma_high/max_abs" value="0.0" /><property name="zero/float32/dgamma_high/max_abs_over_ref_max" value="0.0" /><property name="zero/float32/dbeta/max_abs" value="2.384185791015625e-07" /><property name="zero/float32/dbeta/max_abs_over_ref_max" value="8.121563563417229e-08" /></properties></testcase><testcase classname="test.test_triton_equivariant_layer_norm_backward" name="test_backward_noncontiguous_upstream_gradient[KNC-per_degree]" time="0.581" /><testcase classname="test.test_triton_equivariant_layer_norm_backward" name="test_backward_noncontiguous_upstream_gradient[KNC-scalar_high]" time="0.540" /><testcase classname="test.test_triton_equivariant_layer_norm_backward" name="test_backward_noncontiguous_upstream_gradient[strided-per_degree]" time="0.588" /><testcase classname="test.test_triton_equivariant_layer_norm_backward" name="test_backward_noncontiguous_upstream_gradient[strided-scalar_high]" time="0.535" /><testcase classname="test.test_triton_equivariant_layer_norm_backward" name="test_backward_noncontiguous_upstream_gradient[broadcast-per_degree]" time="0.594" /><testcase classname="test.test_triton_equivariant_layer_norm_backward" name="test_backward_noncontiguous_upstream_gradient[broadcast-scalar_high]" time="0.524" /><testcase classname="test.test_triton_equivariant_layer_norm_backward" name="test_backward_empty_batch[NKC-per_degree]" time="0.012" /><testcase classname="test.test_triton_equivariant_layer_norm_backward" name="test_backward_empty_batch[NKC-scalar_high]" time="0.011" /><testcase classname="test.test_triton_equivariant_layer_norm_backward" name="test_backward_empty_batch[KNC-per_degree]" time="0.012" /><testcase classname="test.test_triton_equivariant_layer_norm_backward" name="test_backward_empty_batch[KNC-scalar_high]" time="0.011" /><testcase classname="test.test_triton_equivariant_layer_norm_backward" name="test_backward_forward_with_stats_marks_auxiliary_outputs_nondifferentiable[per_degree]" time="0.013" /><testcase classname="test.test_triton_equivariant_layer_norm_backward" name="test_backward_forward_with_stats_marks_auxiliary_outputs_nondifferentiable[scalar_high]" time="0.363" /><testcase classname="test.test_triton_equivariant_layer_norm_backward" name="test_backward_uncentered_stats_have_no_mean" time="0.892" /><testcase classname="test.test_triton_equivariant_layer_norm_backward" name="test_backward_rejects_higher_order_graphs_explicitly[per_degree]" time="0.051" /><testcase classname="test.test_triton_equivariant_layer_norm_backward" name="test_backward_rejects_higher_order_graphs_explicitly[scalar_high]" time="0.003" /><testcase classname="test.test_triton_equivariant_layer_norm_backward" name="test_backward_optional_original_source[random-V3-EquivariantLayerNorm-NKC]" time="0.996"><properties><property name="source/dX/dX/max_abs" value="9.5367431640625e-07" /><property name="source/dX/dX/max_abs_over_ref_max" value="2.2885159523292972e-07" /><property name="source/affine_weight/dgamma/max_abs" value="9.5367431640625e-07" /><property name="source/affine_weight/dgamma/max_abs_over_ref_max" value="1.1230724567041529e-07" /><property name="source/affine_bias/dbeta/max_abs" value="0.0" /><property name="source/affine_bias/dbeta/max_abs_over_ref_max" value="0.0" /></properties></testcase><testcase classname="test.test_triton_equivariant_layer_norm_backward" name="test_backward_optional_original_source[random-V3-EquivariantLayerNorm-KNC]" time="0.815"><properties><property name="source/dX/dX/max_abs" value="9.5367431640625e-07" /><property name="source/dX/dX/max_abs_over_ref_max" value="2.2885159523292972e-07" /><property name="source/affine_weight/dgamma/max_abs" value="9.5367431640625e-07" /><property name="source/affine_weight/dgamma/max_abs_over_ref_max" value="1.1230724567041529e-07" /><property name="source/affine_bias/dbeta/max_abs" value="0.0" /><property name="source/affine_bias/dbeta/max_abs_over_ref_max" value="0.0" /></properties></testcase><testcase classname="test.test_triton_equivariant_layer_norm_backward" name="test_backward_optional_original_source[random-V3-EquivariantSeparableLayerNorm-NKC]" time="1.171"><properties><property name="source/dX/dX/max_abs" value="4.76837158203125e-07" /><property name="source/dX/dX/max_abs_over_ref_max" value="8.744691644246006e-08" /><property name="source/affine_weight/dgamma/max_abs" value="9.5367431640625e-07" /><property name="source/affine_weight/dgamma/max_abs_over_ref_max" value="1.380871205452232e-07" /><property name="source/norm_l0.weight/dgamma/max_abs" value="2.384185791015625e-07" /><property name="source/norm_l0.weight/dgamma/max_abs_over_ref_max" value="6.667706384348866e-08" /><property name="source/norm_l0.bias/dbeta/max_abs" value="4.76837158203125e-07" /><property name="source/norm_l0.bias/dbeta/max_abs_over_ref_max" value="1.18112631023818e-07" /></properties></testcase><testcase classname="test.test_triton_equivariant_layer_norm_backward" name="test_backward_optional_original_source[random-V3-EquivariantSeparableLayerNorm-KNC]" time="0.928"><properties><property name="source/dX/dX/max_abs" value="4.76837158203125e-07" /><property name="source/dX/dX/max_abs_over_ref_max" value="8.744691644246006e-08" /><property name="source/affine_weight/dgamma/max_abs" value="9.5367431640625e-07" /><property name="source/affine_weight/dgamma/max_abs_over_ref_max" value="1.380871205452232e-07" /><property name="source/norm_l0.weight/dgamma/max_abs" value="2.384185791015625e-07" /><property name="source/norm_l0.weight/dgamma/max_abs_over_ref_max" value="6.667706384348866e-08" /><property name="source/norm_l0.bias/dbeta/max_abs" value="4.76837158203125e-07" /><property name="source/norm_l0.bias/dbeta/max_abs_over_ref_max" value="1.18112631023818e-07" /></properties></testcase><testcase classname="test.test_triton_equivariant_layer_norm_backward" name="test_backward_optional_original_source[random-V2-EquivariantLayerNormArraySphericalHarmonics-NKC]" time="0.991"><properties><property name="source/dX/dX/max_abs" value="4.76837158203125e-07" /><property name="source/dX/dX/max_abs_over_ref_max" value="8.744691644246006e-08" /><property name="source/affine_weight/dgamma/max_abs" value="9.5367431640625e-07" /><property name="source/affine_weight/dgamma/max_abs_over_ref_max" value="1.3808711101119742e-07" /><property name="source/norm_l0.weight/dgamma/max_abs" value="2.384185791015625e-07" /><property name="source/norm_l0.weight/dgamma/max_abs_over_ref_max" value="6.667706384348866e-08" /><property name="source/norm_l0.bias/dbeta/max_abs" value="4.76837158203125e-07" /><property name="source/norm_l0.bias/dbeta/max_abs_over_ref_max" value="1.18112631023818e-07" /></properties></testcase><testcase classname="test.test_triton_equivariant_layer_norm_backward" name="test_backward_optional_original_source[random-V2-EquivariantLayerNormArraySphericalHarmonics-KNC]" time="0.802"><properties><property name="source/dX/dX/max_abs" value="3.5762786865234375e-07" /><property name="source/dX/dX/max_abs_over_ref_max" value="6.558518159662315e-08" /><property name="source/affine_weight/dgamma/max_abs" value="5.364418029785156e-07" /><property name="source/affine_weight/dgamma/max_abs_over_ref_max" value="7.76739945809098e-08" /><property name="source/norm_l0.weight/dgamma/max_abs" value="2.384185791015625e-07" /><property name="source/norm_l0.weight/dgamma/max_abs_over_ref_max" value="6.667706384348866e-08" /><property name="source/norm_l0.bias/dbeta/max_abs" value="4.76837158203125e-07" /><property name="source/norm_l0.bias/dbeta/max_abs_over_ref_max" value="1.18112631023818e-07" /></properties></testcase><testcase classname="test.test_triton_equivariant_layer_norm_backward" name="test_backward_optional_original_source[near_constant-V3-EquivariantLayerNorm-NKC]" time="0.013"><properties><property name="source/dX/dX/max_abs" value="9.1552734375e-05" /><property name="source/dX/dX/max_abs_over_ref_max" value="5.752599561391129e-08" /><property name="source/affine_weight/dgamma/max_abs" value="7.043778896331787e-05" /><property name="source/affine_weight/dgamma/max_abs_over_ref_max" value="0.00024235313564044086" /><property name="source/affine_bias/dbeta/max_abs" value="0.0" /><property name="source/affine_bias/dbeta/max_abs_over_ref_max" value="0.0" /></properties></testcase><testcase classname="test.test_triton_equivariant_layer_norm_backward" name="test_backward_optional_original_source[near_constant-V3-EquivariantLayerNorm-KNC]" time="0.012"><properties><property name="source/dX/dX/max_abs" value="9.1552734375e-05" /><property name="source/dX/dX/max_abs_over_ref_max" value="5.752599561391129e-08" /><property name="source/affine_weight/dgamma/max_abs" value="7.043778896331787e-05" /><property name="source/affine_weight/dgamma/max_abs_over_ref_max" value="0.00024235313564044086" /><property name="source/affine_bias/dbeta/max_abs" value="0.0" /><property name="source/affine_bias/dbeta/max_abs_over_ref_max" value="0.0" /></properties></testcase><testcase classname="test.test_triton_equivariant_layer_norm_backward" name="test_backward_optional_original_source[near_constant-V3-EquivariantSeparableLayerNorm-NKC]" time="0.012"><properties><property name="source/dX/dX/max_abs" value="0.0001220703125" /><property name="source/dX/dX/max_abs_over_ref_max" value="6.617669442117231e-08" /><property name="source/affine_weight/dgamma/max_abs" value="2.9802322387695312e-08" /><property name="source/affine_weight/dgamma/max_abs_over_ref_max" value="1.31733595676398e-07" /><property name="source/norm_l0.weight/dgamma/max_abs" value="3.9711594581604004e-05" /><property name="source/norm_l0.weight/dgamma/max_abs_over_ref_max" value="0.0002478842405710509" /><property name="source/norm_l0.bias/dbeta/max_abs" value="4.76837158203125e-07" /><property name="source/norm_l0.bias/dbeta/max_abs_over_ref_max" value="1.18112631023818e-07" /></properties></testcase><testcase classname="test.test_triton_equivariant_layer_norm_backward" name="test_backward_optional_original_source[near_constant-V3-EquivariantSeparableLayerNorm-KNC]" time="0.012"><properties><property name="source/dX/dX/max_abs" value="0.0001220703125" /><property name="source/dX/dX/max_abs_over_ref_max" value="6.617669442117231e-08" /><property name="source/affine_weight/dgamma/max_abs" value="2.9802322387695312e-08" /><property name="source/affine_weight/dgamma/max_abs_over_ref_max" value="1.31733595676398e-07" /><property name="source/norm_l0.weight/dgamma/max_abs" value="3.9711594581604004e-05" /><property name="source/norm_l0.weight/dgamma/max_abs_over_ref_max" value="0.0002478842405710509" /><property name="source/norm_l0.bias/dbeta/max_abs" value="4.76837158203125e-07" /><property name="source/norm_l0.bias/dbeta/max_abs_over_ref_max" value="1.18112631023818e-07" /></properties></testcase><testcase classname="test.test_triton_equivariant_layer_norm_backward" name="test_backward_optional_original_source[near_constant-V2-EquivariantLayerNormArraySphericalHarmonics-NKC]" time="0.012"><properties><property name="source/dX/dX/max_abs" value="0.0001220703125" /><property name="source/dX/dX/max_abs_over_ref_max" value="6.617669442117231e-08" /><property name="source/affine_weight/dgamma/max_abs" value="2.9802322387695312e-08" /><property name="source/affine_weight/dgamma/max_abs_over_ref_max" value="1.317336043532687e-07" /><property name="source/norm_l0.weight/dgamma/max_abs" value="3.9711594581604004e-05" /><property name="source/norm_l0.weight/dgamma/max_abs_over_ref_max" value="0.0002478842405710509" /><property name="source/norm_l0.bias/dbeta/max_abs" value="4.76837158203125e-07" /><property name="source/norm_l0.bias/dbeta/max_abs_over_ref_max" value="1.18112631023818e-07" /></properties></testcase><testcase classname="test.test_triton_equivariant_layer_norm_backward" name="test_backward_optional_original_source[near_constant-V2-EquivariantLayerNormArraySphericalHarmonics-KNC]" time="0.012"><properties><property name="source/dX/dX/max_abs" value="0.0001220703125" /><property name="source/dX/dX/max_abs_over_ref_max" value="6.617669442117231e-08" /><property name="source/affine_weight/dgamma/max_abs" value="2.9802322387695312e-08" /><property name="source/affine_weight/dgamma/max_abs_over_ref_max" value="1.317336043532687e-07" /><property name="source/norm_l0.weight/dgamma/max_abs" value="3.9711594581604004e-05" /><property name="source/norm_l0.weight/dgamma/max_abs_over_ref_max" value="0.0002478842405710509" /><property name="source/norm_l0.bias/dbeta/max_abs" value="4.76837158203125e-07" /><property name="source/norm_l0.bias/dbeta/max_abs_over_ref_max" value="1.18112631023818e-07" /></properties></testcase><testcase classname="test.test_triton_equivariant_layer_norm_backward" name="test_backward_custom_nonuniform_partition[channels_first-True]" time="1.483"><properties><property name="custom/float64/dX/max_abs" value="2.2169826063844766e-07" /><property name="custom/float64/dX/max_abs_over_ref_max" value="6.58147269952997e-08" /><property name="custom/float64/dgamma/max_abs" value="1.8337849567728881e-06" /><property name="custom/float64/dgamma/max_abs_over_ref_max" value="1.7022161796579892e-07" /><property name="custom/float64/dbeta/max_abs" value="1.1920928955078125e-07" /><property name="custom/float64/dbeta/max_abs_over_ref_max" value="2.882140090468504e-08" /><property name="custom/float32/dX/max_abs" value="4.76837158203125e-07" /><property name="custom/float32/dX/max_abs_over_ref_max" value="1.415568621883077e-07" /><property name="custom/float32/dgamma/max_abs" value="1.9073486328125e-06" /><property name="custom/float32/dgamma/max_abs_over_ref_max" value="1.7705018806270975e-07" /><property name="custom/float32/dbeta/max_abs" value="4.76837158203125e-07" /><property name="custom/float32/dbeta/max_abs_over_ref_max" value="1.1528560278806702e-07" /></properties></testcase><testcase classname="test.test_triton_equivariant_layer_norm_backward" name="test_backward_custom_nonuniform_partition[channels_first-False]" time="1.140"><properties><property name="custom/float64/dX/max_abs" value="2.2169826063844766e-07" /><property name="custom/float64/dX/max_abs_over_ref_max" value="6.58147269952997e-08" /><property name="custom/float64/dgamma/max_abs" value="1.8337849567728881e-06" /><property name="custom/float64/dgamma/max_abs_over_ref_max" value="1.7022161796579892e-07" /><property name="custom/float64/dbeta/max_abs" value="1.1920928955078125e-07" /><property name="custom/float64/dbeta/max_abs_over_ref_max" value="2.882140090468504e-08" /><property name="custom/float32/dX/max_abs" value="4.76837158203125e-07" /><property name="custom/float32/dX/max_abs_over_ref_max" value="1.415568621883077e-07" /><property name="custom/float32/dgamma/max_abs" value="1.9073486328125e-06" /><property name="custom/float32/dgamma/max_abs_over_ref_max" value="1.7705018806270975e-07" /><property name="custom/float32/dbeta/max_abs" value="4.76837158203125e-07" /><property name="custom/float32/dbeta/max_abs_over_ref_max" value="1.1528560278806702e-07" /></properties></testcase><testcase classname="test.test_triton_equivariant_layer_norm_backward" name="test_backward_custom_nonuniform_partition[components_first-True]" time="0.375"><properties><property name="custom/float64/dX/max_abs" value="3.520119511435382e-07" /><property name="custom/float64/dX/max_abs_over_ref_max" value="1.0450046110815966e-07" /><property name="custom/float64/dgamma/max_abs" value="1.8337849567728881e-06" /><property name="custom/float64/dgamma/max_abs_over_ref_max" value="1.7022161796579892e-07" /><property name="custom/float64/dbeta/max_abs" value="1.1920928955078125e-07" /><property name="custom/float64/dbeta/max_abs_over_ref_max" value="2.882140090468504e-08" /><property name="custom/float32/dX/max_abs" value="2.384185791015625e-07" /><property name="custom/float32/dX/max_abs_over_ref_max" value="7.077843109415386e-08" /><property name="custom/float32/dgamma/max_abs" value="1.9073486328125e-06" /><property name="custom/float32/dgamma/max_abs_over_ref_max" value="1.7705018806270975e-07" /><property name="custom/float32/dbeta/max_abs" value="4.76837158203125e-07" /><property name="custom/float32/dbeta/max_abs_over_ref_max" value="1.1528560278806702e-07" /></properties></testcase><testcase classname="test.test_triton_equivariant_layer_norm_backward" name="test_backward_custom_nonuniform_partition[components_first-False]" time="0.339"><properties><property name="custom/float64/dX/max_abs" value="3.520119511435382e-07" /><property name="custom/float64/dX/max_abs_over_ref_max" value="1.0450046110815966e-07" /><property name="custom/float64/dgamma/max_abs" value="1.8337849567728881e-06" /><property name="custom/float64/dgamma/max_abs_over_ref_max" value="1.7022161796579892e-07" /><property name="custom/float64/dbeta/max_abs" value="1.1920928955078125e-07" /><property name="custom/float64/dbeta/max_abs_over_ref_max" value="2.882140090468504e-08" /><property name="custom/float32/dX/max_abs" value="2.384185791015625e-07" /><property name="custom/float32/dX/max_abs_over_ref_max" value="7.077843109415386e-08" /><property name="custom/float32/dgamma/max_abs" value="1.9073486328125e-06" /><property name="custom/float32/dgamma/max_abs_over_ref_max" value="1.7705018806270975e-07" /><property name="custom/float32/dbeta/max_abs" value="4.76837158203125e-07" /><property name="custom/float32/dbeta/max_abs_over_ref_max" value="1.1528560278806702e-07" /></properties></testcase><testcase classname="test.test_triton_equivariant_layer_norm_backward" name="test_backward_split_only_one_weight_requires_grad[scalar-per_degree]" time="0.008" /><testcase classname="test.test_triton_equivariant_layer_norm_backward" name="test_backward_split_only_one_weight_requires_grad[scalar-scalar_high]" time="0.007" /><testcase classname="test.test_triton_equivariant_layer_norm_backward" name="test_backward_split_only_one_weight_requires_grad[higher-per_degree]" time="0.008" /><testcase classname="test.test_triton_equivariant_layer_norm_backward" name="test_backward_split_only_one_weight_requires_grad[higher-scalar_high]" time="0.007" /><testcase classname="test.test_triton_equivariant_layer_norm_backward" name="test_backward_nan_isolation[0-X-per_degree]" time="0.016" /><testcase classname="test.test_triton_equivariant_layer_norm_backward" name="test_backward_nan_isolation[0-X-scalar_high]" time="0.011" /><testcase classname="test.test_triton_equivariant_layer_norm_backward" name="test_backward_nan_isolation[0-dY-per_degree]" time="0.010" /><testcase classname="test.test_triton_equivariant_layer_norm_backward" name="test_backward_nan_isolation[0-dY-scalar_high]" time="0.010" /><testcase classname="test.test_triton_equivariant_layer_norm_backward" name="test_backward_nan_isolation[1-X-per_degree]" time="0.010" /><testcase classname="test.test_triton_equivariant_layer_norm_backward" name="test_backward_nan_isolation[1-X-scalar_high]" time="0.009" /><testcase classname="test.test_triton_equivariant_layer_norm_backward" name="test_backward_nan_isolation[1-dY-per_degree]" time="0.010" /><testcase classname="test.test_triton_equivariant_layer_norm_backward" name="test_backward_nan_isolation[1-dY-scalar_high]" time="0.009" /><testcase classname="test.test_triton_equivariant_layer_norm_backward" name="test_backward_model_shape_l4_c128_n108[per_degree]" time="3.770"><properties><property name="l4_c128_n108/float64/dX/max_abs" value="1.3782410661633548e-06" /><property name="l4_c128_n108/float64/dX/max_abs_over_ref_max" value="1.2122340309295404e-07" /><property name="l4_c128_n108/float64/dgamma/max_abs" value="9.471696571949906e-06" /><property name="l4_c128_n108/float64/dgamma/max_abs_over_ref_max" value="9.314008056654833e-08" /><property name="l4_c128_n108/float64/dbeta/max_abs" value="8.791685104370117e-07" /><property name="l4_c128_n108/float64/dbeta/max_abs_over_ref_max" value="3.0885545887053064e-08" /><property name="l4_c128_n108/float32/dX/max_abs" value="1.9073486328125e-06" /><property name="l4_c128_n108/float32/dX/max_abs_over_ref_max" value="1.6776114034628583e-07" /><property name="l4_c128_n108/float32/dgamma/max_abs" value="1.52587890625e-05" /><property name="l4_c128_n108/float32/dgamma/max_abs_over_ref_max" value="1.5004755006861674e-07" /><property name="l4_c128_n108/float32/dbeta/max_abs" value="1.9073486328125e-06" /><property name="l4_c128_n108/float32/dbeta/max_abs_over_ref_max" value="6.700593109699698e-08" /></properties></testcase><testcase classname="test.test_triton_equivariant_layer_norm_backward" name="test_backward_model_shape_l4_c128_n108[scalar_high]" time="2.279"><properties><property name="l4_c128_n108/float64/dX/max_abs" value="1.4193992896593954e-06" /><property name="l4_c128_n108/float64/dX/max_abs_over_ref_max" value="1.2076765512509558e-07" /><property name="l4_c128_n108/float64/dgamma_scalar/max_abs" value="3.049484050166029e-06" /><property name="l4_c128_n108/float64/dgamma_scalar/max_abs_over_ref_max" value="1.0378006261235275e-07" /><property name="l4_c128_n108/float64/dgamma_high/max_abs" value="1.0736110013453981e-05" /><property name="l4_c128_n108/float64/dgamma_high/max_abs_over_ref_max" value="1.0412655173194212e-07" /><property name="l4_c128_n108/float64/dbeta/max_abs" value="8.791685104370117e-07" /><property name="l4_c128_n108/float64/dbeta/max_abs_over_ref_max" value="3.0885545887053064e-08" /><property name="l4_c128_n108/float32/dX/max_abs" value="1.430511474609375e-06" /><property name="l4_c128_n108/float32/dX/max_abs_over_ref_max" value="1.2171312686621724e-07" /><property name="l4_c128_n108/float32/dgamma_scalar/max_abs" value="3.814697265625e-06" /><property name="l4_c128_n108/float32/dgamma_scalar/max_abs_over_ref_max" value="1.2982180918115412e-07" /><property name="l4_c128_n108/float32/dgamma_high/max_abs" value="1.52587890625e-05" /><property name="l4_c128_n108/float32/dgamma_high/max_abs_over_ref_max" value="1.47990762712573e-07" /><property name="l4_c128_n108/float32/dbeta/max_abs" value="1.9073486328125e-06" /><property name="l4_c128_n108/float32/dbeta/max_abs_over_ref_max" value="6.700593109699698e-08" /></properties></testcase><testcase classname="test.test_triton_equivariant_layer_norm_backward" name="test_backward_tiny_epsilon_zero_input_stays_finite[per_degree]" time="0.413"><properties><property name="tiny_eps/dX/max_abs_over_rstd" value="2.6365196400000004e-07" /><property name="tiny_eps/dgamma/max_abs" value="0.0" /><property name="tiny_eps/dgamma/max_abs_over_ref_max" value="0.0" /><property name="tiny_eps/dbeta/max_abs" value="1.1920928955078125e-07" /><property name="tiny_eps/dbeta/max_abs_over_ref_max" value="4.060782018751641e-08" /></properties></testcase><testcase classname="test.test_triton_equivariant_layer_norm_backward" name="test_backward_tiny_epsilon_zero_input_stays_finite[scalar_high]" time="0.606"><properties><property name="tiny_eps/dX/max_abs_over_rstd" value="2.6365196400000004e-07" /><property name="tiny_eps/dgamma/max_abs" value="0.0" /><property name="tiny_eps/dgamma/max_abs_over_ref_max" value="0.0" /><property name="tiny_eps/dbeta/max_abs" value="1.1920928955078125e-07" /><property name="tiny_eps/dbeta/max_abs_over_ref_max" value="4.060782018751641e-08" /></properties></testcase><testcase classname="test.test_triton_equivariant_layer_norm_backward" name="test_backward_optional_original_source_chain_two_sgd_steps" time="1.327"><properties>
[...]
</properties></testcase><testcase classname="test.test_triton_equivariant_layer_norm_precision" name="test_large_parameter_reduction_cancellation[per_degree]" time="1.928"><properties><property name="dgamma/max_abs" value="6.035659016849493e-11" /><property name="dbeta/max_abs" value="5.059064278611913e-12" /></properties></testcase><testcase classname="test.test_triton_equivariant_layer_norm_precision" name="test_large_parameter_reduction_cancellation[scalar_high]" time="0.671"><properties><property name="dgamma/max_abs" value="6.035659016849493e-11" /><property name="dbeta/max_abs" value="5.059064278611913e-12" /></properties></testcase><testcase classname="test.test_triton_equivariant_layer_norm_precision" name="test_large_parameter_reduction_partial_final_tile" time="1.151"><properties><property name="dgamma/max_abs" value="2.4951037980516788e-11" /><property name="dbeta/max_abs" value="6.658673612491839e-12" /></properties></testcase><testcase classname="test.test_triton_equivariant_layer_norm_precision" name="test_large_random_gradients_match_fp64[per_degree]" time="2.190"><properties><property name="dX/max_abs" value="1.7972310235592204e-06" /><property name="dgamma/max_abs" value="4.841833600721657e-05" /><property name="dbeta/max_abs" value="7.3429339408903616e-06" /></properties></testcase><testcase classname="test.test_triton_equivariant_layer_norm_precision" name="test_large_random_gradients_match_fp64[scalar_high]" time="1.236"><properties><property name="dX/max_abs" value="1.5982394288016621e-06" /><property name="dgamma/max_abs" value="4.773103921706934e-05" /><property name="dbeta/max_abs" value="7.3429339408903616e-06" /></properties></testcase><testcase classname="test.test_triton_equivariant_layer_norm_precision" name="test_optional_original_source_large_batch_acceptance[V3-EquivariantLayerNorm-1-NKC]" time="0.095"><properties><property name="source/path" value="/public/home/lixian_ma/zxb/eqv3_five_ops_20260916/reference/layer_norm.py" /><property name="source/sha256" value="41e00b377cbacef4713d88697c06e419f3b8c208d9fcc55be78b53fd5a23c2c6" /><property name="source/class" value="EquivariantLayerNorm" /><property name="reference" value="original FP32 source forward and autograd" /><property name="forward/max_abs" value="4.76837158203125e-07" /><property name="forward/relative_l2" value="5.3410058254691715e-08" /><property name="forward/failures" value="0" /><property name="forward/max_tolerance_ratio" value="0.0011095448652510464" /><property name="dX/max_abs" value="4.76837158203125e-07" /><property name="dX/relative_l2" value="5.156200083403845e-08" /><property name="dX/failures" value="0" /><property name="dX/max_tolerance_ratio" value="0.0008756392221048817" /><property name="parameter/affine_weight/max_abs" value="9.5367431640625e-07" /><property name="parameter/affine_weight/relative_l2" value="7.811590161572704e-08" /><property name="parameter/affine_weight/failures" value="0" /><property name="parameter/affine_weight/max_tolerance_ratio" value="0.001622339322356404" /><property name="parameter/affine_bias/max_abs" value="0.0" /><property name="parameter/affine_bias/relative_l2" value="0.0" /><property name="parameter/affine_bias/failures" value="0" /><property name="parameter/affine_bias/max_tolerance_ratio" value="0.0" /></properties></testcase><testcase classname="test.test_triton_equivariant_layer_norm_precision" name="test_optional_original_source_large_batch_acceptance[V3-EquivariantLayerNorm-1-KNC]" time="0.020"><properties><property name="source/path" value="/public/home/lixian_ma/zxb/eqv3_five_ops_20260916/reference/layer_norm.py" /><property name="source/sha256" value="41e00b377cbacef4713d88697c06e419f3b8c208d9fcc55be78b53fd5a23c2c6" /><property name="source/class" value="EquivariantLayerNorm" /><property name="reference" value="original FP32 source forward and autograd" /><property name="forward/max_abs" value="4.76837158203125e-07" /><property name="forward/relative_l2" value="5.3410058254691715e-08" /><property name="forward/failures" value="0" /><property name="forward/max_tolerance_ratio" value="0.0011095448652510464" /><property name="dX/max_abs" value="4.76837158203125e-07" /><property name="dX/relative_l2" value="5.156200083403845e-08" /><property name="dX/failures" value="0" /><property name="dX/max_tolerance_ratio" value="0.0008756392221048817" /><property name="parameter/affine_weight/max_abs" value="9.5367431640625e-07" /><property name="parameter/affine_weight/relative_l2" value="7.811590161572704e-08" /><property name="parameter/affine_weight/failures" value="0" /><property name="parameter/affine_weight/max_tolerance_ratio" value="0.001622339322356404" /><property name="parameter/affine_bias/max_abs" value="0.0" /><property name="parameter/affine_bias/relative_l2" value="0.0" /><property name="parameter/affine_bias/failures" value="0" /><property name="parameter/affine_bias/max_tolerance_ratio" value="0.0" /></properties></testcase><testcase classname="test.test_triton_equivariant_layer_norm_precision" name="test_optional_original_source_large_batch_acceptance[V3-EquivariantLayerNorm-17-NKC]" time="0.020"><properties><property name="source/path" value="/public/home/lixian_ma/zxb/eqv3_five_ops_20260916/reference/layer_norm.py" /><property name="source/sha256" value="41e00b377cbacef4713d88697c06e419f3b8c208d9fcc55be78b53fd5a23c2c6" /><property name="source/class" value="EquivariantLayerNorm" /><property name="reference" value="original FP32 source forward and autograd" /><property name="forward/max_abs" value="9.5367431640625e-07" /><property name="forward/relative_l2" value="4.4413114347913375e-08" /><property name="forward/failures" value="0" /><property name="forward/max_tolerance_ratio" value="0.002389596461676727" /><property name="dX/max_abs" value="1.430511474609375e-06" /><property name="dX/relative_l2" value="4.7610655949999855e-08" /><property name="dX/failures" value="0" /><property name="dX/max_tolerance_ratio" value="0.0013045867810083057" /><property name="parameter/affine_weight/max_abs" value="2.86102294921875e-06" /><property name="parameter/affine_weight/relative_l2" value="9.740668267827868e-08" /><property name="parameter/affine_weight/failures" value="0" /><property name="parameter/affine_weight/max_tolerance_ratio" value="0.012313861146175074" /><property name="parameter/affine_bias/max_abs" value="0.0" /><property name="parameter/affine_bias/relative_l2" value="0.0" /><property name="parameter/affine_bias/failures" value="0" /><property name="parameter/affine_bias/max_tolerance_ratio" value="0.0" /></properties></testcase><testcase classname="test.test_triton_equivariant_layer_norm_precision" name="test_optional_original_source_large_batch_acceptance[V3-EquivariantLayerNorm-17-KNC]" time="1.168"><properties><property name="source/path" value="/public/home/lixian_ma/zxb/eqv3_five_ops_20260916/reference/layer_norm.py" /><property name="source/sha256" value="41e00b377cbacef4713d88697c06e419f3b8c208d9fcc55be78b53fd5a23c2c6" /><property name="source/class" value="EquivariantLayerNorm" /><property name="reference" value="original FP32 source forward and autograd" /><property name="forward/max_abs" value="9.5367431640625e-07" /><property name="forward/relative_l2" value="4.4413114347913375e-08" /><property name="forward/failures" value="0" /><property name="forward/max_tolerance_ratio" value="0.002389596461676727" /><property name="dX/max_abs" value="1.430511474609375e-06" /><property name="dX/relative_l2" value="4.7610655949999855e-08" /><property name="dX/failures" value="0" /><property name="dX/max_tolerance_ratio" value="0.0013045867810083057" /><property name="parameter/affine_weight/max_abs" value="2.86102294921875e-06" /><property name="parameter/affine_weight/relative_l2" value="9.740668267827868e-08" /><property name="parameter/affine_weight/failures" value="0" /><property name="parameter/affine_weight/max_tolerance_ratio" value="0.012313861146175074" /><property name="parameter/affine_bias/max_abs" value="0.0" /><property name="parameter/affine_bias/relative_l2" value="0.0" /><property name="parameter/affine_bias/failures" value="0" /><property name="parameter/affine_bias/max_tolerance_ratio" value="0.0" /></properties></testcase><testcase classname="test.test_triton_equivariant_layer_norm_precision" name="test_optional_original_source_large_batch_acceptance[V3-EquivariantLayerNorm-257-NKC]" time="0.020"><properties><property name="source/path" value="/public/home/lixian_ma/zxb/eqv3_five_ops_20260916/reference/layer_norm.py" /><property name="source/sha256" value="41e00b377cbacef4713d88697c06e419f3b8c208d9fcc55be78b53fd5a23c2c6" /><property name="source/class" value="EquivariantLayerNorm" /><property name="reference" value="original FP32 source forward and autograd" /><property name="forward/max_abs" value="1.9073486328125e-06" /><property name="forward/relative_l2" value="4.658733087127578e-08" /><property name="forward/failures" value="0" /><property name="forward/max_tolerance_ratio" value="0.0057868986158510095" /><property name="dX/max_abs" value="1.9073486328125e-06" /><property name="dX/relative_l2" value="4.890576467570458e-08" /><property name="dX/failures" value="0" /><property name="dX/max_tolerance_ratio" value="0.0022039486108608327" /><property name="parameter/affine_weight/max_abs" value="1.52587890625e-05" /><property name="parameter/affine_weight/relative_l2" value="1.290539311586234e-07" /><property name="parameter/affine_weight/failures" value="0" /><property name="parameter/affine_weight/max_tolerance_ratio" value="0.04368436878635358" /><property name="parameter/affine_bias/max_abs" value="0.0" /><property name="parameter/affine_bias/relative_l2" value="0.0" /><property name="parameter/affine_bias/failures" value="0" /><property name="parameter/affine_bias/max_tolerance_ratio" value="0.0" /></properties></testcase><testcase classname="test.test_triton_equivariant_layer_norm_precision" name="test_optional_original_source_large_batch_acceptance[V3-EquivariantLayerNorm-257-KNC]" time="1.150"><properties><property name="source/path" value="/public/home/lixian_ma/zxb/eqv3_five_ops_20260916/reference/layer_norm.py" /><property name="source/sha256" value="41e00b377cbacef4713d88697c06e419f3b8c208d9fcc55be78b53fd5a23c2c6" /><property name="source/class" value="EquivariantLayerNorm" /><property name="reference" value="original FP32 source forward and autograd" /><property name="forward/max_abs" value="1.9073486328125e-06" /><property name="forward/relative_l2" value="4.658733087127578e-08" /><property name="forward/failures" value="0" /><property name="forward/max_tolerance_ratio" value="0.0057868986158510095" /><property name="dX/max_abs" value="1.9073486328125e-06" /><property name="dX/relative_l2" value="4.890576467570458e-08" /><property name="dX/failures" value="0" /><property name="dX/max_tolerance_ratio" value="0.0022039486108608327" /><property name="parameter/affine_weight/max_abs" value="1.52587890625e-05" /><property name="parameter/affine_weight/relative_l2" value="1.290539311586234e-07" /><property name="parameter/affine_weight/failures" value="0" /><property name="parameter/affine_weight/max_tolerance_ratio" value="0.04368436878635358" /><property name="parameter/affine_bias/max_abs" value="0.0" /><property name="parameter/affine_bias/relative_l2" value="0.0" /><property name="parameter/affine_bias/failures" value="0" /><property name="parameter/affine_bias/max_tolerance_ratio" value="0.0" /></properties></testcase><testcase classname="test.test_triton_equivariant_layer_norm_precision" name="test_optional_original_source_large_batch_acceptance[V3-EquivariantLayerNorm-4096-NKC]" time="0.024"><properties><property name="source/path" value="/public/home/lixian_ma/zxb/eqv3_five_ops_20260916/reference/layer_norm.py" /><property name="source/sha256" value="41e00b377cbacef4713d88697c06e419f3b8c208d9fcc55be78b53fd5a23c2c6" /><property name="source/class" value="EquivariantLayerNorm" /><property name="reference" value="original FP32 source forward and autograd" /><property name="forward/max_abs" value="1.9073486328125e-06" /><property name="forward/relative_l2" value="4.777732646329321e-08" /><property name="forward/failures" value="0" /><property name="forward/max_tolerance_ratio" value="0.009503300496262352" /><property name="dX/max_abs" value="1.9073486328125e-06" /><property name="dX/relative_l2" value="5.049672711226593e-08" /><property name="dX/failures" value="0" /><property name="dX/max_tolerance_ratio" value="0.0029825188604551004" /><property name="parameter/affine_weight/max_abs" value="7.62939453125e-05" /><property name="parameter/affine_weight/relative_l2" value="1.573220023786646e-07" /><property name="parameter/affine_weight/failures" value="0" /><property name="parameter/affine_weight/max_tolerance_ratio" value="0.2774656289452144" /><property name="parameter/affine_bias/max_abs" value="0.0" /><property name="parameter/affine_bias/relative_l2" value="0.0" /><property name="parameter/affine_bias/failures" value="0" /><property name="parameter/affine_bias/max_tolerance_ratio" value="0.0" /></properties></testcase><testcase classname="test.test_triton_equivariant_layer_norm_precision" name="test_optional_original_source_large_batch_acceptance[V3-EquivariantLayerNorm-4096-KNC]" time="1.178"><properties><property name="source/path" value="/public/home/lixian_ma/zxb/eqv3_five_ops_20260916/reference/layer_norm.py" /><property name="source/sha256" value="41e00b377cbacef4713d88697c06e419f3b8c208d9fcc55be78b53fd5a23c2c6" /><property name="source/class" value="EquivariantLayerNorm" /><property name="reference" value="original FP32 source forward and autograd" /><property name="forward/max_abs" value="1.9073486328125e-06" /><property name="forward/relative_l2" value="4.777732646329321e-08" /><property name="forward/failures" value="0" /><property name="forward/max_tolerance_ratio" value="0.009503300496262352" /><property name="dX/max_abs" value="1.9073486328125e-06" /><property name="dX/relative_l2" value="5.049672711226593e-08" /><property name="dX/failures" value="0" /><property name="dX/max_tolerance_ratio" value="0.0029825188604551004" /><property name="parameter/affine_weight/max_abs" value="7.62939453125e-05" /><property name="parameter/affine_weight/relative_l2" value="1.573220023786646e-07" /><property name="parameter/affine_weight/failures" value="0" /><property name="parameter/affine_weight/max_tolerance_ratio" value="0.2774656289452144" /><property name="parameter/affine_bias/max_abs" value="0.0" /><property name="parameter/affine_bias/relative_l2" value="0.0" /><property name="parameter/affine_bias/failures" value="0" /><property name="parameter/affine_bias/max_tolerance_ratio" value="0.0" /></properties></testcase><testcase classname="test.test_triton_equivariant_layer_norm_precision" name="test_optional_original_source_large_batch_acceptance[V3-EquivariantLayerNorm-27648-NKC]" time="0.075"><properties><property name="source/path" value="/public/home/lixian_ma/zxb/eqv3_five_ops_20260916/reference/layer_norm.py" /><property name="source/sha256" value="41e00b377cbacef4713d88697c06e419f3b8c208d9fcc55be78b53fd5a23c2c6" /><property name="source/class" value="EquivariantLayerNorm" /><property name="reference" value="original FP32 source forward and autograd" /><property name="forward/max_abs" value="1.9073486328125e-06" /><property name="forward/relative_l2" value="4.835582189745647e-08" /><property name="forward/failures" value="0" /><property name="forward/max_tolerance_ratio" value="0.013758362791516775" /><property name="dX/max_abs" value="1.9073486328125e-06" /><property name="dX/relative_l2" value="5.111954736894941e-08" /><property name="dX/failures" value="0" /><property name="dX/max_tolerance_ratio" value="0.0034371535793891093" /><property name="paramete
[...]
ue="0" /><property name="parameter/norm_l0.bias/max_tolerance_ratio" value="0.0" /></properties></testcase><testcase classname="test.test_triton_equivariant_layer_norm_precision" name="test_optional_original_source_unweighted_component_cancellation[V3-EquivariantLayerNorm]" time="0.865"><properties><property name="source/path" value="/public/home/lixian_ma/zxb/eqv3_five_ops_20260916/reference/layer_norm.py" /><property name="source/sha256" value="41e00b377cbacef4713d88697c06e419f3b8c208d9fcc55be78b53fd5a23c2c6" /><property name="source/class" value="EquivariantLayerNorm" /><property name="source/affine" value="False" /><property name="reference" value="original FP32 source forward and autograd" /><property name="forward/max_abs" value="0.0" /><property name="forward/relative_l2" value="0.0" /><property name="forward/failures" value="0" /><property name="forward/max_tolerance_ratio" value="0.0" /><property name="dX/max_abs" value="3.725290298461914e-09" /><property name="dX/relative_l2" value="1.117592722205894e-16" /><property name="dX/failures" value="0" /><property name="dX/max_tolerance_ratio" value="5.047191798507139e-05" /></properties></testcase><testcase classname="test.test_triton_equivariant_layer_norm_precision" name="test_optional_original_source_unweighted_component_cancellation[V2-EquivariantLayerNormArraySphericalHarmonics]" time="0.612"><properties><property name="source/path" value="/public/home/lixian_ma/zxb/eqv3_five_ops_20260916/reference/layer_norm_v2.py" /><property name="source/sha256" value="fdd7955f1fc3ef4e0a0ccbfb761128b5b269ad09f50423428f77aee12a53480c" /><property name="source/class" value="EquivariantLayerNormArraySphericalHarmonics" /><property name="source/affine" value="False" /><property name="reference" value="original FP32 source forward and autograd" /><property name="forward/max_abs" value="0.0" /><property name="forward/relative_l2" value="0.0" /><property name="forward/failures" value="0" /><property name="forward/max_tolerance_ratio" value="0.0" /><property name="dX/max_abs" value="4.656612873077393e-10" /><property name="dX/relative_l2" value="2.304917394723187e-17" /><property name="dX/failures" value="0" /><property name="dX/max_tolerance_ratio" value="8.720034953667149e-06" /></properties></testcase><testcase classname="test.test_triton_equivariant_layer_norm_precision" name="test_optional_original_source_unweighted_component_cancellation[V3-EquivariantSeparableLayerNorm]" time="1.032"><properties><property name="source/path" value="/public/home/lixian_ma/zxb/eqv3_five_ops_20260916/reference/layer_norm.py" /><property name="source/sha256" value="41e00b377cbacef4713d88697c06e419f3b8c208d9fcc55be78b53fd5a23c2c6" /><property name="source/class" value="EquivariantSeparableLayerNorm" /><property name="source/affine" value="False" /><property name="reference" value="original FP32 source forward and autograd" /><property name="forward/max_abs" value="0.0" /><property name="forward/relative_l2" value="0.0" /><property name="forward/failures" value="0" /><property name="forward/max_tolerance_ratio" value="0.0" /><property name="dX/max_abs" value="4.656612873077393e-10" /><property name="dX/relative_l2" value="2.304917394723187e-17" /><property name="dX/failures" value="0" /><property name="dX/max_tolerance_ratio" value="8.720034953667149e-06" /></properties></testcase><testcase classname="test.test_triton_equivariant_layer_norm_precision" name="test_optional_original_source_shared_scale_degree_accumulation[large_cancel_then_small]" time="0.020"><properties><property name="source/path" value="/public/home/lixian_ma/zxb/eqv3_five_ops_20260916/reference/layer_norm_v2.py" /><property name="source/sha256" value="fdd7955f1fc3ef4e0a0ccbfb761128b5b269ad09f50423428f77aee12a53480c" /><property name="source/class" value="EquivariantLayerNormArraySphericalHarmonics" /><property name="reference" value="original FP32 source forward and autograd" /><property name="upstream/degrees1_2_3" value="(100000000.0, -100000000.0, 1.0)" /><property name="forward/max_abs" value="0.0" /><property name="forward/relative_l2" value="0.0" /><property name="forward/failures" value="0" /><property name="forward/max_tolerance_ratio" value="0.0" /><property name="dX/max_abs" value="0.0" /><property name="dX/relative_l2" value="0.0" /><property name="dX/failures" value="0" /><property name="dX/max_tolerance_ratio" value="0.0" /><property name="parameter/affine_weight/max_abs" value="0.0" /><property name="parameter/affine_weight/relative_l2" value="0.0" /><property name="parameter/affine_weight/failures" value="0" /><property name="parameter/affine_weight/max_tolerance_ratio" value="0.0" /><property name="parameter/norm_l0.weight/max_abs" value="0.0" /><property name="parameter/norm_l0.weight/relative_l2" value="0.0" /><property name="parameter/norm_l0.weight/failures" value="0" /><property name="parameter/norm_l0.weight/max_tolerance_ratio" value="0.0" /><property name="parameter/norm_l0.bias/max_abs" value="0.0" /><property name="parameter/norm_l0.bias/relative_l2" value="0.0" /><property name="parameter/norm_l0.bias/failures" value="0" /><property name="parameter/norm_l0.bias/max_tolerance_ratio" value="0.0" /></properties></testcase><testcase classname="test.test_triton_equivariant_layer_norm_precision" name="test_optional_original_source_shared_scale_degree_accumulation[small_between_large]" time="0.019"><properties><property name="source/path" value="/public/home/lixian_ma/zxb/eqv3_five_ops_20260916/reference/layer_norm_v2.py" /><property name="source/sha256" value="fdd7955f1fc3ef4e0a0ccbfb761128b5b269ad09f50423428f77aee12a53480c" /><property name="source/class" value="EquivariantLayerNormArraySphericalHarmonics" /><property name="reference" value="original FP32 source forward and autograd" /><property name="upstream/degrees1_2_3" value="(100000000.0, 1.0, -100000000.0)" /><property name="forward/max_abs" value="0.0" /><property name="forward/relative_l2" value="0.0" /><property name="forward/failures" value="0" /><property name="forward/max_tolerance_ratio" value="0.0" /><property name="dX/max_abs" value="0.0" /><property name="dX/relative_l2" value="0.0" /><property name="dX/failures" value="0" /><property name="dX/max_tolerance_ratio" value="0.0" /><property name="parameter/affine_weight/max_abs" value="0.0" /><property name="parameter/affine_weight/relative_l2" value="0.0" /><property name="parameter/affine_weight/failures" value="0" /><property name="parameter/affine_weight/max_tolerance_ratio" value="0.0" /><property name="parameter/norm_l0.weight/max_abs" value="0.0" /><property name="parameter/norm_l0.weight/relative_l2" value="0.0" /><property name="parameter/norm_l0.weight/failures" value="0" /><property name="parameter/norm_l0.weight/max_tolerance_ratio" value="0.0" /><property name="parameter/norm_l0.bias/max_abs" value="0.0" /><property name="parameter/norm_l0.bias/relative_l2" value="0.0" /><property name="parameter/norm_l0.bias/failures" value="0" /><property name="parameter/norm_l0.bias/max_tolerance_ratio" value="0.0" /></properties></testcase><testcase classname="test.test_triton_equivariant_layer_norm_precision" name="test_optional_original_source_wide_reduction_acceptance[V3-EquivariantSeparableLayerNorm-17-5-256]" time="3.757"><properties><property name="source/path" value="/public/home/lixian_ma/zxb/eqv3_five_ops_20260916/reference/layer_norm.py" /><property name="source/sha256" value="41e00b377cbacef4713d88697c06e419f3b8c208d9fcc55be78b53fd5a23c2c6" /><property name="source/class" value="EquivariantSeparableLayerNorm" /><property name="reference" value="original FP32 source forward and autograd" /><property name="source/empty_parameters" value="" /><property name="forward/max_abs" value="1.9073486328125e-06" /><property name="forward/relative_l2" value="5.390540403255223e-08" /><property name="forward/failures" value="0" /><property name="forward/max_tolerance_ratio" value="0.002579848067668925" /><property name="dX/max_abs" value="9.5367431640625e-07" /><property name="dX/relative_l2" value="5.58336779934152e-08" /><property name="dX/failures" value="0" /><property name="dX/max_tolerance_ratio" value="0.0005911498261963351" /><property name="parameter/affine_weight/max_abs" value="5.7220458984375e-06" /><property name="parameter/affine_weight/relative_l2" value="1.1529177105921527e-07" /><property name="parameter/affine_weight/failures" value="0" /><property name="parameter/affine_weight/max_tolerance_ratio" value="0.027904298704712137" /><property name="parameter/norm_l0.weight/max_abs" value="2.384185791015625e-06" /><property name="parameter/norm_l0.weight/relative_l2" value="1.0412826113765742e-07" /><property name="parameter/norm_l0.weight/failures" value="0" /><property name="parameter/norm_l0.weight/max_tolerance_ratio" value="0.006416807312388275" /><property name="parameter/norm_l0.bias/max_abs" value="1.430511474609375e-06" /><property name="parameter/norm_l0.bias/relative_l2" value="9.514053273568066e-08" /><property name="parameter/norm_l0.bias/failures" value="0" /><property name="parameter/norm_l0.bias/max_tolerance_ratio" value="0.004477986743634302" /></properties></testcase><testcase classname="test.test_triton_equivariant_layer_norm_precision" name="test_optional_original_source_wide_reduction_acceptance[V3-EquivariantLayerNorm-108-0-8192]" time="1.024"><properties><property name="source/path" value="/public/home/lixian_ma/zxb/eqv3_five_ops_20260916/reference/layer_norm.py" /><property name="source/sha256" value="41e00b377cbacef4713d88697c06e419f3b8c208d9fcc55be78b53fd5a23c2c6" /><property name="source/class" value="EquivariantLayerNorm" /><property name="reference" value="original FP32 source forward and autograd" /><property name="source/empty_parameters" value="" /><property name="forward/max_abs" value="1.9073486328125e-06" /><property name="forward/relative_l2" value="4.054460572905796e-08" /><property name="forward/failures" value="0" /><property name="forward/max_tolerance_ratio" value="0.008233664820679014" /><property name="dX/max_abs" value="1.9073486328125e-06" /><property name="dX/relative_l2" value="5.1924656908838857e-08" /><property name="dX/failures" value="0" /><property name="dX/max_tolerance_ratio" value="0.0006415433171330815" /><property name="parameter/affine_weight/max_abs" value="5.7220458984375e-06" /><property name="parameter/affine_weight/relative_l2" value="9.422916693480945e-08" /><property name="parameter/affine_weight/failures" value="0" /><property name="parameter/affine_weight/max_tolerance_ratio" value="0.03589259499872581" /><property name="parameter/affine_bias/max_abs" value="0.0" /><property name="parameter/affine_bias/relative_l2" value="0.0" /><property name="parameter/affine_bias/failures" value="0" /><property name="parameter/affine_bias/max_tolerance_ratio" value="0.0" /></properties></testcase><testcase classname="test.test_triton_equivariant_layer_norm_precision" name="test_optional_original_source_wide_reduction_acceptance[V2-EquivariantLayerNormArraySphericalHarmonics-108-0-8192]" time="1.023"><properties><property name="source/path" value="/public/home/lixian_ma/zxb/eqv3_five_ops_20260916/reference/layer_norm_v2.py" /><property name="source/sha256" value="fdd7955f1fc3ef4e0a0ccbfb761128b5b269ad09f50423428f77aee12a53480c" /><property name="source/class" value="EquivariantLayerNormArraySphericalHarmonics" /><property name="reference" value="original FP32 source forward and autograd" /><property name="source/empty_parameters" value="affine_weight" /><property name="forward/max_abs" value="1.9073486328125e-06" /><property name="forward/relative_l2" value="5.630945968484248e-08" /><property name="forward/failures" value="0" /><property name="forward/max_tolerance_ratio" value="0.007263845648236481" /><property name="dX/max_abs" value="1.9073486328125e-06" /><property name="dX/relative_l2" value="8.113591869707865e-08" /><property name="dX/failures" value="0" /><property name="dX/max_tolerance_ratio" value="0.0007454372299641986" /><property name="parameter/norm_l0.weight/max_abs" value="1.52587890625e-05" /><property name="parameter/norm_l0.weight/relative_l2" value="2.140260297944478e-07" /><property name="parameter/norm_l0.weight/failures" value="0" /><property name="parameter/norm_l0.weight/max_tolerance_ratio" value="0.04284823654511812" /><property name="parameter/norm_l0.bias/max_abs" value="1.9073486328125e-05" /><property name="parameter/norm_l0.bias/relative_l2" value="2.053635226645704e-07" /><property name="parameter/norm_l0.bias/failures" value="0" /><property name="parameter/norm_l0.bias/max_tolerance_ratio" value="0.06934690206137022" /></properties></testcase><testcase classname="test.test_triton_equivariant_layer_norm_precision" name="test_optional_original_source_scaling_precision_regressions[norm-32768]" time="0.100"><properties>
[...]
</properties></testcase><testcase classname="test.test_triton_equivariant_layer_norm_precision" name="test_optional_original_source_scaling_precision_regressions[norm-131072]" time="0.325"><properties>
[...]
</properties></testcase><testcase classname="test.test_triton_equivariant_layer_norm_precision" name="test_optional_original_source_scaling_precision_regressions[separable-524288]" time="1.159"><properties>
[...]
</properties></testcase><testcase classname="test.test_triton_equivariant_layer_norm_precision" name="test_generic_large_tile_skips_unused_source_schedules" time="42.925"><properties><property name="reference" value="independent FP32 reference_forward equations" /><property name="forward/max_abs" value="2.86102294921875e-06" /><property name="forward/relative_l2" value="6.37372565857635e-08" /><property name="forward/failures" value="0" /><property name="forward/max_tolerance_ratio" value="0.0006219277159536711" /></properties></testcase><testcase classname="test.test_triton_equivariant_layer_norm_precision" name="test_optional_original_source_scalar_pointer_alignment[1-EquivariantLayerNorm]" time="1.470"><properties><property name="source/path" value="/public/home/lixian_ma/zxb/eqv3_five_ops_20260916/reference/layer_norm.py" /><property name="source/sha256" value="41e00b377cbacef4713d88697c06e419f3b8c208d9fcc55be78b53fd5a23c2c6" /><property name="source/class" value="EquivariantLayerNorm" /><property name="reference" value="original FP32 source forward and autograd" /><property name="source/path" value="/public/home/lixian_ma/zxb/eqv3_five_ops_20260916/reference/layer_norm.py" /><property name="source/sha256" value="41e00b377cbacef4713d88697c06e419f3b8c208d9fcc55be78b53fd5a23c2c6" /><property name="source/class" value="EquivariantLayerNorm" /><property name="reference" value="original FP32 source forward and autograd" /><property name="input/pointer_mod16" value="4" /><property name="forward/max_abs" value="1.430511474609375e-06" /><property name="forward/relative_l2" value="5.339190383933465e-08" /><property name="forward/failures" value="0" /><property name="forward/max_tolerance_ratio" value="0.003948180915125165" /><property name="dX/max_abs" value="1.9073486328125e-06" /><property name="dX/relative_l2" value="5.5244196559635255e-08" /><property name="dX/failures" value="0" /><property name="dX/max_tolerance_ratio" value="0.0015953480501709307" /><property name="parameter/affine_weight/max_abs" value="3.814697265625e-06" /><property name="parameter/affine_weight/relative_l2" value="1.0367495806730406e-07" /><property name="parameter/affine_weight/failures" value="0" /><property name="parameter/affine_weight/max_tolerance_ratio" value="0.01486338385354423" /><property name="parameter/affine_bias/max_abs" value="0.0" /><property name="parameter/affine_bias/relative_l2" value="0.0" /><property name="parameter/affine_bias/failures" value="0" /><property name="parameter/affine_bias/max_tolerance_ratio" value="0.0" /></properties></testcase><testcase classname="test.test_triton_equivariant_layer_norm_precision" name="test_optional_original_source_scalar_pointer_alignment[2-EquivariantLayerNorm]" time="0.022"><properties><property name="source/path" value="/public/home/lixian_ma/zxb/eqv3_five_ops_20260916/reference/layer_norm.py" /><property name="source/sha256" value="41e00b377cbacef4713d88697c06e419f3b8c208d9fcc55be78b53fd5a23c2c6" /><property name="source/class" value="EquivariantLayerNorm" /><property name="reference" value="original FP32 source forward and autograd" /><property name="source/path" value="/public/home/lixian_ma/zxb/eqv3_five_ops_20260916/reference/layer_norm.py" /><property name="source/sha256" value="41e00b377cbacef4713d88697c06e419f3b8c208d9fcc55be78b53fd5a23c2c6" /><property name="source/class" value="EquivariantLayerNorm" /><property name="reference" value="original FP32 source forward and autograd" /><property name="input/pointer_mod16" value="8" /><property name="forward/max_abs" value="9.5367431640625e-07" /><property name="forward/relative_l2" value="5.061992679534559e-08" /><property name="forward/failures" value="0" /><property name="forward/max_tolerance_ratio" value="0.003065936646711507" /><property name="dX/max_abs" value="9.5367431640625e-07" /><property name="dX/relative_l2" value="5.428284855167771e-08" /><property name="dX/failures" value="0" /><property name="dX/max_tolerance_ratio" value="0.0006759000927740468" /><property name="parameter/affine_weight/max_abs" value="7.62939453125e-06" /><property name="parameter/affine_weight/relative_l2" value="1.1598617665160586e-07" /><property name="parameter/affine_weight/failures" value="0" /><property name="parameter/affine_weight/max_tolerance_ratio" value="0.01325011817449147" /><property name="parameter/affine_bias/max_abs" value="0.0" /><property name="parameter/affine_bias/relative_l2" value="0.0" /><property name="parameter/affine_bias/failures" value="0" /><property name="parameter/affine_bias/max_tolerance_ratio" value="0.0" /></properties></testcase><testcase classname="test.test_triton_equivariant_layer_norm_precision" name="test_optional_original_source_scalar_pointer_alignment[3-EquivariantLayerNorm]" time="0.021"><properties><property name="source/path" value="/public/home/lixian_ma/zxb/eqv3_five_ops_20260916/reference/layer_norm.py" /><property name="source/sha256" value="41e00b377cbacef4713d88697c06e419f3b8c208d9fcc55be78b53fd5a23c2c6" /><property name="source/class" value="EquivariantLayerNorm" /><property name="reference" value="original FP32 source forward and autograd" /><property name="source/path" value="/public/home/lixian_ma/zxb/eqv3_five_ops_20260916/reference/layer_norm.py" /><property name="source/sha256" value="41e00b377cbacef4713d88697c06e419f3b8c208d9fcc55be78b53fd5a23c2c6" /><property name="source/class" value="EquivariantLayerNorm" /><property name="reference" value="original FP32 source forward and autograd" /><property name="input/pointer_mod16" value="12" /><property name="forward/max_abs" value="9.5367431640625e-07" /><property name="forward/relative_l2" value="5.408523211406048e-08" /><property name="forward/failures" value="0" /><property name="forward/max_tolerance_ratio" value="0.0023238613776407975" /><property name="dX/max_abs" value="1.9073486328125e-06" /><property name="dX/relative_l2" value="5.716948504084214e-08" /><property name="dX/failures" value="0" /><property name="dX/max_tolerance_ratio" value="0.0009000574619185125" /><property name="parameter/affine_weight/max_abs" value="3.814697265625e-06" /><property name="parameter/affine_weight/relative_l2" value="1.0334189295223344e-07" /><property name="parameter/affine_weight/failures" value="0" /><property name="parameter/affine_weight/max_tolerance_ratio" value="0.021316353010743014" /><property name="parameter/affine_bias/max_abs" value="0.0" /><property name="parameter/affine_bias/relative_l2" value="0.0" /><property name="parameter/affine_bias/failures" value="0" /><property name="parameter/affine_bias/max_tolerance_ratio" value="0.0" /></properties></testcase></testsuite></testsuites>