<?xml version="1.0" encoding="utf-8"?><testsuites name="pytest tests"><testsuite name="pytest" errors="0" failures="0" skipped="0" tests="105" time="34.941" timestamp="2026-09-18T15:56:54.403850+08:00" hostname="gxn70"><testcase classname="repo.test.test_triton_graph_softmax_index" name="test_archived_shared_cancellation_analytic[h100]" time="4.255" /><testcase classname="repo.test.test_triton_graph_softmax_index" name="test_archived_shared_cancellation_analytic[hygon]" time="0.010" /><testcase classname="repo.test.test_triton_graph_softmax_index" name="test_backward_does_not_use_torch_reductions" time="0.507" /><testcase classname="repo.test.test_triton_graph_softmax_index" name="test_expanded_input_has_distinct_gradients" time="0.454" /><testcase classname="repo.test.test_triton_graph_softmax_index" name="test_head_tiles_and_reduction_tail[3-1]" time="0.480" /><testcase classname="repo.test.test_triton_graph_softmax_index" name="test_head_tiles_and_reduction_tail[3-4]" time="0.006" /><testcase classname="repo.test.test_triton_graph_softmax_index" name="test_head_tiles_and_reduction_tail[17-4]" time="0.646" /><testcase classname="repo.test.test_triton_graph_softmax_index" name="test_head_tiles_and_reduction_tail[33-8]" time="0.702" /><testcase classname="repo.test.test_triton_graph_softmax_index" name="test_head_tiles_and_reduction_tail[300-32]" time="0.842" /><testcase classname="repo.test.test_triton_graph_softmax_index" name="test_native_fp32_default_eps_dropout[0.0-index-none]" time="0.423" /><testcase classname="repo.test.test_triton_graph_softmax_index" name="test_native_fp32_default_eps_dropout[0.0-index-edge]" time="0.354" /><testcase classname="repo.test.test_triton_graph_softmax_index" name="test_native_fp32_default_eps_dropout[0.0-index-full]" time="0.287" /><testcase classname="repo.test.test_triton_graph_softmax_index" name="test_native_fp32_default_eps_dropout[0.0-ptr-none]" time="0.031" /><testcase classname="repo.test.test_triton_graph_softmax_index" name="test_native_fp32_default_eps_dropout[0.0-ptr-edge]" time="0.006" /><testcase classname="repo.test.test_triton_graph_softmax_index" name="test_native_fp32_default_eps_dropout[0.0-ptr-full]" time="0.005" /><testcase classname="repo.test.test_triton_graph_softmax_index" name="test_native_fp32_default_eps_dropout[0.25-index-none]" time="0.522" /><testcase classname="repo.test.test_triton_graph_softmax_index" name="test_native_fp32_default_eps_dropout[0.25-index-edge]" time="0.224" /><testcase classname="repo.test.test_triton_graph_softmax_index" name="test_native_fp32_default_eps_dropout[0.25-index-full]" time="0.219" /><testcase classname="repo.test.test_triton_graph_softmax_index" name="test_native_fp32_default_eps_dropout[0.25-ptr-none]" time="0.006" /><testcase classname="repo.test.test_triton_graph_softmax_index" name="test_native_fp32_default_eps_dropout[0.25-ptr-edge]" time="0.006" /><testcase classname="repo.test.test_triton_graph_softmax_index" name="test_native_fp32_default_eps_dropout[0.25-ptr-full]" time="0.006" /><testcase classname="repo.test.test_triton_graph_softmax_index" name="test_native_fp32_default_eps_dropout[1.0-index-none]" time="0.146" /><testcase classname="repo.test.test_triton_graph_softmax_index" name="test_native_fp32_default_eps_dropout[1.0-index-edge]" time="0.092" /><testcase classname="repo.test.test_triton_graph_softmax_index" name="test_native_fp32_default_eps_dropout[1.0-index-full]" time="0.094" /><testcase classname="repo.test.test_triton_graph_softmax_index" name="test_native_fp32_default_eps_dropout[1.0-ptr-none]" time="0.006" /><testcase classname="repo.test.test_triton_graph_softmax_index" name="test_native_fp32_default_eps_dropout[1.0-ptr-edge]" time="0.006" /><testcase classname="repo.test.test_triton_graph_softmax_index" name="test_native_fp32_default_eps_dropout[1.0-ptr-full]" time="0.006" /><testcase classname="repo.test.test_triton_graph_softmax_index" name="test_native_fp32_shapes[None-1-none]" time="0.480" /><testcase classname="repo.test.test_triton_graph_softmax_index" name="test_native_fp32_shapes[None-1-scalar]" time="0.642" /><testcase classname="repo.test.test_triton_graph_softmax_index" name="test_native_fp32_shapes[None-1-head]" time="0.299" /><testcase classname="repo.test.test_triton_graph_softmax_index" name="test_native_fp32_shapes[None-1-row]" time="0.006" /><testcase classname="repo.test.test_triton_graph_softmax_index" name="test_native_fp32_shapes[None-1-edge]" time="0.359" /><testcase classname="repo.test.test_triton_graph_softmax_index" name="test_native_fp32_shapes[None-1-full]" time="0.005" /><testcase classname="repo.test.test_triton_graph_softmax_index" name="test_native_fp32_shapes[None-3-none]" time="0.307" /><testcase classname="repo.test.test_triton_graph_softmax_index" name="test_native_fp32_shapes[None-3-scalar]" time="0.519" /><testcase classname="repo.test.test_triton_graph_softmax_index" name="test_native_fp32_shapes[None-3-head]" time="0.006" /><testcase classname="repo.test.test_triton_graph_softmax_index" name="test_native_fp32_shapes[None-3-row]" time="0.005" /><testcase classname="repo.test.test_triton_graph_softmax_index" name="test_native_fp32_shapes[None-3-edge]" time="0.212" /><testcase classname="repo.test.test_triton_graph_softmax_index" name="test_native_fp32_shapes[None-3-full]" time="0.319" /><testcase classname="repo.test.test_triton_graph_softmax_index" name="test_native_fp32_shapes[None-8-none]" time="0.165" /><testcase classname="repo.test.test_triton_graph_softmax_index" name="test_native_fp32_shapes[None-8-scalar]" time="0.503" /><testcase classname="repo.test.test_triton_graph_softmax_index" name="test_native_fp32_shapes[None-8-head]" time="0.281" /><testcase classname="repo.test.test_triton_graph_softmax_index" name="test_native_fp32_shapes[None-8-row]" time="0.006" /><testcase classname="repo.test.test_triton_graph_softmax_index" name="test_native_fp32_shapes[None-8-edge]" time="0.197" /><testcase classname="repo.test.test_triton_graph_softmax_index" name="test_native_fp32_shapes[None-8-full]" time="0.264" /><testcase classname="repo.test.test_triton_graph_softmax_index" name="test_native_fp32_shapes[None-17-none]" time="0.397" /><testcase classname="repo.test.test_triton_graph_softmax_index" name="test_native_fp32_shapes[None-17-scalar]" time="0.606" /><testcase classname="repo.test.test_triton_graph_softmax_index" name="test_native_fp32_shapes[None-17-head]" time="0.434" /><testcase classname="repo.test.test_triton_graph_softmax_index" name="test_native_fp32_shapes[None-17-row]" time="0.006" /><testcase classname="repo.test.test_triton_graph_softmax_index" name="test_native_fp32_shapes[None-17-edge]" time="0.211" /><testcase classname="repo.test.test_triton_graph_softmax_index" name="test_native_fp32_shapes[None-17-full]" time="0.313" /><testcase classname="repo.test.test_triton_graph_softmax_index" name="test_native_fp32_shapes[3.0-1-none]" time="0.294" /><testcase classname="repo.test.test_triton_graph_softmax_index" name="test_native_fp32_shapes[3.0-1-scalar]" time="0.221" /><testcase classname="repo.test.test_triton_graph_softmax_index" name="test_native_fp32_shapes[3.0-1-head]" time="0.212" /><testcase classname="repo.test.test_triton_graph_softmax_index" name="test_native_fp32_shapes[3.0-1-row]" time="0.006" /><testcase classname="repo.test.test_triton_graph_softmax_index" name="test_native_fp32_shapes[3.0-1-edge]" time="0.219" /><testcase classname="repo.test.test_triton_graph_softmax_index" name="test_native_fp32_shapes[3.0-1-full]" time="0.005" /><testcase classname="repo.test.test_triton_graph_softmax_index" name="test_native_fp32_shapes[3.0-3-none]" time="0.222" /><testcase classname="repo.test.test_triton_graph_softmax_index" name="test_native_fp32_shapes[3.0-3-scalar]" time="0.226" /><testcase classname="repo.test.test_triton_graph_softmax_index" name="test_native_fp32_shapes[3.0-3-head]" time="0.123" /><testcase classname="repo.test.test_triton_graph_softmax_index" name="test_native_fp32_shapes[3.0-3-row]" time="0.005" /><testcase classname="repo.test.test_triton_graph_softmax_index" name="test_native_fp32_shapes[3.0-3-edge]" time="0.005" /><testcase classname="repo.test.test_triton_graph_softmax_index" name="test_native_fp32_shapes[3.0-3-full]" time="0.237" /><testcase classname="repo.test.test_triton_graph_softmax_index" name="test_native_fp32_shapes[3.0-8-none]" time="0.114" /><testcase classname="repo.test.test_triton_graph_softmax_index" name="test_native_fp32_shapes[3.0-8-scalar]" time="0.196" /><testcase classname="repo.test.test_triton_graph_softmax_index" name="test_native_fp32_shapes[3.0-8-head]" time="0.196" /><testcase classname="repo.test.test_triton_graph_softmax_index" name="test_native_fp32_shapes[3.0-8-row]" time="0.005" /><testcase classname="repo.test.test_triton_graph_softmax_index" name="test_native_fp32_shapes[3.0-8-edge]" time="0.129" /><testcase classname="repo.test.test_triton_graph_softmax_index" name="test_native_fp32_shapes[3.0-8-full]" time="0.201" /><testcase classname="repo.test.test_triton_graph_softmax_index" name="test_native_fp32_shapes[3.0-17-none]" time="0.215" /><testcase classname="repo.test.test_triton_graph_softmax_index" name="test_native_fp32_shapes[3.0-17-scalar]" time="0.230" /><testcase classname="repo.test.test_triton_graph_softmax_index" name="test_native_fp32_shapes[3.0-17-head]" time="0.228" /><testcase classname="repo.test.test_triton_graph_softmax_index" name="test_native_fp32_shapes[3.0-17-row]" time="0.006" /><testcase classname="repo.test.test_triton_graph_softmax_index" name="test_native_fp32_shapes[3.0-17-edge]" time="0.005" /><testcase classname="repo.test.test_triton_graph_softmax_index" name="test_native_fp32_shapes[3.0-17-full]" time="0.227" /><testcase classname="repo.test.test_triton_graph_softmax_index" name="test_native_fp32_shared_dropout[0.25-scalar]" time="0.228" /><testcase classname="repo.test.test_triton_graph_softmax_index" name="test_native_fp32_shared_dropout[0.25-head]" time="0.223" /><testcase classname="repo.test.test_triton_graph_softmax_index" name="test_native_fp32_shared_dropout[0.25-row]" time="0.006" /><testcase classname="repo.test.test_triton_graph_softmax_index" name="test_native_fp32_shared_dropout[1.0-scalar]" time="0.087" /><testcase classname="repo.test.test_triton_graph_softmax_index" name="test_native_fp32_shared_dropout[1.0-head]" time="0.088" /><testcase classname="repo.test.test_triton_graph_softmax_index" name="test_native_fp32_shared_dropout[1.0-row]" time="0.005" /><testcase classname="repo.test.test_triton_graph_softmax_index" name="test_requested_gradient_subset[scalar-x]" time="0.205" /><testcase classname="repo.test.test_triton_graph_softmax_index" name="test_requested_gradient_subset[scalar-r]" time="0.005" /><testcase classname="repo.test.test_triton_graph_softmax_index" name="test_requested_gradient_subset[head-x]" time="0.120" /><testcase classname="repo.test.test_triton_graph_softmax_index" name="test_requested_gradient_subset[head-r]" time="0.005" /><testcase classname="repo.test.test_triton_graph_softmax_index" name="test_requested_gradient_subset[edge-x]" time="0.116" /><testcase classname="repo.test.test_triton_graph_softmax_index" name="test_requested_gradient_subset[edge-r]" time="0.095" /><testcase classname="repo.test.test_triton_graph_softmax_index" name="test_requested_gradient_subset[full-x]" time="0.118" /><testcase classname="repo.test.test_triton_graph_softmax_index" name="test_requested_gradient_subset[full-r]" time="0.096" /><testcase classname="repo.test.test_triton_graph_softmax_index" name="test_shared_zero_rescale_reduction_levels[1]" time="0.712" /><testcase classname="repo.test.test_triton_graph_softmax_index" name="test_shared_zero_rescale_reduction_levels[17]" time="0.539" /><testcase classname="repo.test.test_triton_graph_softmax_index" name="test_shared_zero_rescale_reduction_levels[257]" time="1.000" /><testcase classname="repo.test.test_triton_graph_softmax_index" name="test_shared_zero_rescale_reduction_levels[65537]" time="1.663" /><testcase classname="repo.test.test_triton_graph_softmax_index" name="test_single_neighbor_small_rescale_analytic[edge-0.01]" time="0.599" /><testcase classname="repo.test.test_triton_graph_softmax_index" name="test_single_neighbor_small_rescale_analytic[edge-0.0001]" time="0.006" /><testcase classname="repo.test.test_triton_graph_softmax_index" name="test_single_neighbor_small_rescale_analytic[edge-1e-06]" time="0.005" /><testcase classname="repo.test.test_triton_graph_softmax_index" name="test_single_neighbor_small_rescale_analytic[full-0.01]" time="0.279" /><testcase classname="repo.test.test_triton_graph_softmax_index" name="test_single_neighbor_small_rescale_analytic[full-0.0001]" time="0.005" /><testcase classname="repo.test.test_triton_graph_softmax_index" name="test_single_neighbor_small_rescale_analytic[full-1e-06]" time="0.005" /><testcase classname="repo.test.test_triton_graph_softmax_index" name="test_no_preprocessing_or_host_scalar_read" time="0.118" /><testcase classname="repo.test.test_triton_graph_softmax_index" name="test_changed_topology_and_strided_tensors[dtype0]" time="0.579" /><testcase classname="repo.test.test_triton_graph_softmax_index" name="test_changed_topology_and_strided_tensors[dtype1]" time="0.533" /><testcase classname="repo.test.test_triton_graph_softmax_index" name="test_high_degree_is_fused" time="0.527" /><testcase classname="repo.test.test_triton_graph_softmax_index" name="test_empty_input" time="0.003" /><testcase classname="repo.test.test_triton_graph_softmax_index" name="test_dropout_matches_csr_seed_and_gradients" time="1.675" /></testsuite></testsuites>