<?xml version="1.0" encoding="utf-8"?><testsuites name="pytest tests"><testsuite name="pytest" errors="0" failures="0" skipped="0" tests="66" time="76.419" timestamp="2026-09-17T10:25:49.683934+08:00" hostname="gxn70"><testcase classname="repo.test.test_triton_attention_alpha" name="test_shapes[silu-False-1]" time="4.151" /><testcase classname="repo.test.test_triton_attention_alpha" name="test_shapes[silu-False-3]" time="0.562" /><testcase classname="repo.test.test_triton_attention_alpha" name="test_shapes[silu-False-13]" time="0.339" /><testcase classname="repo.test.test_triton_attention_alpha" name="test_shapes[silu-False-32]" time="0.349" /><testcase classname="repo.test.test_triton_attention_alpha" name="test_shapes[silu-False-127]" time="0.825" /><testcase classname="repo.test.test_triton_attention_alpha" name="test_shapes[silu-False-256]" time="0.366" /><testcase classname="repo.test.test_triton_attention_alpha" name="test_shapes[silu-False-1025]" time="0.345" /><testcase classname="repo.test.test_triton_attention_alpha" name="test_shapes[silu-False-8192]" time="0.470" /><testcase classname="repo.test.test_triton_attention_alpha" name="test_shapes[silu-True-1]" time="1.598" /><testcase classname="repo.test.test_triton_attention_alpha" name="test_shapes[silu-True-3]" time="1.698" /><testcase classname="repo.test.test_triton_attention_alpha" name="test_shapes[silu-True-13]" time="1.792" /><testcase classname="repo.test.test_triton_attention_alpha" name="test_shapes[silu-True-32]" time="1.959" /><testcase classname="repo.test.test_triton_attention_alpha" name="test_shapes[silu-True-127]" time="3.008" /><testcase classname="repo.test.test_triton_attention_alpha" name="test_shapes[silu-True-256]" time="0.765" /><testcase classname="repo.test.test_triton_attention_alpha" name="test_shapes[silu-True-1025]" time="0.632" /><testcase classname="repo.test.test_triton_attention_alpha" name="test_shapes[silu-True-8192]" time="1.085" /><testcase classname="repo.test.test_triton_attention_alpha" name="test_shapes[smooth_leaky_relu-False-1]" time="0.214" /><testcase classname="repo.test.test_triton_attention_alpha" name="test_shapes[smooth_leaky_relu-False-3]" time="0.211" /><testcase classname="repo.test.test_triton_attention_alpha" name="test_shapes[smooth_leaky_relu-False-13]" time="0.258" /><testcase classname="repo.test.test_triton_attention_alpha" name="test_shapes[smooth_leaky_relu-False-32]" time="0.271" /><testcase classname="repo.test.test_triton_attention_alpha" name="test_shapes[smooth_leaky_relu-False-127]" time="0.771" /><testcase classname="repo.test.test_triton_attention_alpha" name="test_shapes[smooth_leaky_relu-False-256]" time="0.287" /><testcase classname="repo.test.test_triton_attention_alpha" name="test_shapes[smooth_leaky_relu-False-1025]" time="0.235" /><testcase classname="repo.test.test_triton_attention_alpha" name="test_shapes[smooth_leaky_relu-False-8192]" time="0.416" /><testcase classname="repo.test.test_triton_attention_alpha" name="test_shapes[smooth_leaky_relu-True-1]" time="1.278" /><testcase classname="repo.test.test_triton_attention_alpha" name="test_shapes[smooth_leaky_relu-True-3]" time="1.504" /><testcase classname="repo.test.test_triton_attention_alpha" name="test_shapes[smooth_leaky_relu-True-13]" time="1.644" /><testcase classname="repo.test.test_triton_attention_alpha" name="test_shapes[smooth_leaky_relu-True-32]" time="1.615" /><testcase classname="repo.test.test_triton_attention_alpha" name="test_shapes[smooth_leaky_relu-True-127]" time="2.367" /><testcase classname="repo.test.test_triton_attention_alpha" name="test_shapes[smooth_leaky_relu-True-256]" time="0.484" /><testcase classname="repo.test.test_triton_attention_alpha" name="test_shapes[smooth_leaky_relu-True-1025]" time="0.370" /><testcase classname="repo.test.test_triton_attention_alpha" name="test_shapes[smooth_leaky_relu-True-8192]" time="0.608" /><testcase classname="repo.test.test_triton_attention_alpha" name="test_dropout_and_strides[0.0-none]" time="0.862" /><testcase classname="repo.test.test_triton_attention_alpha" name="test_dropout_and_strides[0.0-weight]" time="1.642" /><testcase classname="repo.test.test_triton_attention_alpha" name="test_dropout_and_strides[0.0-bias]" time="1.436" /><testcase classname="repo.test.test_triton_attention_alpha" name="test_dropout_and_strides[0.0-both]" time="2.151" /><testcase classname="repo.test.test_triton_attention_alpha" name="test_dropout_and_strides[0.25-none]" time="1.044" /><testcase classname="repo.test.test_triton_attention_alpha" name="test_dropout_and_strides[0.25-weight]" time="2.355" /><testcase classname="repo.test.test_triton_attention_alpha" name="test_dropout_and_strides[0.25-bias]" time="1.584" /><testcase classname="repo.test.test_triton_attention_alpha" name="test_dropout_and_strides[0.25-both]" time="2.554" /><testcase classname="repo.test.test_triton_attention_alpha" name="test_dropout_and_strides[1.0-none]" time="0.732" /><testcase classname="repo.test.test_triton_attention_alpha" name="test_dropout_and_strides[1.0-weight]" time="2.056" /><testcase classname="repo.test.test_triton_attention_alpha" name="test_dropout_and_strides[1.0-bias]" time="1.452" /><testcase classname="repo.test.test_triton_attention_alpha" name="test_dropout_and_strides[1.0-both]" time="1.601" /><testcase classname="repo.test.test_triton_attention_alpha" name="test_partial_gradients[subset0]" time="0.264" /><testcase classname="repo.test.test_triton_attention_alpha" name="test_partial_gradients[subset1]" time="0.216" /><testcase classname="repo.test.test_triton_attention_alpha" name="test_partial_gradients[subset2]" time="0.863" /><testcase classname="repo.test.test_triton_attention_alpha" name="test_partial_gradients[subset3]" time="0.380" /><testcase classname="repo.test.test_triton_attention_alpha" name="test_partial_gradients[subset4]" time="0.150" /><testcase classname="repo.test.test_triton_attention_alpha" name="test_empty_and_partial_tiles[0-3-32]" time="0.138" /><testcase classname="repo.test.test_triton_attention_alpha" name="test_empty_and_partial_tiles[1-1-1]" time="1.043" /><testcase classname="repo.test.test_triton_attention_alpha" name="test_empty_and_partial_tiles[37-7-64]" time="2.156" /><testcase classname="repo.test.test_triton_attention_alpha" name="test_nondefault_parameters[0.001-0.01]" time="1.561" /><testcase classname="repo.test.test_triton_attention_alpha" name="test_nondefault_parameters[1e-06-0.5]" time="1.565" /><testcase classname="repo.test.test_triton_attention_alpha" name="test_constant_inputs" time="0.005" /><testcase classname="repo.test.test_triton_attention_alpha" name="test_eval_disables_dropout" time="0.003" /><testcase classname="repo.test.test_triton_attention_alpha" name="test_no_torch_recomputation" time="0.431" /><testcase classname="repo.test.test_triton_attention_alpha" name="test_higher_order_is_explicitly_unsupported" time="0.134" /><testcase classname="repo.test.test_triton_attention_alpha" name="test_original_eqv3_adapter" time="2.016" /><testcase classname="repo.test.test_triton_attention_alpha" name="test_original_large_reduction_cases[4096]" time="1.315" /><testcase classname="repo.test.test_triton_attention_alpha" name="test_original_large_reduction_cases[8192]" time="1.923" /><testcase classname="repo.test.test_triton_attention_alpha" name="test_original_large_reduction_cases[16384]" time="1.860" /><testcase classname="repo.test.test_triton_attention_alpha" name="test_original_large_reduction_cases[32768]" time="2.002" /><testcase classname="repo.test.test_triton_attention_alpha" name="test_original_large_reduction_cases[131072]" time="1.886" /><testcase classname="repo.test.test_triton_attention_alpha" name="test_parameter_cancellation_cases[123-32-smooth_leaky_relu]" time="0.064" /><testcase classname="repo.test.test_triton_attention_alpha" name="test_parameter_cancellation_cases[7-64-silu]" time="1.430" /></testsuite></testsuites>