<?xml version="1.0" encoding="utf-8"?><testsuites name="pytest tests"><testsuite name="pytest" errors="0" failures="0" skipped="0" tests="218" time="8.061" timestamp="2026-09-15T19:29:26.462261+08:00" hostname="gxn70"><testcase classname="test.test_triton_equivariant_layer_norm" name="test_default_source_equations[shape0-per_degree-NKC]" time="1.591" /><testcase classname="test.test_triton_equivariant_layer_norm" name="test_default_source_equations[shape0-per_degree-KNC]" time="0.003" /><testcase classname="test.test_triton_equivariant_layer_norm" name="test_default_source_equations[shape0-scalar_high-NKC]" time="0.011" /><testcase classname="test.test_triton_equivariant_layer_norm" name="test_default_source_equations[shape0-scalar_high-KNC]" time="0.003" /><testcase classname="test.test_triton_equivariant_layer_norm" name="test_default_source_equations[shape1-per_degree-NKC]" time="0.011" /><testcase classname="test.test_triton_equivariant_layer_norm" name="test_default_source_equations[shape1-per_degree-KNC]" time="0.007" /><testcase classname="test.test_triton_equivariant_layer_norm" name="test_default_source_equations[shape1-scalar_high-NKC]" time="0.006" /><testcase classname="test.test_triton_equivariant_layer_norm" name="test_default_source_equations[shape1-scalar_high-KNC]" time="0.005" /><testcase classname="test.test_triton_equivariant_layer_norm" name="test_default_source_equations[shape2-per_degree-NKC]" time="0.007" /><testcase classname="test.test_triton_equivariant_layer_norm" name="test_default_source_equations[shape2-per_degree-KNC]" time="0.006" /><testcase classname="test.test_triton_equivariant_layer_norm" name="test_default_source_equations[shape2-scalar_high-NKC]" time="0.006" /><testcase classname="test.test_triton_equivariant_layer_norm" name="test_default_source_equations[shape2-scalar_high-KNC]" time="0.006" /><testcase classname="test.test_triton_equivariant_layer_norm" name="test_nondefault_source_options[per_degree-norm-True-NKC]" time="0.005" /><testcase classname="test.test_triton_equivariant_layer_norm" name="test_nondefault_source_options[per_degree-norm-True-KNC]" time="0.005" /><testcase classname="test.test_triton_equivariant_layer_norm" name="test_nondefault_source_options[scalar_high-component-True-NKC]" time="0.005" /><testcase classname="test.test_triton_equivariant_layer_norm" name="test_nondefault_source_options[scalar_high-component-True-KNC]" time="0.006" /><testcase classname="test.test_triton_equivariant_layer_norm" name="test_nondefault_source_options[scalar_high-norm-True-NKC]" time="0.003" /><testcase classname="test.test_triton_equivariant_layer_norm" name="test_nondefault_source_options[scalar_high-norm-True-KNC]" time="0.003" /><testcase classname="test.test_triton_equivariant_layer_norm" name="test_strided_affine_parameters[packed-NKC]" time="0.006" /><testcase classname="test.test_triton_equivariant_layer_norm" name="test_strided_affine_parameters[packed-KNC]" time="0.006" /><testcase classname="test.test_triton_equivariant_layer_norm" name="test_strided_affine_parameters[split-NKC]" time="0.006" /><testcase classname="test.test_triton_equivariant_layer_norm" name="test_strided_affine_parameters[split-KNC]" time="0.005" /><testcase classname="test.test_triton_equivariant_layer_norm" name="test_strided_affine_parameters[bias_only-NKC]" time="0.005" /><testcase classname="test.test_triton_equivariant_layer_norm" name="test_strided_affine_parameters[bias_only-KNC]" time="0.005" /><testcase classname="test.test_triton_equivariant_layer_norm" name="test_finite_pathologies[per_degree]" time="0.004" /><testcase classname="test.test_triton_equivariant_layer_norm" name="test_finite_pathologies[scalar_high]" time="0.005" /><testcase classname="test.test_triton_equivariant_layer_norm" name="test_nonfinite_values_do_not_leak_between_groups[nan-per_degree]" time="0.005" /><testcase classname="test.test_triton_equivariant_layer_norm" name="test_nonfinite_values_do_not_leak_between_groups[nan-scalar_high]" time="0.004" /><testcase classname="test.test_triton_equivariant_layer_norm" name="test_nonfinite_values_do_not_leak_between_groups[square_overflow-per_degree]" time="0.003" /><testcase classname="test.test_triton_equivariant_layer_norm" name="test_nonfinite_values_do_not_leak_between_groups[square_overflow-scalar_high]" time="0.003" /><testcase classname="test.test_triton_equivariant_layer_norm" name="test_custom_partition_uses_shared_kernel[NKC-channels_first]" time="0.012" /><testcase classname="test.test_triton_equivariant_layer_norm" name="test_custom_partition_uses_shared_kernel[NKC-components_first]" time="0.004" /><testcase classname="test.test_triton_equivariant_layer_norm" name="test_custom_partition_uses_shared_kernel[KNC-channels_first]" time="0.005" /><testcase classname="test.test_triton_equivariant_layer_norm" name="test_custom_partition_uses_shared_kernel[KNC-components_first]" time="0.004" /><testcase classname="test.test_triton_equivariant_layer_norm" name="test_empty_batch_and_live_weights[per_degree]" time="0.003" /><testcase classname="test.test_triton_equivariant_layer_norm" name="test_empty_batch_and_live_weights[scalar_high]" time="0.003" /><testcase classname="test.test_triton_equivariant_layer_norm" name="test_orthogonal_equivariance[per_degree]" time="0.164" /><testcase classname="test.test_triton_equivariant_layer_norm" name="test_orthogonal_equivariance[scalar_high]" time="0.006" /><testcase classname="test.test_triton_equivariant_layer_norm" name="test_input_guards_and_grad_dispatch" time="0.005" /><testcase classname="test.test_triton_equivariant_layer_norm" name="test_cpu_reference_and_spec[per_degree]" time="0.002" /><testcase classname="test.test_triton_equivariant_layer_norm" name="test_cpu_reference_and_spec[scalar_high]" time="0.002" /><testcase classname="test.test_triton_equivariant_layer_norm" name="test_invalid_spec[kwargs0]" time="0.001" /><testcase classname="test.test_triton_equivariant_layer_norm" name="test_invalid_spec[kwargs1]" time="0.001" /><testcase classname="test.test_triton_equivariant_layer_norm" name="test_invalid_spec[kwargs2]" time="0.001" /><testcase classname="test.test_triton_equivariant_layer_norm" name="test_invalid_spec[kwargs3]" time="0.001" /><testcase classname="test.test_triton_equivariant_layer_norm" name="test_invalid_spec[kwargs4]" time="0.001" /><testcase classname="test.test_triton_equivariant_layer_norm" name="test_invalid_spec[kwargs5]" time="0.001" /><testcase classname="test.test_triton_equivariant_layer_norm" name="test_invalid_spec[kwargs6]" time="0.001" /><testcase classname="test.test_triton_equivariant_layer_norm" name="test_invalid_spec[kwargs7]" time="0.001" /><testcase classname="test.test_triton_equivariant_layer_norm" name="test_unsupported_gpu_partition_is_rejected_before_allocation" time="0.001" /><testcase classname="test.test_triton_equivariant_layer_norm" name="test_public_package_exports" time="0.001" /><testcase classname="test.test_triton_equivariant_layer_norm" name="test_optional_original_source[V3-EquivariantLayerNorm]" time="0.004" /><testcase classname="test.test_triton_equivariant_layer_norm" name="test_optional_original_source[V3-EquivariantSeparableLayerNorm]" time="0.049" /><testcase classname="test.test_triton_equivariant_layer_norm" name="test_optional_original_source[V2-EquivariantLayerNormArraySphericalHarmonics]" time="0.006" /><testcase classname="test.test_triton_equivariant_layer_norm" name="test_default_preset_is_per_degree" time="0.001" /><testcase classname="test.test_triton_equivariant_layer_norm" name="test_out_of_scope_source_is_rejected_before_allocation" time="0.001" /><testcase classname="test.test_triton_equivariant_layer_norm_backward" name="test_backward_matches_fp64_and_fp32_math[packed-0-1-per_degree-NKC]" time="0.281"><properties><property name="seed17/float64/dX/max_abs" value="0.0" /><property name="seed17/float64/dX/max_abs_over_ref_max" value="0.0" /><property name="seed17/float64/dgamma/max_abs" value="0.0" /><property name="seed17/float64/dgamma/max_abs_over_ref_max" value="0.0" /><property name="seed17/float64/dbeta/max_abs" value="5.960464477539063e-08" /><property name="seed17/float64/dbeta/max_abs_over_ref_max" value="5.1999092095852006e-08" /><property name="seed17/float32/dX/max_abs" value="0.0" /><property name="seed17/float32/dX/max_abs_over_ref_max" value="0.0" /><property name="seed17/float32/dgamma/max_abs" value="0.0" /><property name="seed17/float32/dgamma/max_abs_over_ref_max" value="0.0" /><property name="seed17/float32/dbeta/max_abs" value="0.0" /><property name="seed17/float32/dbeta/max_abs_over_ref_max" value="0.0" /><property name="seed821/float64/dX/max_abs" value="0.0" /><property name="seed821/float64/dX/max_abs_over_ref_max" value="0.0" /><property name="seed821/float64/dgamma/max_abs" value="0.0" /><property name="seed821/float64/dgamma/max_abs_over_ref_max" value="0.0" /><property name="seed821/float64/dbeta/max_abs" value="4.6566128730773926e-08" /><property name="seed821/float64/dbeta/max_abs_over_ref_max" value="1.0330657302868528e-08" /><property name="seed821/float32/dX/max_abs" value="0.0" /><property name="seed821/float32/dX/max_abs_over_ref_max" value="0.0" /><property name="seed821/float32/dgamma/max_abs" value="0.0" /><property name="seed821/float32/dgamma/max_abs_over_ref_max" value="0.0" /><property name="seed821/float32/dbeta/max_abs" value="0.0" /><property name="seed821/float32/dbeta/max_abs_over_ref_max" value="0.0" /></properties></testcase><testcase classname="test.test_triton_equivariant_layer_norm_backward" name="test_backward_matches_fp64_and_fp32_math[packed-0-1-per_degree-KNC]" time="0.009"><properties><property name="seed17/float64/dX/max_abs" value="0.0" /><property name="seed17/float64/dX/max_abs_over_ref_max" value="0.0" /><property name="seed17/float64/dgamma/max_abs" value="0.0" /><property name="seed17/float64/dgamma/max_abs_over_ref_max" value="0.0" /><property name="seed17/float64/dbeta/max_abs" value="5.960464477539063e-08" /><property name="seed17/float64/dbeta/max_abs_over_ref_max" value="5.1999092095852006e-08" /><property name="seed17/float32/dX/max_abs" value="0.0" /><property name="seed17/float32/dX/max_abs_over_ref_max" value="0.0" /><property name="seed17/float32/dgamma/max_abs" value="0.0" /><property name="seed17/float32/dgamma/max_abs_over_ref_max" value="0.0" /><property name="seed17/float32/dbeta/max_abs" value="0.0" /><property name="seed17/float32/dbeta/max_abs_over_ref_max" value="0.0" /><property name="seed821/float64/dX/max_abs" value="0.0" /><property name="seed821/float64/dX/max_abs_over_ref_max" value="0.0" /><property name="seed821/float64/dgamma/max_abs" value="0.0" /><property name="seed821/float64/dgamma/max_abs_over_ref_max" value="0.0" /><property name="seed821/float64/dbeta/max_abs" value="4.6566128730773926e-08" /><property name="seed821/float64/dbeta/max_abs_over_ref_max" value="1.0330657302868528e-08" /><property name="seed821/float32/dX/max_abs" value="0.0" /><property name="seed821/float32/dX/max_abs_over_ref_max" value="0.0" /><property name="seed821/float32/dgamma/max_abs" value="0.0" /><property name="seed821/float32/dgamma/max_abs_over_ref_max" value="0.0" /><property name="seed821/float32/dbeta/max_abs" value="0.0" /><property name="seed821/float32/dbeta/max_abs_over_ref_max" value="0.0" /></properties></testcase><testcase classname="test.test_triton_equivariant_layer_norm_backward" name="test_backward_matches_fp64_and_fp32_math[packed-0-1-scalar_high-NKC]" time="0.009"><properties><property name="seed17/float64/dX/max_abs" value="0.0" /><property name="seed17/float64/dX/max_abs_over_ref_max" value="0.0" /><property name="seed17/float64/dgamma/max_abs" value="0.0" /><property name="seed17/float64/dgamma/max_abs_over_ref_max" value="0.0" /><property name="seed17/float64/dbeta/max_abs" value="5.960464477539063e-08" /><property name="seed17/float64/dbeta/max_abs_over_ref_max" value="5.1999092095852006e-08" /><property name="seed17/float32/dX/max_abs" value="0.0" /><property name="seed17/float32/dX/max_abs_over_ref_max" value="0.0" /><property name="seed17/float32/dgamma/max_abs" value="0.0" /><property name="seed17/float32/dgamma/max_abs_over_ref_max" value="0.0" /><property name="seed17/float32/dbeta/max_abs" value="0.0" /><property name="seed17/float32/dbeta/max_abs_over_ref_max" value="0.0" /><property name="seed821/float64/dX/max_abs" value="0.0" /><property name="seed821/float64/dX/max_abs_over_ref_max" value="0.0" /><property name="seed821/float64/dgamma/max_abs" value="0.0" /><property name="seed821/float64/dgamma/max_abs_over_ref_max" value="0.0" /><property name="seed821/float64/dbeta/max_abs" value="4.6566128730773926e-08" /><property name="seed821/float64/dbeta/max_abs_over_ref_max" value="1.0330657302868528e-08" /><property name="seed821/float32/dX/max_abs" value="0.0" /><property name="seed821/float32/dX/max_abs_over_ref_max" value="0.0" /><property name="seed821/float32/dgamma/max_abs" value="0.0" /><property name="seed821/float32/dgamma/max_abs_over_ref_max" value="0.0" /><property name="seed821/float32/dbeta/max_abs" value="0.0" /><property name="seed821/float32/dbeta/max_abs_over_ref_max" value="0.0" /></properties></testcase><testcase classname="test.test_triton_equivariant_layer_norm_backward" name="test_backward_matches_fp64_and_fp32_math[packed-0-1-scalar_high-KNC]" time="0.009"><properties><property name="seed17/float64/dX/max_abs" value="0.0" /><property name="seed17/float64/dX/max_abs_over_ref_max" value="0.0" /><property name="seed17/float64/dgamma/max_abs" value="0.0" /><property name="seed17/float64/dgamma/max_abs_over_ref_max" value="0.0" /><property name="seed17/float64/dbeta/max_abs" value="5.960464477539063e-08" /><property name="seed17/float64/dbeta/max_abs_over_ref_max" value="5.1999092095852006e-08" /><property name="seed17/float32/dX/max_abs" value="0.0" /><property name="seed17/float32/dX/max_abs_over_ref_max" value="0.0" /><property name="seed17/float32/dgamma/max_abs" value="0.0" /><property name="seed17/float32/dgamma/max_abs_over_ref_max" value="0.0" /><property name="seed17/float32/dbeta/max_abs" value="0.0" /><property name="seed17/float32/dbeta/max_abs_over_ref_max" value="0.0" /><property name="seed821/float64/dX/max_abs" value="0.0" /><property name="seed821/float64/dX/max_abs_over_ref_max" value="0.0" /><property name="seed821/float64/dgamma/max_abs" value="0.0" /><property name="seed821/float64/dgamma/max_abs_over_ref_max" value="0.0" /><property name="seed821/float64/dbeta/max_abs" value="4.6566128730773926e-08" /><property name="seed821/float64/dbeta/max_abs_over_ref_max" value="1.0330657302868528e-08" /><property name="seed821/float32/dX/max_abs" value="0.0" /><property name="seed821/float32/dX/max_abs_over_ref_max" value="0.0" /><property name="seed821/float32/dgamma/max_abs" value="0.0" /><property name="seed821/float32/dgamma/max_abs_over_ref_max" value="0.0" /><property name="seed821/float32/dbeta/max_abs" value="0.0" /><property name="seed821/float32/dbeta/max_abs_over_ref_max" value="0.0" /></properties></testcase><testcase classname="test.test_triton_equivariant_layer_norm_backward" name="test_backward_matches_fp64_and_fp32_math[packed-2-7-per_degree-NKC]" time="0.019"><properties>
[...]
</properties></testcase><testcase classname="test.test_triton_equivariant_layer_norm_backward" name="test_backward_matches_fp64_and_fp32_math[packed-2-7-per_degree-KNC]" time="0.016"><properties>
[...]
</properties></testcase><testcase classname="test.test_triton_equivariant_layer_norm_backward" name="test_backward_matches_fp64_and_fp32_math[packed-2-7-scalar_high-NKC]" time="0.016"><properties>
[...]
</properties></testcase><testcase classname="test.test_triton_equivariant_layer_norm_backward" name="test_backward_matches_fp64_and_fp32_math[packed-2-7-scalar_high-KNC]" time="0.015"><properties>
[...]
</properties></testcase><testcase classname="test.test_triton_equivariant_layer_norm_backward" name="test_backward_matches_fp64_and_fp32_math[packed-4-33-per_degree-NKC]" time="0.212"><properties>
[...]
</properties></testcase><testcase classname="test.test_triton_equivariant_layer_norm_backward" name="test_backward_matches_fp64_and_fp32_math[packed-4-33-per_degree-KNC]" time="0.020"><properties>
[...]
</properties></testcase><testcase classname="test.test_triton_equivariant_layer_norm_backward" name="test_backward_matches_fp64_and_fp32_math[packed-4-33-scalar_high-NKC]" time="0.018"><properties>
[...]
</properties></testcase><testcase classname="test.test_triton_equivariant_layer_norm_backward" name="test_backward_matches_fp64_and_fp32_math[packed-4-33-scalar_high-KNC]" time="0.019"><properties>
[...]
</properties></testcase><testcase classname="test.test_triton_equivariant_layer_norm_backward" name="test_backward_matches_fp64_and_fp32_math[split-0-1-per_degree-NKC]" time="0.013"><properties><property name="seed17/float64/dX/max_abs" value="0.0" /><property name="seed17/float64/dX/max_abs_over_ref_max" value="0.0" /><property name="seed17/float64/dgamma_scalar/max_abs" value="0.0" /><property name="seed17/float64/dgamma_scalar/max_abs_over_ref_max" value="0.0" /><property name="seed17/float64/dbeta/max_abs" value="5.960464477539063e-08" /><property name="seed17/float64/dbeta/max_abs_over_ref_max" value="5.1999092095852006e-08" /><property name="seed17/float32/dX/max_abs" value="0.0" /><property name="seed17/float32/dX/max_abs_over_ref_max" value="0.0" /><property name="seed17/float32/dgamma_scalar/max_abs" value="0.0" /><property name="seed17/float32/dgamma_scalar/max_abs_over_ref_max" value="0.0" /><property name="seed17/float32/dbeta/max_abs" value="0.0" /><property name="seed17/float32/dbeta/max_abs_over_ref_max" value="0.0" /><property name="seed821/float64/dX/max_abs" value="0.0" /><property name="seed821/float64/dX/max_abs_over_ref_max" value="0.0" /><property name="seed821/float64/dgamma_scalar/max_abs" value="0.0" /><property name="seed821/float64/dgamma_scalar/max_abs_over_ref_max" value="0.0" /><property name="seed821/float64/dbeta/max_abs" value="4.6566128730773926e-08" /><property name="seed821/float64/dbeta/max_abs_over_ref_max" value="1.0330657302868528e-08" /><property name="seed821/float32/dX/max_abs" value="0.0" /><property name="seed821/float32/dX/max_abs_over_ref_max" value="0.0" /><property name="seed821/float32/dgamma_scalar/max_abs" value="0.0" /><property name="seed821/float32/dgamma_scalar/max_abs_over_ref_max" value="0.0" /><property name="seed821/float32/dbeta/max_abs" value="0.0" /><property name="seed821/float32/dbeta/max_abs_over_ref_max" value="0.0" /></properties></testcase><testcase classname="test.test_triton_equivariant_layer_norm_backward" name="test_backward_matches_fp64_and_fp32_math[split-0-1-per_degree-KNC]" time="0.009"><properties><property name="seed17/float64/dX/max_abs" value="0.0" /><property name="seed17/float64/dX/max_abs_over_ref_max" value="0.0" /><property name="seed17/float64/dgamma_scalar/max_abs" value="0.0" /><property name="seed17/float64/dgamma_scalar/max_abs_over_ref_max" value="0.0" /><property name="seed17/float64/dbeta/max_abs" value="5.960464477539063e-08" /><property name="seed17/float64/dbeta/max_abs_over_ref_max" value="5.1999092095852006e-08" /><property name="seed17/float32/dX/max_abs" value="0.0" /><property name="seed17/float32/dX/max_abs_over_ref_max" value="0.0" /><property name="seed17/float32/dgamma_scalar/max_abs" value="0.0" /><property name="seed17/float32/dgamma_scalar/max_abs_over_ref_max" value="0.0" /><property name="seed17/float32/dbeta/max_abs" value="0.0" /><property name="seed17/float32/dbeta/max_abs_over_ref_max" value="0.0" /><property name="seed821/float64/dX/max_abs" value="0.0" /><property name="seed821/float64/dX/max_abs_over_ref_max" value="0.0" /><property name="seed821/float64/dgamma_scalar/max_abs" value="0.0" /><property name="seed821/float64/dgamma_scalar/max_abs_over_ref_max" value="0.0" /><property name="seed821/float64/dbeta/max_abs" value="4.6566128730773926e-08" /><property name="seed821/float64/dbeta/max_abs_over_ref_max" value="1.0330657302868528e-08" /><property name="seed821/float32/dX/max_abs" value="0.0" /><property name="seed821/float32/dX/max_abs_over_ref_max" value="0.0" /><property name="seed821/float32/dgamma_scalar/max_abs" value="0.0" /><property name="seed821/float32/dgamma_scalar/max_abs_over_ref_max" value="0.0" /><property name="seed821/float32/dbeta/max_abs" value="0.0" /><property name="seed821/float32/dbeta/max_abs_over_ref_max" value="0.0" /></properties></testcase><testcase classname="test.test_triton_equivariant_layer_norm_backward" name="test_backward_matches_fp64_and_fp32_math[split-0-1-scalar_high-NKC]" time="0.009"><properties><property name="seed17/float64/dX/max_abs" value="0.0" /><property name="seed17/float64/dX/max_abs_over_ref_max" value="0.0" /><property name="seed17/float64/dgamma_scalar/max_abs" value="0.0" /><property name="seed17/float64/dgamma_scalar/max_abs_over_ref_max" value="0.0" /><property name="seed17/float64/dbeta/max_abs" value="5.960464477539063e-08" /><property name="seed17/float64/dbeta/max_abs_over_ref_max" value="5.1999092095852006e-08" /><property name="seed17/float32/dX/max_abs" value="0.0" /><property name="seed17/float32/dX/max_abs_over_ref_max" value="0.0" /><property name="seed17/float32/dgamma_scalar/max_abs" value="0.0" /><property name="seed17/float32/dgamma_scalar/max_abs_over_ref_max" value="0.0" /><property name="seed17/float32/dbeta/max_abs" value="0.0" /><property name="seed17/float32/dbeta/max_abs_over_ref_max" value="0.0" /><property name="seed821/float64/dX/max_abs" value="0.0" /><property name="seed821/float64/dX/max_abs_over_ref_max" value="0.0" /><property name="seed821/float64/dgamma_scalar/max_abs" value="0.0" /><property name="seed821/float64/dgamma_scalar/max_abs_over_ref_max" value="0.0" /><property name="seed821/float64/dbeta/max_abs" value="4.6566128730773926e-08" /><property name="seed821/float64/dbeta/max_abs_over_ref_max" value="1.0330657302868528e-08" /><property name="seed821/float32/dX/max_abs" value="0.0" /><property name="seed821/float32/dX/max_abs_over_ref_max" value="0.0" /><property name="seed821/float32/dgamma_scalar/max_abs" value="0.0" /><property name="seed821/float32/dgamma_scalar/max_abs_over_ref_max" value="0.0" /><property name="seed821/float32/dbeta/max_abs" value="0.0" /><property name="seed821/float32/dbeta/max_abs_over_ref_max" value="0.0" /></properties></testcase><testcase classname="test.test_triton_equivariant_layer_norm_backward" name="test_backward_matches_fp64_and_fp32_math[split-0-1-scalar_high-KNC]" time="0.009"><properties><property name="seed17/float64/dX/max_abs" value="0.0" /><property name="seed17/float64/dX/max_abs_over_ref_max" value="0.0" /><property name="seed17/float64/dgamma_scalar/max_abs" value="0.0" /><property name="seed17/float64/dgamma_scalar/max_abs_over_ref_max" value="0.0" /><property name="seed17/float64/dbeta/max_abs" value="5.960464477539063e-08" /><property name="seed17/float64/dbeta/max_abs_over_ref_max" value="5.1999092095852006e-08" /><property name="seed17/float32/dX/max_abs" value="0.0" /><property name="seed17/float32/dX/max_abs_over_ref_max" value="0.0" /><property name="seed17/float32/dgamma_scalar/max_abs" value="0.0" /><property name="seed17/float32/dgamma_scalar/max_abs_over_ref_max" value="0.0" /><property name="seed17/float32/dbeta/max_abs" value="0.0" /><property name="seed17/float32/dbeta/max_abs_over_ref_max" value="0.0" /><property name="seed821/float64/dX/max_abs" value="0.0" /><property name="seed821/float64/dX/max_abs_over_ref_max" value="0.0" /><property name="seed821/float64/dgamma_scalar/max_abs" value="0.0" /><property name="seed821/float64/dgamma_scalar/max_abs_over_ref_max" value="0.0" /><property name="seed821/float64/dbeta/max_abs" value="4.6566128730773926e-08" /><property name="seed821/float64/dbeta/max_abs_over_ref_max" value="1.0330657302868528e-08" /><property name="seed821/float32/dX/max_abs" value="0.0" /><property name="seed821/float32/dX/max_abs_over_ref_max" value="0.0" /><property name="seed821/float32/dgamma_scalar/max_abs" value="0.0" /><property name="seed821/float32/dgamma_scalar/max_abs_over_ref_max" value="0.0" /><property name="seed821/float32/dbeta/max_abs" value="0.0" /><property name="seed821/float32/dbeta/max_abs_over_ref_max" value="0.0" /></properties></testcase><testcase classname="test.test_triton_equivariant_layer_norm_backward" name="test_backward_matches_fp64_and_fp32_math[split-2-7-per_degree-NKC]" time="0.017"><properties>
[...]
</properties></testcase><testcase classname="test.test_triton_equivariant_layer_norm_backward" name="test_backward_matches_fp64_and_fp32_math[split-2-7-per_degree-KNC]" time="0.017"><properties>
[...]
</properties></testcase><testcase classname="test.test_triton_equivariant_layer_norm_backward" name="test_backward_matches_fp64_and_fp32_math[split-2-7-scalar_high-NKC]" time="0.016"><properties>
[...]
</properties></testcase><testcase classname="test.test_triton_equivariant_layer_norm_backward" name="test_backward_matches_fp64_and_fp32_math[split-2-7-scalar_high-KNC]" time="0.016"><properties>
[...]
</properties></testcase><testcase classname="test.test_triton_equivariant_layer_norm_backward" name="test_backward_matches_fp64_and_fp32_math[split-4-33-per_degree-NKC]" time="0.039"><properties>
[...]
</properties></testcase><testcase classname="test.test_triton_equivariant_layer_norm_backward" name="test_backward_matches_fp64_and_fp32_math[split-4-33-per_degree-KNC]" time="0.020"><properties>
[...]
</properties></testcase><testcase classname="test.test_triton_equivariant_layer_norm_backward" name="test_backward_matches_fp64_and_fp32_math[split-4-33-scalar_high-NKC]" time="0.019"><properties>
[...]
</properties></testcase><testcase classname="test.test_triton_equivariant_layer_norm_backward" name="test_backward_matches_fp64_and_fp32_math[split-4-33-scalar_high-KNC]" time="0.020"><properties>
[...]
</properties></testcase><testcase classname="test.test_triton_equivariant_layer_norm_backward" name="test_backward_nondefault_statistics[per_degree-norm-True-NKC]" time="0.007" /><testcase classname="test.test_triton_equivariant_layer_norm_backward" name="test_backward_nondefault_statistics[per_degree-norm-True-KNC]" time="0.006" /><testcase classname="test.test_triton_equivariant_layer_norm_backward" name="test_backward_nondefault_statistics[scalar_high-component-True-NKC]" time="0.007" /><testcase classname="test.test_triton_equivariant_layer_norm_backward" name="test_backward_nondefault_statistics[scalar_high-component-True-KNC]" time="0.007" /><testcase classname="test.test_triton_equivariant_layer_norm_backward" name="test_backward_nondefault_statistics[scalar_high-norm-True-NKC]" time="0.006" /><testcase classname="test.test_triton_equivariant_layer_norm_backward" name="test_backward_nondefault_statistics[scalar_high-norm-True-KNC]" time="0.006" /><testcase classname="test.test_triton_equivariant_layer_norm_backward" name="test_backward_optional_affine[none-per_degree]" time="0.008" /><testcase classname="test.test_triton_equivariant_layer_norm_backward" name="test_backward_optional_affine[none-scalar_high]" time="0.008" /><testcase classname="test.test_triton_equivariant_layer_norm_backward" name="test_backward_optional_affine[bias_only-per_degree]" time="0.009" /><testcase classname="test.test_triton_equivariant_layer_norm_backward" name="test_backward_optional_affine[bias_only-scalar_high]" time="0.008" /><testcase classname="test.test_triton_equivariant_layer_norm_backward" name="test_backward_optional_affine[weight_only-per_degree]" time="0.009" /><testcase classname="test.test_triton_equivariant_layer_norm_backward" name="test_backward_optional_affine[weight_only-scalar_high]" time="0.009" /><testcase classname="test.test_triton_equivariant_layer_norm_backward" name="test_backward_only_requested_leaves[input-per_degree]" time="0.007" /><testcase classname="test.test_triton_equivariant_layer_norm_backward" name="test_backward_only_requested_leaves[input-scalar_high]" time="0.007" /><testcase classname="test.test_triton_equivariant_layer_norm_backward" name="test_backward_only_requested_leaves[weight-per_degree]" time="0.006" /><testcase classname="test.test_triton_equivariant_layer_norm_backward" name="test_backward_only_requested_leaves[weight-scalar_high]" time="0.006" /><testcase classname="test.test_triton_equivariant_layer_norm_backward" name="test_backward_only_requested_leaves[bias-per_degree]" time="0.005" /><testcase classname="test.test_triton_equivariant_layer_norm_backward" name="test_backward_only_requested_leaves[bias-scalar_high]" time="0.005" /><testcase classname="test.test_triton_equivariant_layer_norm_backward" name="test_backward_only_requested_leaves[params-per_degree]" time="0.007" /><testcase classname="test.test_triton_equivariant_layer_norm_backward" name="test_backward_only_requested_leaves[params-scalar_high]" time="0.007" /><testcase classname="test.test_triton_equivariant_layer_norm_backward" name="test_backward_small_variance[tiny-per_degree]" time="0.007"><properties><property name="tiny/float64/dX/max_abs" value="7.297603474398784e-05" /><property name="tiny/float64/dX/max_abs_over_ref_max" value="6.700987642734472e-08" /><property name="tiny/float64/dgamma_scalar/max_abs" value="7.973775220833368e-11" /><property name="tiny/float64/dgamma_scalar/max_abs_over_ref_max" value="1.0629359308006643e-07" /><property name="tiny/float64/dgamma_high/max_abs" value="2.1414529611379907e-10" /><property name="tiny/float64/dgamma_high/max_abs_over_ref_max" value="3.9394981257469005e-08" /><property name="tiny/float64/dbeta/max_abs" value="8.940696716308594e-08" /><property name="tiny/float64/dbeta/max_abs_over_ref_max" value="3.045586637738365e-08" /><property name="tiny/float32/dX/max_abs" value="6.103515625e-05" /><property name="tiny/float32/dX/max_abs_over_ref_max" value="5.60452226659883e-08" /><property name="tiny/float32/dgamma_scalar/max_abs" value="5.820766091346741e-11" /><property name="tiny/float32/dgamma_scalar/max_abs_over_ref_max" value="7.759312338703295e-08" /><property name="tiny/float32/dgamma_high/max_abs" value="2.3283064365386963e-10" /><property name="tiny/float32/dgamma_high/max_abs_over_ref_max" value="4.283240775355672e-08" /><property name="tiny/float32/dbeta/max_abs" value="1.1920928955078125e-07" /><property name="tiny/float32/dbeta/max_abs_over_ref_max" value="4.060782111507615e-08" /></properties></testcase><testcase classname="test.test_triton_equivariant_layer_norm_backward" name="test_backward_small_variance[tiny-scalar_high]" time="0.006"><properties><property name="tiny/float64/dX/max_abs" value="6.389221562130842e-05" /><property name="tiny/float64/dX/max_abs_over_ref_max" value="5.866870318827721e-08" /><property name="tiny/float64/dgamma_scalar/max_abs" value="7.973775220833368e-11" /><property name="tiny/float64/dgamma_scalar/max_abs_over_ref_max" value="1.0629359308006643e-07" /><property name="tiny/float64/dgamma_high/max_abs" value="1.4728124731085146e-10" /><property name="tiny/float64/dgamma_high/max_abs_over_ref_max" value="2.709441691335436e-08" /><property name="tiny/float64/dbeta/max_abs" value="8.940696716308594e-08" /><property name="tiny/float64/dbeta/max_abs_over_ref_max" value="3.045586637738365e-08" /><property name="tiny/float32/dX/max_abs" value="6.103515625e-05" /><property name="tiny/float32/dX/max_abs_over_ref_max" value="5.60452226659883e-08" /><property name="tiny/float32/dgamma_scalar/max_abs" value="5.820766091346741e-11" /><property name="tiny/float32/dgamma_scalar/max_abs_over_ref_max" value="7.759312338703295e-08" /><property name="tiny/float32/dgamma_high/max_abs" value="2.3283064365386963e-10" /><property name="tiny/float32/dgamma_high/max_abs_over_ref_max" value="4.283240775355672e-08" /><property name="tiny/float32/dbeta/max_abs" value="1.1920928955078125e-07" /><property name="tiny/float32/dbeta/max_abs_over_ref_max" value="4.060782111507615e-08" /></properties></testcase><testcase classname="test.test_triton_equivariant_layer_norm_backward" name="test_backward_small_variance[near_constant-per_degree]" time="0.007"><properties><property name="near_constant/float64/dX/max_abs" value="0.00016150502302991754" /><property name="near_constant/float64/dX/max_abs_over_ref_max" value="1.4844617608146946e-07" /><property name="near_constant/float64/dgamma_scalar/max_abs" value="8.805896021232829e-05" /><property name="near_constant/float64/dgamma_scalar/max_abs_over_ref_max" value="0.001173657619693795" /><property name="near_constant/float64/dgamma_high/max_abs" value="2.0939867617641994e-08" /><property name="near_constant/float64/dgamma_high/max_abs_over_ref_max" value="3.8543859850839496e-08" /><property name="near_constant/float64/dbeta/max_abs" value="8.940696716308594e-08" /><property name="near_constant/float64/dbeta/max_abs_over_ref_max" value="3.045586637738365e-08" /><property name="near_constant/float32/dX/max_abs" value="1.52587890625e-05" /><property name="near_constant/float32/dX/max_abs_over_ref_max" value="1.4025006249542785e-08" /><property name="near_constant/float32/dgamma_scalar/max_abs" value="3.725290298461914e-09" /><property name="near_constant/float32/dgamma_scalar/max_abs_over_ref_max" value="4.960332223210982e-08" /><property name="near_constant/float32/dgamma_high/max_abs" value="2.7474015951156616e-08" /><property name="near_constant/float32/dgamma_high/max_abs_over_ref_max" value="5.057121958225142e-08" /><property name="near_constant/float32/dbeta/max_abs" value="1.1920928955078125e-07" /><property name="near_constant/float32/dbeta/max_abs_over_ref_max" value="4.060782111507615e-08" /></properties></testcase><testcase classname="test.test_triton_equivariant_layer_norm_backward" name="test_backward_small_variance[near_constant-scalar_high]" time="0.006"><properties><property name="near_constant/float64/dX/max_abs" value="0.00016150502302991754" /><property name="near_constant/float64/dX/max_abs_over_ref_max" value="1.4839381484298427e-07" /><property name="near_constant/float64/dgamma_scalar/max_abs" value="8.805896021232829e-05" /><property name="near_constant/float64/dgamma_scalar/max_abs_over_ref_max" value="0.001173657619693795" /><property name="near_constant/float64/dgamma_high/max_abs" value="2.0240455145259517e-08" /><property name="near_constant/float64/dgamma_high/max_abs_over_ref_max" value="3.725360571129068e-08" /><property name="near_constant/float64/dbeta/max_abs" value="8.940696716308594e-08" /><property name="near_constant/float64/dbeta/max_abs_over_ref_max" value="3.045586637738365e-08" /><property name="near_constant/float32/dX/max_abs" value="1.52587890625e-05" /><property name="near_constant/float32/dX/max_abs_over_ref_max" value="1.4020060575634525e-08" /><property name="near_constant/float32/dgamma_scalar/max_abs" value="3.725290298461914e-09" /><property name="near_constant/float32/dgamma_scalar/max_abs_over_ref_max" value="4.960332223210982e-08" /><property name="near_constant/float32/dgamma_high/max_abs" value="2.9802322387695312e-08" /><property name="near_constant/float32/dgamma_high/max_abs_over_ref_max" value="5.485271552207882e-08" /><property name="near_constant/float32/dbeta/max_abs" value="1.1920928955078125e-07" /><property name="near_constant/float32/dbeta/max_abs_over_ref_max" value="4.060782111507615e-08" /></properties></testcase><testcase classname="test.test_triton_equivariant_layer_norm_backward" name="test_backward_small_variance[constant-per_degree]" time="0.007"><properties><property name="constant/float64/dX/max_abs" value="4.3880716418698285e-05" /><property name="constant/float64/dX/max_abs_over_ref_max" value="6.021511276739009e-08" /><property name="constant/float64/dgamma_scalar/max_abs" value="0.0" /><property name="constant/float64/dgamma_scalar/max_abs_over_ref_max" value="0.0" /><property name="constant/float64/dgamma_high/max_abs" value="1.0752485604115236e-06" /><property name="constant/float64/dgamma_high/max_abs_over_ref_max" value="1.2334526805115914e-07" /><property name="constant/float64/dbeta/max_abs" value="8.940696716308594e-08" /><property name="constant/float64/dbeta/max_abs_over_ref_max" value="3.045586637738365e-08" /><property name="constant/float32/dX/max_abs" value="3.0517578125e-05" /><property name="constant/float32/dX/max_abs_over_ref_max" value="4.187760766628237e-08" /><property name="constant/float32/dgamma_scalar/max_abs" value="0.0" /><property name="constant/float32/dgamma_scalar/max_abs_over_ref_max" value="0.0" /><property name="constant/float32/dgamma_high/max_abs" value="9.5367431640625e-07" /><property name="constant/float32/dgamma_high/max_abs_over_ref_max" value="1.0939910027991947e-07" /><property name="constant/float32/dbeta/max_abs" value="1.1920928955078125e-07" /><property name="constant/float32/dbeta/max_abs_over_ref_max" value="4.060782111507615e-08" /></properties></testcase><testcase classname="test.test_triton_equivariant_layer_norm_backward" name="test_backward_small_variance[constant-scalar_high]" time="0.006"><properties><property name="constant/float64/dX/max_abs" value="4.3880716418698285e-05" /><property name="constant/float64/dX/max_abs_over_ref_max" value="6.021511276739009e-08" /><property name="constant/float64/dgamma_scalar/max_abs" value="0.0" /><property name="constant/float64/dgamma_scalar/max_abs_over_ref_max" value="0.0" /><property name="constant/float64/dgamma_high/max_abs" value="1.0752485604115236e-06" /><property name="constant/float64/dgamma_high/max_abs_over_ref_max" value="1.2334526805115914e-07" /><property name="constant/float64/dbeta/max_abs" value="8.940696716308594e-08" /><property name="constant/float64/dbeta/max_abs_over_ref_max" value="3.045586637738365e-08" /><property name="constant/float32/dX/max_abs" value="3.0517578125e-05" /><property name="constant/float32/dX/max_abs_over_ref_max" value="4.187760766628237e-08" /><property name="constant/float32/dgamma_scalar/max_abs" value="0.0" /><property name="constant/float32/dgamma_scalar/max_abs_over_ref_max" value="0.0" /><property name="constant/float32/dgamma_high/max_abs" value="9.5367431640625e-07" /><property name="constant/float32/dgamma_high/max_abs_over_ref_max" value="1.0939910027991947e-07" /><property name="constant/float32/dbeta/max_abs" value="1.1920928955078125e-07" /><property name="constant/float32/dbeta/max_abs_over_ref_max" value="4.060782111507615e-08" /></properties></testcase><testcase classname="test.test_triton_equivariant_layer_norm_backward" name="test_backward_small_variance[zero-per_degree]" time="0.007"><properties><property name="zero/float64/dX/max_abs" value="0.0001360673707040405" /><property name="zero/float64/dX/max_abs_over_ref_max" value="1.2494316575079743e-07" /><property name="zero/float64/dgamma_scalar/max_abs" value="0.0" /><property name="zero/float64/dgamma_scalar/max_abs_over_ref_max" value="0.0" /><property name="zero/float64/dgamma_high/max_abs" value="0.0" /><property name="zero/float64/dgamma_high/max_abs_over_ref_max" value="0.0" /><property name="zero/float64/dbeta/max_abs" value="8.940696716308594e-08" /><property name="zero/float64/dbeta/max_abs_over_ref_max" value="3.045586637738365e-08" /><property name="zero/float32/dX/max_abs" value="3.0517578125e-05" /><property name="zero/float32/dX/max_abs_over_ref_max" value="2.802261133299415e-08" /><property name="zero/float32/dgamma_scalar/max_abs" value="0.0" /><property name="zero/float32/dgamma_scalar/max_abs_over_ref_max" value="0.0" /><property name="zero/float32/dgamma_high/max_abs" value="0.0" /><property name="zero/float32/dgamma_high/max_abs_over_ref_max" value="0.0" /><property name="zero/float32/dbeta/max_abs" value="1.1920928955078125e-07" /><property name="zero/float32/dbeta/max_abs_over_ref_max" value="4.060782111507615e-08" /></properties></testcase><testcase classname="test.test_triton_equivariant_layer_norm_backward" name="test_backward_small_variance[zero-scalar_high]" time="0.006"><properties><property name="zero/float64/dX/max_abs" value="0.0001360673707040405" /><property name="zero/float64/dX/max_abs_over_ref_max" value="1.2494316575079743e-07" /><property name="zero/float64/dgamma_scalar/max_abs" value="0.0" /><property name="zero/float64/dgamma_scalar/max_abs_over_ref_max" value="0.0" /><property name="zero/float64/dgamma_high/max_abs" value="0.0" /><property name="zero/float64/dgamma_high/max_abs_over_ref_max" value="0.0" /><property name="zero/float64/dbeta/max_abs" value="8.940696716308594e-08" /><property name="zero/float64/dbeta/max_abs_over_ref_max" value="3.045586637738365e-08" /><property name="zero/float32/dX/max_abs" value="3.0517578125e-05" /><property name="zero/float32/dX/max_abs_over_ref_max" value="2.802261133299415e-08" /><property name="zero/float32/dgamma_scalar/max_abs" value="0.0" /><property name="zero/float32/dgamma_scalar/max_abs_over_ref_max" value="0.0" /><property name="zero/float32/dgamma_high/max_abs" value="0.0" /><property name="zero/float32/dgamma_high/max_abs_over_ref_max" value="0.0" /><property name="zero/float32/dbeta/max_abs" value="1.1920928955078125e-07" /><property name="zero/float32/dbeta/max_abs_over_ref_max" value="4.060782111507615e-08" /></properties></testcase><testcase classname="test.test_triton_equivariant_layer_norm_backward" name="test_backward_noncontiguous_upstream_gradient[KNC-per_degree]" time="0.009" /><testcase classname="test.test_triton_equivariant_layer_norm_backward" name="test_backward_noncontiguous_upstream_gradient[KNC-scalar_high]" time="0.008" /><testcase classname="test.test_triton_equivariant_layer_norm_backward" name="test_backward_noncontiguous_upstream_gradient[strided-per_degree]" time="0.008" /><testcase classname="test.test_triton_equivariant_layer_norm_backward" name="test_backward_noncontiguous_upstream_gradient[strided-scalar_high]" time="0.008" /><testcase classname="test.test_triton_equivariant_layer_norm_backward" name="test_backward_noncontiguous_upstream_gradient[broadcast-per_degree]" time="0.009" /><testcase classname="test.test_triton_equivariant_layer_norm_backward" name="test_backward_noncontiguous_upstream_gradient[broadcast-scalar_high]" time="0.008" /><testcase classname="test.test_triton_equivariant_layer_norm_backward" name="test_backward_empty_batch[NKC-per_degree]" time="0.006" /><testcase classname="test.test_triton_equivariant_layer_norm_backward" name="test_backward_empty_batch[NKC-scalar_high]" time="0.005" /><testcase classname="test.test_triton_equivariant_layer_norm_backward" name="test_backward_empty_batch[KNC-per_degree]" time="0.005" /><testcase classname="test.test_triton_equivariant_layer_norm_backward" name="test_backward_empty_batch[KNC-scalar_high]" time="0.005" /><testcase classname="test.test_triton_equivariant_layer_norm_backward" name="test_backward_forward_with_stats_marks_auxiliary_outputs_nondifferentiable[per_degree]" time="0.006" /><testcase classname="test.test_triton_equivariant_layer_norm_backward" name="test_backward_forward_with_stats_marks_auxiliary_outputs_nondifferentiable[scalar_high]" time="0.007" /><testcase classname="test.test_triton_equivariant_layer_norm_backward" name="test_backward_uncentered_stats_have_no_mean" time="0.009" /><testcase classname="test.test_triton_equivariant_layer_norm_backward" name="test_backward_rejects_higher_order_graphs_explicitly[per_degree]" time="0.002" /><testcase classname="test.test_triton_equivariant_layer_norm_backward" name="test_backward_rejects_higher_order_graphs_explicitly[scalar_high]" time="0.002" /><testcase classname="test.test_triton_equivariant_layer_norm_backward" name="test_backward_optional_original_source[random-V3-EquivariantLayerNorm-NKC]" time="0.012"><properties><property name="source/dX/dX/max_abs" value="1.1920928955078125e-07" /><property name="source/dX/dX/max_abs_over_ref_max" value="2.8606449404116215e-08" /><property name="source/affine_weight/dgamma/max_abs" value="4.76837158203125e-07" /><property name="source/affine_weight/dgamma/max_abs_over_ref_max" value="5.6153622835207646e-08" /><property name="source/affine_bias/dbeta/max_abs" value="0.0" /><property name="source/affine_bias/dbeta/max_abs_over_ref_max" value="0.0" /></properties></testcase><testcase classname="test.test_triton_equivariant_layer_norm_backward" name="test_backward_optional_original_source[random-V3-EquivariantLayerNorm-KNC]" time="0.009"><properties><property name="source/dX/dX/max_abs" value="1.1920928955078125e-07" /><property name="source/dX/dX/max_abs_over_ref_max" value="2.8606449404116215e-08" /><property name="source/affine_weight/dgamma/max_abs" value="4.76837158203125e-07" /><property name="source/affine_weight/dgamma/max_abs_over_ref_max" value="5.6153622835207646e-08" /><property name="source/affine_bias/dbeta/max_abs" value="0.0" /><property name="source/affine_bias/dbeta/max_abs_over_ref_max" value="0.0" /></properties></testcase><testcase classname="test.test_triton_equivariant_layer_norm_backward" name="test_backward_optional_original_source[random-V3-EquivariantSeparableLayerNorm-NKC]" time="0.058"><properties><property name="source/dX/dX/max_abs" value="4.76837158203125e-07" /><property name="source/dX/dX/max_abs_over_ref_max" value="8.744690114853635e-08" /><property name="source/affine_weight/dgamma/max_abs" value="9.5367431640625e-07" /><property name="source/affine_weight/dgamma/max_abs_over_ref_max" value="1.380871205452232e-07" /><property name="source/norm_l0.weight/dgamma/max_abs" value="4.76837158203125e-07" /><property name="source/norm_l0.weight/dgamma/max_abs_over_ref_max" value="1.3335410990365632e-07" /><property name="source/norm_l0.bias/dbeta/max_abs" value="4.76837158203125e-07" /><property name="source/norm_l0.bias/dbeta/max_abs_over_ref_max" value="1.18112589172052e-07" /></properties></testcase><testcase classname="test.test_triton_equivariant_layer_norm_backward" name="test_backward_optional_original_source[random-V3-EquivariantSeparableLayerNorm-KNC]" time="0.010"><properties><property name="source/dX/dX/max_abs" value="4.76837158203125e-07" /><property name="source/dX/dX/max_abs_over_ref_max" value="8.744690114853635e-08" /><property name="source/affine_weight/dgamma/max_abs" value="9.5367431640625e-07" /><property name="source/affine_weight/dgamma/max_abs_over_ref_max" value="1.380871205452232e-07" /><property name="source/norm_l0.weight/dgamma/max_abs" value="4.76837158203125e-07" /><property name="source/norm_l0.weight/dgamma/max_abs_over_ref_max" value="1.3335410990365632e-07" /><property name="source/norm_l0.bias/dbeta/max_abs" value="4.76837158203125e-07" /><property name="source/norm_l0.bias/dbeta/max_abs_over_ref_max" value="1.18112589172052e-07" /></properties></testcase><testcase classname="test.test_triton_equivariant_layer_norm_backward" name="test_backward_optional_original_source[random-V2-EquivariantLayerNormArraySphericalHarmonics-NKC]" time="0.011"><properties><property name="source/dX/dX/max_abs" value="2.384185791015625e-07" /><property name="source/dX/dX/max_abs_over_ref_max" value="4.372345057426817e-08" /><property name="source/affine_weight/dgamma/max_abs" value="4.76837158203125e-07" /><property name="source/affine_weight/dgamma/max_abs_over_ref_max" value="6.90435602726116e-08" /><property name="source/norm_l0.weight/dgamma/max_abs" value="4.76837158203125e-07" /><property name="source/norm_l0.weight/dgamma/max_abs_over_ref_max" value="1.3335410990365632e-07" /><property name="source/norm_l0.bias/dbeta/max_abs" value="4.76837158203125e-07" /><property name="source/norm_l0.bias/dbeta/max_abs_over_ref_max" value="1.18112589172052e-07" /></properties></testcase><testcase classname="test.test_triton_equivariant_layer_norm_backward" name="test_backward_optional_original_source[random-V2-EquivariantLayerNormArraySphericalHarmonics-KNC]" time="0.009"><properties><property name="source/dX/dX/max_abs" value="2.384185791015625e-07" /><property name="source/dX/dX/max_abs_over_ref_max" value="4.372345057426817e-08" /><property name="source/affine_weight/dgamma/max_abs" value="4.76837158203125e-07" /><property name="source/affine_weight/dgamma/max_abs_over_ref_max" value="6.90435602726116e-08" /><property name="source/norm_l0.weight/dgamma/max_abs" value="4.76837158203125e-07" /><property name="source/norm_l0.weight/dgamma/max_abs_over_ref_max" value="1.3335410990365632e-07" /><property name="source/norm_l0.bias/dbeta/max_abs" value="4.76837158203125e-07" /><property name="source/norm_l0.bias/dbeta/max_abs_over_ref_max" value="1.18112589172052e-07" /></properties></testcase><testcase classname="test.test_triton_equivariant_layer_norm_backward" name="test_backward_optional_original_source[near_constant-V3-EquivariantLayerNorm-NKC]" time="0.005"><properties><property name="source/dX/dX/max_abs" value="0.0" /><property name="source/dX/dX/max_abs_over_ref_max" value="0.0" /><property name="source/affine_weight/dgamma/max_abs" value="2.9802322387695312e-08" /><property name="source/affine_weight/dgamma/max_abs_over_ref_max" value="1.0253994520470408e-07" /><property name="source/affine_bias/dbeta/max_abs" value="0.0" /><property name="source/affine_bias/dbeta/max_abs_over_ref_max" value="0.0" /></properties></testcase><testcase classname="test.test_triton_equivariant_layer_norm_backward" name="test_backward_optional_original_source[near_constant-V3-EquivariantLayerNorm-KNC]" time="0.005"><properties><property name="source/dX/dX/max_abs" value="0.0" /><property name="source/dX/dX/max_abs_over_ref_max" value="0.0" /><property name="source/affine_weight/dgamma/max_abs" value="2.9802322387695312e-08" /><property name="source/affine_weight/dgamma/max_abs_over_ref_max" value="1.0253994520470408e-07" /><property name="source/affine_bias/dbeta/max_abs" value="0.0" /><property name="source/affine_bias/dbeta/max_abs_over_ref_max" value="0.0" /></properties></testcase><testcase classname="test.test_triton_equivariant_layer_norm_backward" name="test_backward_optional_original_source[near_constant-V3-EquivariantSeparableLayerNorm-NKC]" time="0.005"><properties><property name="source/dX/dX/max_abs" value="0.0003509521484375" /><property name="source/dX/dX/max_abs_over_ref_max" value="1.9025799646087038e-07" /><property name="source/affine_weight/dgamma/max_abs" value="0.0" /><property name="source/affine_weight/dgamma/max_abs_over_ref_max" value="0.0" /><property name="source/norm_l0.weight/dgamma/max_abs" value="0.0001463852822780609" /><property name="source/norm_l0.weight/dgamma/max_abs_over_ref_max" value="0.000913753398990567" /><property name="source/norm_l0.bias/dbeta/max_abs" value="4.76837158203125e-07" /><property name="source/norm_l0.bias/dbeta/max_abs_over_ref_max" value="1.18112589172052e-07" /></properties></testcase><testcase classname="test.test_triton_equivariant_layer_norm_backward" name="test_backward_optional_original_source[near_constant-V3-EquivariantSeparableLayerNorm-KNC]" time="0.005"><properties><property name="source/dX/dX/max_abs" value="0.0003509521484375" /><property name="source/dX/dX/max_abs_over_ref_max" value="1.9025799646087038e-07" /><property name="source/affine_weight/dgamma/max_abs" value="0.0" /><property name="source/affine_weight/dgamma/max_abs_over_ref_max" value="0.0" /><property name="source/norm_l0.weight/dgamma/max_abs" value="0.0001463852822780609" /><property name="source/norm_l0.weight/dgamma/max_abs_over_ref_max" value="0.000913753398990567" /><property name="source/norm_l0.bias/dbeta/max_abs" value="4.76837158203125e-07" /><property name="source/norm_l0.bias/dbeta/max_abs_over_ref_max" value="1.18112589172052e-07" /></properties></testcase><testcase classname="test.test_triton_equivariant_layer_norm_backward" name="test_backward_optional_original_source[near_constant-V2-EquivariantLayerNormArraySphericalHarmonics-NKC]" time="0.005"><properties><property name="source/dX/dX/max_abs" value="0.0003509521484375" /><property name="source/dX/dX/max_abs_over_ref_max" value="1.9025799646087038e-07" /><property name="source/affine_weight/dgamma/max_abs" value="1.4901161193847656e-08" /><property name="source/affine_weight/dgamma/max_abs_over_ref_max" value="6.586680217663435e-08" /><property name="source/norm_l0.weight/dgamma/max_abs" value="0.0001463852822780609" /><property name="source/norm_l0.weight/dgamma/max_abs_over_ref_max" value="0.000913753398990567" /><property name="source/norm_l0.bias/dbeta/max_abs" value="4.76837158203125e-07" /><property name="source/norm_l0.bias/dbeta/max_abs_over_ref_max" value="1.18112589172052e-07" /></properties></testcase><testcase classname="test.test_triton_equivariant_layer_norm_backward" name="test_backward_optional_original_source[near_constant-V2-EquivariantLayerNormArraySphericalHarmonics-KNC]" time="0.005"><properties><property name="source/dX/dX/max_abs" value="0.0003509521484375" /><property name="source/dX/dX/max_abs_over_ref_max" value="1.9025799646087038e-07" /><property name="source/affine_weight/dgamma/max_abs" value="1.4901161193847656e-08" /><property name="source/affine_weight/dgamma/max_abs_over_ref_max" value="6.586680217663435e-08" /><property name="source/norm_l0.weight/dgamma/max_abs" value="0.0001463852822780609" /><property name="source/norm_l0.weight/dgamma/max_abs_over_ref_max" value="0.000913753398990567" /><property name="source/norm_l0.bias/dbeta/max_abs" value="4.76837158203125e-07" /><property name="source/norm_l0.bias/dbeta/max_abs_over_ref_max" value="1.18112589172052e-07" /></properties></testcase><testcase classname="test.test_triton_equivariant_layer_norm_backward" name="test_backward_custom_nonuniform_partition[channels_first-True]" time="0.012"><properties><property name="custom/float64/dX/max_abs" value="2.8358969705877257e-07" /><property name="custom/float64/dX/max_abs_over_ref_max" value="8.418824751905617e-08" /><property name="custom/float64/dgamma/max_abs" value="1.642245265998099e-06" /><property name="custom/float64/dgamma/max_abs_over_ref_max" value="1.5244196264958168e-07" /><property name="custom/float64/dbeta/max_abs" value="1.1920928955078125e-07" /><property name="custom/float64/dbeta/max_abs_over_ref_max" value="2.8821400489348472e-08" /><property name="custom/float32/dX/max_abs" value="2.384185791015625e-07" /><property name="custom/float32/dX/max_abs_over_ref_max" value="7.077846115168447e-08" /><property name="custom/float32/dgamma/max_abs" value="9.5367431640625e-07" /><property name="custom/float32/dgamma/max_abs_over_ref_max" value="8.85251410515335e-08" /><property name="custom/float32/dbeta/max_abs" value="2.384185791015625e-07" /><property name="custom/float32/dbeta/max_abs_over_ref_max" value="5.764280139403351e-08" /></properties></testcase><testcase classname="test.test_triton_equivariant_layer_norm_backward" name="test_backward_custom_nonuniform_partition[channels_first-False]" time="0.011"><properties><property name="custom/float64/dX/max_abs" value="2.8358969705877257e-07" /><property name="custom/float64/dX/max_abs_over_ref_max" value="8.418824751905617e-08" /><property name="custom/float64/dgamma/max_abs" value="1.642245265998099e-06" /><property name="custom/float64/dgamma/max_abs_over_ref_max" value="1.5244196264958168e-07" /><property name="custom/float64/dbeta/max_abs" value="1.1920928955078125e-07" /><property name="custom/float64/dbeta/max_abs_over_ref_max" value="2.8821400489348472e-08" /><property name="custom/float32/dX/max_abs" value="2.384185791015625e-07" /><property name="custom/float32/dX/max_abs_over_ref_max" value="7.077846115168447e-08" /><property name="custom/float32/dgamma/max_abs" value="9.5367431640625e-07" /><property name="custom/float32/dgamma/max_abs_over_ref_max" value="8.85251410515335e-08" /><property name="custom/float32/dbeta/max_abs" value="2.384185791015625e-07" /><property name="custom/float32/dbeta/max_abs_over_ref_max" value="5.764280139403351e-08" /></properties></testcase><testcase classname="test.test_triton_equivariant_layer_norm_backward" name="test_backward_custom_nonuniform_partition[components_first-True]" time="0.007"><properties><property name="custom/float64/dX/max_abs" value="2.8358969705877257e-07" /><property name="custom/float64/dX/max_abs_over_ref_max" value="8.418824751905617e-08" /><property name="custom/float64/dgamma/max_abs" value="1.642245265998099e-06" /><property name="custom/float64/dgamma/max_abs_over_ref_max" value="1.5244196264958168e-07" /><property name="custom/float64/dbeta/max_abs" value="1.1920928955078125e-07" /><property name="custom/float64/dbeta/max_abs_over_ref_max" value="2.8821400489348472e-08" /><property name="custom/float32/dX/max_abs" value="2.384185791015625e-07" /><property name="custom/float32/dX/max_abs_over_ref_max" value="7.077846115168447e-08" /><property name="custom/float32/dgamma/max_abs" value="9.5367431640625e-07" /><property name="custom/float32/dgamma/max_abs_over_ref_max" value="8.85251410515335e-08" /><property name="custom/float32/dbeta/max_abs" value="2.384185791015625e-07" /><property name="custom/float32/dbeta/max_abs_over_ref_max" value="5.764280139403351e-08" /></properties></testcase><testcase classname="test.test_triton_equivariant_layer_norm_backward" name="test_backward_custom_nonuniform_partition[components_first-False]" time="0.008"><properties><property name="custom/float64/dX/max_abs" value="2.8358969705877257e-07" /><property name="custom/float64/dX/max_abs_over_ref_max" value="8.418824751905617e-08" /><property name="custom/float64/dgamma/max_abs" value="1.642245265998099e-06" /><property name="custom/float64/dgamma/max_abs_over_ref_max" value="1.5244196264958168e-07" /><property name="custom/float64/dbeta/max_abs" value="1.1920928955078125e-07" /><property name="custom/float64/dbeta/max_abs_over_ref_max" value="2.8821400489348472e-08" /><property name="custom/float32/dX/max_abs" value="2.384185791015625e-07" /><property name="custom/float32/dX/max_abs_over_ref_max" value="7.077846115168447e-08" /><property name="custom/float32/dgamma/max_abs" value="9.5367431640625e-07" /><property name="custom/float32/dgamma/max_abs_over_ref_max" value="8.85251410515335e-08" /><property name="custom/float32/dbeta/max_abs" value="2.384185791015625e-07" /><property name="custom/float32/dbeta/max_abs_over_ref_max" value="5.764280139403351e-08" /></properties></testcase><testcase classname="test.test_triton_equivariant_layer_norm_backward" name="test_backward_split_only_one_weight_requires_grad[scalar-per_degree]" time="0.003" /><testcase classname="test.test_triton_equivariant_layer_norm_backward" name="test_backward_split_only_one_weight_requires_grad[scalar-scalar_high]" time="0.003" /><testcase classname="test.test_triton_equivariant_layer_norm_backward" name="test_backward_split_only_one_weight_requires_grad[higher-per_degree]" time="0.004" /><testcase classname="test.test_triton_equivariant_layer_norm_backward" name="test_backward_split_only_one_weight_requires_grad[higher-scalar_high]" time="0.004" /><testcase classname="test.test_triton_equivariant_layer_norm_backward" name="test_backward_nan_isolation[0-X-per_degree]" time="0.018" /><testcase classname="test.test_triton_equivariant_layer_norm_backward" name="test_backward_nan_isolation[0-X-scalar_high]" time="0.006" /><testcase classname="test.test_triton_equivariant_layer_norm_backward" name="test_backward_nan_isolation[0-dY-per_degree]" time="0.005" /><testcase classname="test.test_triton_equivariant_layer_norm_backward" name="test_backward_nan_isolation[0-dY-scalar_high]" time="0.005" /><testcase classname="test.test_triton_equivariant_layer_norm_backward" name="test_backward_nan_isolation[1-X-per_degree]" time="0.005" /><testcase classname="test.test_triton_equivariant_layer_norm_backward" name="test_backward_nan_isolation[1-X-scalar_high]" time="0.004" /><testcase classname="test.test_triton_equivariant_layer_norm_backward" name="test_backward_nan_isolation[1-dY-per_degree]" time="0.005" /><testcase classname="test.test_triton_equivariant_layer_norm_backward" name="test_backward_nan_isolation[1-dY-scalar_high]" time="0.004" /><testcase classname="test.test_triton_equivariant_layer_norm_backward" name="test_backward_model_shape_l4_c128_n108[per_degree]" time="0.054"><properties><property name="l4_c128_n108/float64/dX/max_abs" value="1.3146548276665726e-06" /><property name="l4_c128_n108/float64/dX/max_abs_over_ref_max" value="1.1654138681945916e-07" /><property name="l4_c128_n108/float64/dgamma/max_abs" value="8.353145688033692e-06" /><property name="l4_c128_n108/float64/dgamma/max_abs_over_ref_max" value="9.805366299572133e-08" /><property name="l4_c128_n108/float64/dbeta/max_abs" value="9.331852197647095e-07" /><property name="l4_c128_n108/float64/dbeta/max_abs_over_ref_max" value="3.252141815152238e-08" /><property name="l4_c128_n108/float32/dX/max_abs" value="1.9073486328125e-06" /><property name="l4_c128_n108/float32/dX/max_abs_over_ref_max" value="1.690824462070538e-07" /><property name="l4_c128_n108/float32/dgamma/max_abs" value="1.0251998901367188e-05" /><property name="l4_c128_n108/float32/dgamma/max_abs_over_ref_max" value="1.2034341510386655e-07" /><property name="l4_c128_n108/float32/dbeta/max_abs" value="2.86102294921875e-06" /><property name="l4_c128_n108/float32/dbeta/max_abs_over_ref_max" value="9.97063846385165e-08" /></properties></testcase><testcase classname="test.test_triton_equivariant_layer_norm_backward" name="test_backward_model_shape_l4_c128_n108[scalar_high]" time="0.014"><properties><property name="l4_c128_n108/float64/dX/max_abs" value="1.2011486809626604e-06" /><property name="l4_c128_n108/float64/dX/max_abs_over_ref_max" value="1.0219809984635317e-07" /><property name="l4_c128_n108/float64/dgamma_scalar/max_abs" value="2.6200719176472376e-06" /><property name="l4_c128_n108/float64/dgamma_scalar/max_abs_over_ref_max" value="9.346727985566783e-08" /><property name="l4_c128_n108/float64/dgamma_high/max_abs" value="7.0845038919742365e-06" /><property name="l4_c128_n108/float64/dgamma_high/max_abs_over_ref_max" value="8.286750047197118e-08" /><property name="l4_c128_n108/float64/dbeta/max_abs" value="9.331852197647095e-07" /><property name="l4_c128_n108/float64/dbeta/max_abs_over_ref_max" value="3.252141815152238e-08" /><property name="l4_c128_n108/float32/dX/max_abs" value="1.430511474609375e-06" /><property name="l4_c128_n108/float32/dX/max_abs_over_ref_max" value="1.2171312686621724e-07" /><property name="l4_c128_n108/float32/dgamma_scalar/max_abs" value="3.814697265625e-06" /><property name="l4_c128_n108/float32/dgamma_scalar/max_abs_over_ref_max" value="1.3608380476165398e-07" /><property name="l4_c128_n108/float32/dgamma_high/max_abs" value="8.58306884765625e-06" /><property name="l4_c128_n108/float32/dgamma_high/max_abs_over_ref_max" value="1.0039623045620047e-07" /><property name="l4_c128_n108/float32/dbeta/max_abs" value="2.86102294921875e-06" /><property name="l4_c128_n108/float32/dbeta/max_abs_over_ref_max" value="9.97063846385165e-08" /></properties></testcase><testcase classname="test.test_triton_equivariant_layer_norm_backward" name="test_backward_tiny_epsilon_zero_input_stays_finite[per_degree]" time="0.006"><properties><property name="tiny_eps/dX/max_abs_over_rstd" value="2.3100498400000002e-07" /><property name="tiny_eps/dgamma/max_abs" value="0.0" /><property name="tiny_eps/dgamma/max_abs_over_ref_max" value="0.0" /><property name="tiny_eps/dbeta/max_abs" value="8.940696716308594e-08" /><property name="tiny_eps/dbeta/max_abs_over_ref_max" value="3.045586637738365e-08" /></properties></testcase><testcase classname="test.test_triton_equivariant_layer_norm_backward" name="test_backward_tiny_epsilon_zero_input_stays_finite[scalar_high]" time="0.006"><properties><property name="tiny_eps/dX/max_abs_over_rstd" value="2.3100498400000002e-07" /><property name="tiny_eps/dgamma/max_abs" value="0.0" /><property name="tiny_eps/dgamma/max_abs_over_ref_max" value="0.0" /><property name="tiny_eps/dbeta/max_abs" value="8.940696716308594e-08" /><property name="tiny_eps/dbeta/max_abs_over_ref_max" value="3.045586637738365e-08" /></properties></testcase><testcase classname="test.test_triton_equivariant_layer_norm_backward" name="test_backward_optional_original_source_chain_two_sgd_steps" time="0.410"><properties>
[...]
</properties></testcase><testcase classname="test.test_triton_equivariant_layer_norm_precision" name="test_large_parameter_reduction_cancellation[per_degree]" time="0.021"><properties><property name="dgamma/max_abs" value="2.1818061029729718e-10" /><property name="dbeta/max_abs" value="5.059064278611913e-12" /></properties></testcase><testcase classname="test.test_triton_equivariant_layer_norm_precision" name="test_large_parameter_reduction_cancellation[scalar_high]" time="0.006"><properties><property name="dgamma/max_abs" value="2.1818061029729718e-10" /><property name="dbeta/max_abs" value="5.059064278611913e-12" /></properties></testcase><testcase classname="test.test_triton_equivariant_layer_norm_precision" name="test_large_parameter_reduction_partial_final_tile" time="0.009"><properties><property name="dgamma/max_abs" value="1.358064476847387e-10" /><property name="dbeta/max_abs" value="6.658673612491839e-12" /></properties></testcase><testcase classname="test.test_triton_equivariant_layer_norm_precision" name="test_large_random_gradients_match_fp64[per_degree]" time="0.049"><properties><property name="dX/max_abs" value="1.7839089228033345e-06" /><property name="dgamma/max_abs" value="4.613494724026168e-05" /><property name="dbeta/max_abs" value="7.023772923275828e-06" /></properties></testcase><testcase classname="test.test_triton_equivariant_layer_norm_precision" name="test_large_random_gradients_match_fp64[scalar_high]" time="0.013"><properties><property name="dX/max_abs" value="1.6891838523491742e-06" /><property name="dgamma/max_abs" value="3.346741969778577e-05" /><property name="dbeta/max_abs" value="7.023772923275828e-06" /></properties></testcase><testcase classname="test.test_triton_equivariant_layer_norm_precision" name="test_optional_original_source_large_batch_acceptance[V3-EquivariantLayerNorm-1-NKC]" time="0.052"><properties><property name="source/path" value="/public-data/zhouxibo/zxb/fasteq_unified_layernorm_20260915/reference/layer_norm.py" /><property name="source/sha256" value="41e00b377cbacef4713d88697c06e419f3b8c208d9fcc55be78b53fd5a23c2c6" /><property name="source/class" value="EquivariantLayerNorm" /><property name="reference" value="original FP32 source forward and autograd" /><property name="forward/max_abs" value="0.0" /><property name="forward/relative_l2" value="0.0" /><property name="forward/failures" value="0" /><property name="forward/max_tolerance_ratio" value="0.0" /><property name="dX/max_abs" value="1.1920928955078125e-07" /><property name="dX/relative_l2" value="1.070032280496772e-08" /><property name="dX/failures" value="0" /><property name="dX/max_tolerance_ratio" value="0.0007700759374448834" /><property name="parameter/affine_weight/max_abs" value="4.76837158203125e-07" /><property name="parameter/affine_weight/relative_l2" value="5.0576497840131904e-08" /><property name="parameter/affine_weight/failures" value="0" /><property name="parameter/affine_weight/max_tolerance_ratio" value="0.0017972392338542879" /><property name="parameter/affine_bias/max_abs" value="0.0" /><property name="parameter/affine_bias/relative_l2" value="0.0" /><property name="parameter/affine_bias/failures" value="0" /><property name="parameter/affine_bias/max_tolerance_ratio" value="0.0" /></properties></testcase><testcase classname="test.test_triton_equivariant_layer_norm_precision" name="test_optional_original_source_large_batch_acceptance[V3-EquivariantLayerNorm-1-KNC]" time="0.009"><properties><property name="source/path" value="/public-data/zhouxibo/zxb/fasteq_unified_layernorm_20260915/reference/layer_norm.py" /><property name="source/sha256" value="41e00b377cbacef4713d88697c06e419f3b8c208d9fcc55be78b53fd5a23c2c6" /><property name="source/class" value="EquivariantLayerNorm" /><property name="reference" value="original FP32 source forward and autograd" /><property name="forward/max_abs" value="0.0" /><property name="forward/relative_l2" value="0.0" /><property name="forward/failures" value="0" /><property name="forward/max_tolerance_ratio" value="0.0" /><property name="dX/max_abs" value="1.1920928955078125e-07" /><property name="dX/relative_l2" value="1.070032280496772e-08" /><property name="dX/failures" value="0" /><property name="dX/max_tolerance_ratio" value="0.0007700759374448834" /><property name="parameter/affine_weight/max_abs" value="4.76837158203125e-07" /><property name="parameter/affine_weight/relative_l2" value="5.0576497840131904e-08" /><property name="parameter/affine_weight/failures" value="0" /><property name="parameter/affine_weight/max_tolerance_ratio" value="0.0017972392338542879" /><property name="parameter/affine_bias/max_abs" value="0.0" /><property name="parameter/affine_bias/relative_l2" value="0.0" /><property name="parameter/affine_bias/failures" value="0" /><property name="parameter/affine_bias/max_tolerance_ratio" value="0.0" /></properties></testcase><testcase classname="test.test_triton_equivariant_layer_norm_precision" name="test_optional_original_source_large_batch_acceptance[V3-EquivariantLayerNorm-17-NKC]" time="0.005"><properties><property name="source/path" value="/public-data/zhouxibo/zxb/fasteq_unified_layernorm_20260915/reference/layer_norm.py" /><property name="source/sha256" value="41e00b377cbacef4713d88697c06e419f3b8c208d9fcc55be78b53fd5a23c2c6" /><property name="source/class" value="EquivariantLayerNorm" /><property name="reference" value="original FP32 source forward and autograd" /><property name="forward/max_abs" value="9.5367431640625e-07" /><property name="forward/relative_l2" value="2.677519347739876e-08" /><property name="forward/failures" value="0" /><property name="forward/max_tolerance_ratio" value="0.0003728313194414644" /><property name="dX/max_abs" value="9.5367431640625e-07" /><property name="dX/relative_l2" value="3.016946237706009e-08" /><property name="dX/failures" value="0" /><property name="dX/max_tolerance_ratio" value="0.0013045855896467251" /><property name="parameter/affine_weight/max_abs" value="3.814697265625e-06" /><property name="parameter/affine_weight/relative_l2" value="9.232134148595727e-08" /><property name="parameter/affine_weight/failures" value="0" /><property name="parameter/affine_weight/max_tolerance_ratio" value="0.0064555570403336746" /><property name="parameter/affine_bias/max_abs" value="0.0" /><property name="parameter/affine_bias/relative_l2" value="0.0" /><property name="parameter/affine_bias/failures" value="0" /><property name="parameter/affine_bias/max_tolerance_ratio" value="0.0" /></properties></testcase><testcase classname="test.test_triton_equivariant_layer_norm_precision" name="test_optional_original_source_large_batch_acceptance[V3-EquivariantLayerNorm-17-KNC]" time="0.022"><properties><property name="source/path" value="/public-data/zhouxibo/zxb/fasteq_unified_layernorm_20260915/reference/layer_norm.py" /><property name="source/sha256" value="41e00b377cbacef4713d88697c06e419f3b8c208d9fcc55be78b53fd5a23c2c6" /><property name="source/class" value="EquivariantLayerNorm" /><property name="reference" value="original FP32 source forward and autograd" /><property name="forward/max_abs" value="9.5367431640625e-07" /><property name="forward/relative_l2" value="2.677519347739876e-08" /><property name="forward/failures" value="0" /><property name="forward/max_tolerance_ratio" value="0.0003728313194414644" /><property name="dX/max_abs" value="9.5367431640625e-07" /><property name="dX/relative_l2" value="3.016946237706009e-08" /><property name="dX/failures" value="0" /><property name="dX/max_tolerance_ratio" value="0.0013045855896467251" /><property name="parameter/affine_weight/max_abs" value="3.814697265625e-06" /><property name="parameter/affine_weight/relative_l2" value="9.232134148595727e-08" /><property name="parameter/affine_weight/failures" value="0" /><property name="parameter/affine_weight/max_tolerance_ratio" value="0.0064555570403336746" /><property name="parameter/affine_bias/max_abs" value="0.0" /><property name="parameter/affine_bias/relative_l2" value="0.0" /><property name="parameter/affine_bias/failures" value="0" /><property name="parameter/affine_bias/max_tolerance_ratio" value="0.0" /></properties></testcase><testcase classname="test.test_triton_equivariant_layer_norm_precision" name="test_optional_original_source_large_batch_acceptance[V3-EquivariantLayerNorm-257-NKC]" time="0.006"><properties><property name="source/path" value="/public-data/zhouxibo/zxb/fasteq_unified_layernorm_20260915/reference/layer_norm.py" /><property name="source/sha256" value="41e00b377cbacef4713d88697c06e419f3b8c208d9fcc55be78b53fd5a23c2c6" /><property name="source/class" value="EquivariantLayerNorm" /><property name="reference" value="original FP32 source forward and autograd" /><property name="forward/max_abs" value="9.5367431640625e-07" /><property name="forward/relative_l2" value="2.4807347655770545e-08" /><property name="forward/failures" value="0" /><property name="forward/max_tolerance_ratio" value="0.0005533655703209681" /><property name="dX/max_abs" value="1.9073486328125e-06" /><property name="dX/relative_l2" value="2.8401014382162874e-08" /><property name="dX/failures" value="0" /><property name="dX/max_tolerance_ratio" value="0.0014473701302824893" /><property name="parameter/affine_weight/max_abs" value="1.52587890625e-05" /><property name="parameter/affine_weight/relative_l2" value="1.2150655273229492e-07" /><property name="parameter/affine_weight/failures" value="0" /><property name="parameter/affine_weight/max_tolerance_ratio" value="0.046763644072552235" /><property name="parameter/affine_bias/max_abs" value="0.0" /><property name="parameter/affine_bias/relative_l2" value="0.0" /><property name="parameter/affine_bias/failures" value="0" /><property name="parameter/affine_bias/max_tolerance_ratio" value="0.0" /></properties></testcase><testcase classname="test.test_triton_equivariant_layer_norm_precision" name="test_optional_original_source_large_batch_acceptance[V3-EquivariantLayerNorm-257-KNC]" time="0.008"><properties><property name="source/path" value="/public-data/zhouxibo/zxb/fasteq_unified_layernorm_20260915/reference/layer_norm.py" /><property name="source/sha256" value="41e00b377cbacef4713d88697c06e419f3b8c208d9fcc55be78b53fd5a23c2c6" /><property name="source/class" value="EquivariantLayerNorm" /><property name="reference" value="original FP32 source forward and autograd" /><property name="forward/max_abs" value="9.5367431640625e-07" /><property name="forward/relative_l2" value="2.4807347655770545e-08" /><property name="forward/failures" value="0" /><property name="forward/max_tolerance_ratio" value="0.0005533655703209681" /><property name="dX/max_abs" value="1.9073486328125e-06" /><property name="dX/relative_l2" value="2.8401014382162874e-08" /><property name="dX/failures" value="0" /><property name="dX/max_tolerance_ratio" value="0.0014473701302824893" /><property name="parameter/affine_weight/max_abs" value="1.52587890625e-05" /><property name="parameter/affine_weight/relative_l2" value="1.2150655273229492e-07" /><property name="parameter/affine_weight/failures" value="0" /><property name="parameter/affine_weight/max_tolerance_ratio" value="0.046763644072552235" /><property name="parameter/affine_bias/max_abs" value="0.0" /><property name="parameter/affine_bias/relative_l2" value="0.0" /><property name="parameter/affine_bias/failures" value="0" /><property name="parameter/affine_bias/max_tolerance_ratio" value="0.0" /></properties></testcase><testcase classname="test.test_triton_equivariant_layer_norm_precision" name="test_optional_original_source_large_batch_acceptance[V3-EquivariantLayerNorm-4096-NKC]" time="0.059"><properties><property name="source/path" value="/public-data/zhouxibo/zxb/fasteq_unified_layernorm_20260915/reference/layer_norm.py" /><property name="source/sha256" value="41e00b377cbacef4713d88697c06e419f3b8c208d9fcc55be78b53fd5a23c2c6" /><property name="source/class" value="EquivariantLayerNorm" /><property name="reference" value="original FP32 source forward and autograd" /><property name="forward/max_abs" value="1.9073486328125e-06" /><property name="forward/relative_l2" value="2.7281270232404223e-08" /><property name="forward/failures" value="0" /><property name="forward/max_tolerance_ratio" value="0.0005980196459819378" /><property name="dX/max_abs" value="1.9073486328125e-06" /><property name="dX/relative_l2" value="3.088817441530091e-08" /><property name="dX/failures" value="0" /><property name="dX/max_tolerance_ratio" value="0.003747959920546709" /><property name="parameter/affine_weight/max_abs" value="7.62939453125e-05" /><property name="parameter/affine_weight/relative_l2" value="1.371642121631305e-07" /><property name="parameter/affine_weight/failures" value="0" /><property name="parameter/affine_weight/max_tolerance_ratio" value="0.02422207183006957" /><property name="parameter/affine_bias/max_abs" value="0.0" /><property name="parameter/affine_bias/relative_l2" value="0.0" /><property name="parameter/affine_bias/failures" value="0" /><property name="parameter/affine_bias/max_tolerance_ratio" value="0.0" /></properties></testcase><testcase classname="test.test_triton_equivariant_layer_norm_precision" name="test_optional_original_source_large_batch_acceptance[V3-EquivariantLayerNorm-4096-KNC]" time="0.010"><properties><property name="source/path" value="/public-data/zhouxibo/zxb/fasteq_unified_layernorm_20260915/reference/layer_norm.py" /><property name="source/sha256" value="41e00b377cbacef4713d88697c06e419f3b8c208d9fcc55be78b53fd5a23c2c6" /><property name="source/class" value="EquivariantLayerNorm" /><property name="reference" value="original FP32 source forward and autograd" /><property name="forward/max_abs" value="1.9073486328125e-06" /><property name="forward/relative_l2" value="2.7281270232404223e-08" /><property name="forward/failures" value="0" /><property name="forward/max_tolerance_ratio" value="0.0005980196459819378" /><property name="dX/max_abs" value="1.9073486328125e-06" /><property name="dX/relative_l2" value="3.088817441530091e-08" /><property name="dX/failures" value="0" /><property name="dX/max_tolerance_ratio" value="0.003747959920546709" /><property name="parameter/affine_weight/max_abs" value="7.62939453125e-05" /><property name="parameter/affine_weight/relative_l2" value="1.371642121631305e-07" /><property name="parameter/affine_weight/failures" value="0" /><property name="parameter/affine_weight/max_tolerance_ratio" value="0.02422207183006957" /><property name="parameter/affine_bias/max_abs" value="0.0" /><property name="parameter/affine_bias/relative_l2" value="0.0" /><property name="parameter/affine_bias/failures" value="0" /><property name="parameter/affine_bias/max_tolerance_ratio" value="0.0" /></properties></testcase><testcase classname="test.test_triton_equivariant_layer_norm_precision" name="test_optional_original_source_large_batch_acceptance[V3-EquivariantLayerNorm-27648-NKC]" time="0.054"><properties><property name="source/path" value="/public-data/zhouxibo/zxb/fasteq_unified_layernorm_20260915/reference/layer_norm.py" /><property name="source/sha256" value="41e00b377cbacef4713d88697c06e419f3b8c208d9fcc55be78b53fd5a23c2c6" /><property name="source/class" value="EquivariantLayerNorm" /><property name="reference" value="original FP32 source forward and autograd" /><property name="forward/max_abs" value="1.9073486328125e-06" /><property name="forward/relative_l2" value="2.7325649853862018e-08" /><property name="forward/failures" value="0" /><property name="forward/max_tolerance_ratio" value="0.0006239775088554888" /><property name="dX/max_abs" value="1.9073486328125e-06" /><property name="dX/relativ
[...]
ias/failures" value="0" /><property name="parameter/norm_l0.bias/max_tolerance_ratio" value="0.0" /></properties></testcase><testcase classname="test.test_triton_equivariant_layer_norm_precision" name="test_optional_original_source_unweighted_component_cancellation[V3-EquivariantLayerNorm]" time="0.008"><properties><property name="source/path" value="/public-data/zhouxibo/zxb/fasteq_unified_layernorm_20260915/reference/layer_norm.py" /><property name="source/sha256" value="41e00b377cbacef4713d88697c06e419f3b8c208d9fcc55be78b53fd5a23c2c6" /><property name="source/class" value="EquivariantLayerNorm" /><property name="source/affine" value="False" /><property name="reference" value="original FP32 source forward and autograd" /><property name="forward/max_abs" value="0.0" /><property name="forward/relative_l2" value="0.0" /><property name="forward/failures" value="0" /><property name="forward/max_tolerance_ratio" value="0.0" /><property name="dX/max_abs" value="0.0" /><property name="dX/relative_l2" value="0.0" /><property name="dX/failures" value="0" /><property name="dX/max_tolerance_ratio" value="0.0" /></properties></testcase><testcase classname="test.test_triton_equivariant_layer_norm_precision" name="test_optional_original_source_unweighted_component_cancellation[V2-EquivariantLayerNormArraySphericalHarmonics]" time="0.007"><properties><property name="source/path" value="/public-data/zhouxibo/zxb/fasteq_unified_layernorm_20260915/reference/layer_norm_v2.py" /><property name="source/sha256" value="fdd7955f1fc3ef4e0a0ccbfb761128b5b269ad09f50423428f77aee12a53480c" /><property name="source/class" value="EquivariantLayerNormArraySphericalHarmonics" /><property name="source/affine" value="False" /><property name="reference" value="original FP32 source forward and autograd" /><property name="forward/max_abs" value="0.0" /><property name="forward/relative_l2" value="0.0" /><property name="forward/failures" value="0" /><property name="forward/max_tolerance_ratio" value="0.0" /><property name="dX/max_abs" value="0.0" /><property name="dX/relative_l2" value="0.0" /><property name="dX/failures" value="0" /><property name="dX/max_tolerance_ratio" value="0.0" /></properties></testcase><testcase classname="test.test_triton_equivariant_layer_norm_precision" name="test_optional_original_source_unweighted_component_cancellation[V3-EquivariantSeparableLayerNorm]" time="0.008"><properties><property name="source/path" value="/public-data/zhouxibo/zxb/fasteq_unified_layernorm_20260915/reference/layer_norm.py" /><property name="source/sha256" value="41e00b377cbacef4713d88697c06e419f3b8c208d9fcc55be78b53fd5a23c2c6" /><property name="source/class" value="EquivariantSeparableLayerNorm" /><property name="source/affine" value="False" /><property name="reference" value="original FP32 source forward and autograd" /><property name="forward/max_abs" value="0.0" /><property name="forward/relative_l2" value="0.0" /><property name="forward/failures" value="0" /><property name="forward/max_tolerance_ratio" value="0.0" /><property name="dX/max_abs" value="0.0" /><property name="dX/relative_l2" value="0.0" /><property name="dX/failures" value="0" /><property name="dX/max_tolerance_ratio" value="0.0" /></properties></testcase><testcase classname="test.test_triton_equivariant_layer_norm_precision" name="test_optional_original_source_shared_scale_degree_accumulation[large_cancel_then_small]" time="0.005"><properties><property name="source/path" value="/public-data/zhouxibo/zxb/fasteq_unified_layernorm_20260915/reference/layer_norm_v2.py" /><property name="source/sha256" value="fdd7955f1fc3ef4e0a0ccbfb761128b5b269ad09f50423428f77aee12a53480c" /><property name="source/class" value="EquivariantLayerNormArraySphericalHarmonics" /><property name="reference" value="original FP32 source forward and autograd" /><property name="upstream/degrees1_2_3" value="(100000000.0, -100000000.0, 1.0)" /><property name="forward/max_abs" value="0.0" /><property name="forward/relative_l2" value="0.0" /><property name="forward/failures" value="0" /><property name="forward/max_tolerance_ratio" value="0.0" /><property name="dX/max_abs" value="0.0" /><property name="dX/relative_l2" value="0.0" /><property name="dX/failures" value="0" /><property name="dX/max_tolerance_ratio" value="0.0" /><property name="parameter/affine_weight/max_abs" value="0.0" /><property name="parameter/affine_weight/relative_l2" value="0.0" /><property name="parameter/affine_weight/failures" value="0" /><property name="parameter/affine_weight/max_tolerance_ratio" value="0.0" /><property name="parameter/norm_l0.weight/max_abs" value="0.0" /><property name="parameter/norm_l0.weight/relative_l2" value="0.0" /><property name="parameter/norm_l0.weight/failures" value="0" /><property name="parameter/norm_l0.weight/max_tolerance_ratio" value="0.0" /><property name="parameter/norm_l0.bias/max_abs" value="0.0" /><property name="parameter/norm_l0.bias/relative_l2" value="0.0" /><property name="parameter/norm_l0.bias/failures" value="0" /><property name="parameter/norm_l0.bias/max_tolerance_ratio" value="0.0" /></properties></testcase><testcase classname="test.test_triton_equivariant_layer_norm_precision" name="test_optional_original_source_shared_scale_degree_accumulation[small_between_large]" time="0.005"><properties><property name="source/path" value="/public-data/zhouxibo/zxb/fasteq_unified_layernorm_20260915/reference/layer_norm_v2.py" /><property name="source/sha256" value="fdd7955f1fc3ef4e0a0ccbfb761128b5b269ad09f50423428f77aee12a53480c" /><property name="source/class" value="EquivariantLayerNormArraySphericalHarmonics" /><property name="reference" value="original FP32 source forward and autograd" /><property name="upstream/degrees1_2_3" value="(100000000.0, 1.0, -100000000.0)" /><property name="forward/max_abs" value="0.0" /><property name="forward/relative_l2" value="0.0" /><property name="forward/failures" value="0" /><property name="forward/max_tolerance_ratio" value="0.0" /><property name="dX/max_abs" value="0.0" /><property name="dX/relative_l2" value="0.0" /><property name="dX/failures" value="0" /><property name="dX/max_tolerance_ratio" value="0.0" /><property name="parameter/affine_weight/max_abs" value="0.0" /><property name="parameter/affine_weight/relative_l2" value="0.0" /><property name="parameter/affine_weight/failures" value="0" /><property name="parameter/affine_weight/max_tolerance_ratio" value="0.0" /><property name="parameter/norm_l0.weight/max_abs" value="0.0" /><property name="parameter/norm_l0.weight/relative_l2" value="0.0" /><property name="parameter/norm_l0.weight/failures" value="0" /><property name="parameter/norm_l0.weight/max_tolerance_ratio" value="0.0" /><property name="parameter/norm_l0.bias/max_abs" value="0.0" /><property name="parameter/norm_l0.bias/relative_l2" value="0.0" /><property name="parameter/norm_l0.bias/failures" value="0" /><property name="parameter/norm_l0.bias/max_tolerance_ratio" value="0.0" /></properties></testcase><testcase classname="test.test_triton_equivariant_layer_norm_precision" name="test_optional_original_source_wide_reduction_acceptance[V3-EquivariantSeparableLayerNorm-17-5-256]" time="0.013"><properties><property name="source/path" value="/public-data/zhouxibo/zxb/fasteq_unified_layernorm_20260915/reference/layer_norm.py" /><property name="source/sha256" value="41e00b377cbacef4713d88697c06e419f3b8c208d9fcc55be78b53fd5a23c2c6" /><property name="source/class" value="EquivariantSeparableLayerNorm" /><property name="reference" value="original FP32 source forward and autograd" /><property name="source/empty_parameters" value="" /><property name="forward/max_abs" value="1.9073486328125e-06" /><property name="forward/relative_l2" value="4.652397734581053e-08" /><property name="forward/failures" value="0" /><property name="forward/max_tolerance_ratio" value="0.0020467143224563254" /><property name="dX/max_abs" value="1.430511474609375e-06" /><property name="dX/relative_l2" value="4.667950772660534e-08" /><property name="dX/failures" value="0" /><property name="dX/max_tolerance_ratio" value="0.0008402720481230881" /><property name="parameter/affine_weight/max_abs" value="4.76837158203125e-06" /><property name="parameter/affine_weight/relative_l2" value="9.939698144936724e-08" /><property name="parameter/affine_weight/failures" value="0" /><property name="parameter/affine_weight/max_tolerance_ratio" value="0.02346403381756882" /><property name="parameter/norm_l0.weight/max_abs" value="1.9073486328125e-06" /><property name="parameter/norm_l0.weight/relative_l2" value="9.200954440920186e-08" /><property name="parameter/norm_l0.weight/failures" value="0" /><property name="parameter/norm_l0.weight/max_tolerance_ratio" value="0.006414097467855429" /><property name="parameter/norm_l0.bias/max_abs" value="1.9073486328125e-06" /><property name="parameter/norm_l0.bias/relative_l2" value="9.653171321189519e-08" /><property name="parameter/norm_l0.bias/failures" value="0" /><property name="parameter/norm_l0.bias/max_tolerance_ratio" value="0.004077501893999629" /></properties></testcase><testcase classname="test.test_triton_equivariant_layer_norm_precision" name="test_optional_original_source_wide_reduction_acceptance[V3-EquivariantLayerNorm-108-0-8192]" time="0.009"><properties><property name="source/path" value="/public-data/zhouxibo/zxb/fasteq_unified_layernorm_20260915/reference/layer_norm.py" /><property name="source/sha256" value="41e00b377cbacef4713d88697c06e419f3b8c208d9fcc55be78b53fd5a23c2c6" /><property name="source/class" value="EquivariantLayerNorm" /><property name="reference" value="original FP32 source forward and autograd" /><property name="source/empty_parameters" value="" /><property name="forward/max_abs" value="1.9073486328125e-06" /><property name="forward/relative_l2" value="3.762731358540704e-08" /><property name="forward/failures" value="0" /><property name="forward/max_tolerance_ratio" value="0.009382306471164418" /><property name="dX/max_abs" value="1.9073486328125e-06" /><property name="dX/relative_l2" value="4.843448526543754e-08" /><property name="dX/failures" value="0" /><property name="dX/max_tolerance_ratio" value="0.0006469999249695754" /><property name="parameter/affine_weight/max_abs" value="5.245208740234375e-06" /><property name="parameter/affine_weight/relative_l2" value="8.57304268910696e-08" /><property name="parameter/affine_weight/failures" value="0" /><property name="parameter/affine_weight/max_tolerance_ratio" value="0.026978647749238863" /><property name="parameter/affine_bias/max_abs" value="0.0" /><property name="parameter/affine_bias/relative_l2" value="0.0" /><property name="parameter/affine_bias/failures" value="0" /><property name="parameter/affine_bias/max_tolerance_ratio" value="0.0" /></properties></testcase><testcase classname="test.test_triton_equivariant_layer_norm_precision" name="test_optional_original_source_wide_reduction_acceptance[V2-EquivariantLayerNormArraySphericalHarmonics-108-0-8192]" time="0.009"><properties><property name="source/path" value="/public-data/zhouxibo/zxb/fasteq_unified_layernorm_20260915/reference/layer_norm_v2.py" /><property name="source/sha256" value="fdd7955f1fc3ef4e0a0ccbfb761128b5b269ad09f50423428f77aee12a53480c" /><property name="source/class" value="EquivariantLayerNormArraySphericalHarmonics" /><property name="reference" value="original FP32 source forward and autograd" /><property name="source/empty_parameters" value="affine_weight" /><property name="forward/max_abs" value="1.9073486328125e-06" /><property name="forward/relative_l2" value="5.916031030152985e-08" /><property name="forward/failures" value="0" /><property name="forward/max_tolerance_ratio" value="0.009265486301908371" /><property name="dX/max_abs" value="2.86102294921875e-06" /><property name="dX/relative_l2" value="8.41562196259554e-08" /><property name="dX/failures" value="0" /><property name="dX/max_tolerance_ratio" value="0.000760304877694126" /><property name="parameter/norm_l0.weight/max_abs" value="5.7220458984375e-06" /><property name="parameter/norm_l0.weight/relative_l2" value="1.2847623767703558e-07" /><property name="parameter/norm_l0.weight/failures" value="0" /><property name="parameter/norm_l0.weight/max_tolerance_ratio" value="0.06453510294731815" /><property name="parameter/norm_l0.bias/max_abs" value="7.62939453125e-06" /><property name="parameter/norm_l0.bias/relative_l2" value="1.1477447003784157e-07" /><property name="parameter/norm_l0.bias/failures" value="0" /><property name="parameter/norm_l0.bias/max_tolerance_ratio" value="0.036028051440851847" /></properties></testcase><testcase classname="test.test_triton_equivariant_layer_norm_precision" name="test_optional_original_source_scaling_precision_regressions[norm-32768]" time="0.042"><properties>
[...]
</properties></testcase><testcase classname="test.test_triton_equivariant_layer_norm_precision" name="test_optional_original_source_scaling_precision_regressions[norm-131072]" time="0.115"><properties>
[...]
</properties></testcase><testcase classname="test.test_triton_equivariant_layer_norm_precision" name="test_optional_original_source_scaling_precision_regressions[separable-524288]" time="0.461"><properties>
[...]
</properties></testcase><testcase classname="test.test_triton_equivariant_layer_norm_precision" name="test_generic_large_tile_skips_unused_source_schedules" time="0.081"><properties><property name="reference" value="independent FP32 reference_forward equations" /><property name="forward/max_abs" value="1.9073486328125e-06" /><property name="forward/relative_l2" value="4.6027665611720606e-08" /><property name="forward/failures" value="0" /><property name="forward/max_tolerance_ratio" value="0.0006079846379305566" /></properties></testcase><testcase classname="test.test_triton_equivariant_layer_norm_precision" name="test_optional_original_source_scalar_pointer_alignment[1-EquivariantLayerNorm]" time="0.013"><properties><property name="source/path" value="/public-data/zhouxibo/zxb/fasteq_unified_layernorm_20260915/reference/layer_norm.py" /><property name="source/sha256" value="41e00b377cbacef4713d88697c06e419f3b8c208d9fcc55be78b53fd5a23c2c6" /><property name="source/class" value="EquivariantLayerNorm" /><property name="reference" value="original FP32 source forward and autograd" /><property name="source/path" value="/public-data/zhouxibo/zxb/fasteq_unified_layernorm_20260915/reference/layer_norm.py" /><property name="source/sha256" value="41e00b377cbacef4713d88697c06e419f3b8c208d9fcc55be78b53fd5a23c2c6" /><property name="source/class" value="EquivariantLayerNorm" /><property name="reference" value="original FP32 source forward and autograd" /><property name="input/pointer_mod16" value="4" /><property name="forward/max_abs" value="9.5367431640625e-07" /><property name="forward/relative_l2" value="4.705102875395363e-08" /><property name="forward/failures" value="0" /><property name="forward/max_tolerance_ratio" value="0.002594197247712372" /><property name="dX/max_abs" value="9.5367431640625e-07" /><property name="dX/relative_l2" value="5.1895823434310615e-08" /><property name="dX/failures" value="0" /><property name="dX/max_tolerance_ratio" value="0.0013891367340345196" /><property name="parameter/affine_weight/max_abs" value="3.814697265625e-06" /><property name="parameter/affine_weight/relative_l2" value="1.0185607802891307e-07" /><property name="parameter/affine_weight/failures" value="0" /><property name="parameter/affine_weight/max_tolerance_ratio" value="0.010531881057148092" /><property name="parameter/affine_bias/max_abs" value="0.0" /><property name="parameter/affine_bias/relative_l2" value="0.0" /><property name="parameter/affine_bias/failures" value="0" /><property name="parameter/affine_bias/max_tolerance_ratio" value="0.0" /></properties></testcase><testcase classname="test.test_triton_equivariant_layer_norm_precision" name="test_optional_original_source_scalar_pointer_alignment[2-EquivariantLayerNorm]" time="0.006"><properties><property name="source/path" value="/public-data/zhouxibo/zxb/fasteq_unified_layernorm_20260915/reference/layer_norm.py" /><property name="source/sha256" value="41e00b377cbacef4713d88697c06e419f3b8c208d9fcc55be78b53fd5a23c2c6" /><property name="source/class" value="EquivariantLayerNorm" /><property name="reference" value="original FP32 source forward and autograd" /><property name="source/path" value="/public-data/zhouxibo/zxb/fasteq_unified_layernorm_20260915/reference/layer_norm.py" /><property name="source/sha256" value="41e00b377cbacef4713d88697c06e419f3b8c208d9fcc55be78b53fd5a23c2c6" /><property name="source/class" value="EquivariantLayerNorm" /><property name="reference" value="original FP32 source forward and autograd" /><property name="input/pointer_mod16" value="8" /><property name="forward/max_abs" value="9.5367431640625e-07" /><property name="forward/relative_l2" value="5.12802639849072e-08" /><property name="forward/failures" value="0" /><property name="forward/max_tolerance_ratio" value="0.0030717629876826913" /><property name="dX/max_abs" value="9.5367431640625e-07" /><property name="dX/relative_l2" value="5.424541844704467e-08" /><property name="dX/failures" value="0" /><property name="dX/max_tolerance_ratio" value="0.001472269726095505" /><property name="parameter/affine_weight/max_abs" value="3.814697265625e-06" /><property name="parameter/affine_weight/relative_l2" value="1.0455906995678519e-07" /><property name="parameter/affine_weight/failures" value="0" /><property name="parameter/affine_weight/max_tolerance_ratio" value="0.03095050549913106" /><property name="parameter/affine_bias/max_abs" value="0.0" /><property name="parameter/affine_bias/relative_l2" value="0.0" /><property name="parameter/affine_bias/failures" value="0" /><property name="parameter/affine_bias/max_tolerance_ratio" value="0.0" /></properties></testcase><testcase classname="test.test_triton_equivariant_layer_norm_precision" name="test_optional_original_source_scalar_pointer_alignment[3-EquivariantLayerNorm]" time="0.006"><properties><property name="source/path" value="/public-data/zhouxibo/zxb/fasteq_unified_layernorm_20260915/reference/layer_norm.py" /><property name="source/sha256" value="41e00b377cbacef4713d88697c06e419f3b8c208d9fcc55be78b53fd5a23c2c6" /><property name="source/class" value="EquivariantLayerNorm" /><property name="reference" value="original FP32 source forward and autograd" /><property name="source/path" value="/public-data/zhouxibo/zxb/fasteq_unified_layernorm_20260915/reference/layer_norm.py" /><property name="source/sha256" value="41e00b377cbacef4713d88697c06e419f3b8c208d9fcc55be78b53fd5a23c2c6" /><property name="source/class" value="EquivariantLayerNorm" /><property name="reference" value="original FP32 source forward and autograd" /><property name="input/pointer_mod16" value="12" /><property name="forward/max_abs" value="1.430511474609375e-06" /><property name="forward/relative_l2" value="4.4990370701234384e-08" /><property name="forward/failures" value="0" /><property name="forward/max_tolerance_ratio" value="0.0018121483526121758" /><property name="dX/max_abs" value="1.430511474609375e-06" /><property name="dX/relative_l2" value="4.749194637393928e-08" /><property name="dX/failures" value="0" /><property name="dX/max_tolerance_ratio" value="0.0012324225224230035" /><property name="parameter/affine_weight/max_abs" value="3.814697265625e-06" /><property name="parameter/affine_weight/relative_l2" value="1.0236431946060262e-07" /><property name="parameter/affine_weight/failures" value="0" /><property name="parameter/affine_weight/max_tolerance_ratio" value="0.016623197006494683" /><property name="parameter/affine_bias/max_abs" value="0.0" /><property name="parameter/affine_bias/relative_l2" value="0.0" /><property name="parameter/affine_bias/failures" value="0" /><property name="parameter/affine_bias/max_tolerance_ratio" value="0.0" /></properties></testcase></testsuite></testsuites>