<?xml version="1.0" encoding="utf-8"?><testsuites name="pytest tests"><testsuite name="pytest" errors="0" failures="0" skipped="0" tests="66" time="111.864" timestamp="2026-09-16T19:26:39.352536+08:00" hostname="a14r1n06"><testcase classname="repo.test.test_triton_attention_alpha" name="test_shapes[silu-False-1]" time="1.727" /><testcase classname="repo.test.test_triton_attention_alpha" name="test_shapes[silu-False-3]" time="4.018" /><testcase classname="repo.test.test_triton_attention_alpha" name="test_shapes[silu-False-13]" time="0.975" /><testcase classname="repo.test.test_triton_attention_alpha" name="test_shapes[silu-False-32]" time="0.931" /><testcase classname="repo.test.test_triton_attention_alpha" name="test_shapes[silu-False-127]" time="1.593" /><testcase classname="repo.test.test_triton_attention_alpha" name="test_shapes[silu-False-256]" time="0.944" /><testcase classname="repo.test.test_triton_attention_alpha" name="test_shapes[silu-False-1025]" time="0.937" /><testcase classname="repo.test.test_triton_attention_alpha" name="test_shapes[silu-False-8192]" time="1.051" /><testcase classname="repo.test.test_triton_attention_alpha" name="test_shapes[silu-True-1]" time="1.996" /><testcase classname="repo.test.test_triton_attention_alpha" name="test_shapes[silu-True-3]" time="2.218" /><testcase classname="repo.test.test_triton_attention_alpha" name="test_shapes[silu-True-13]" time="2.232" /><testcase classname="repo.test.test_triton_attention_alpha" name="test_shapes[silu-True-32]" time="2.182" /><testcase classname="repo.test.test_triton_attention_alpha" name="test_shapes[silu-True-127]" time="3.515" /><testcase classname="repo.test.test_triton_attention_alpha" name="test_shapes[silu-True-256]" time="1.145" /><testcase classname="repo.test.test_triton_attention_alpha" name="test_shapes[silu-True-1025]" time="1.128" /><testcase classname="repo.test.test_triton_attention_alpha" name="test_shapes[silu-True-8192]" time="1.227" /><testcase classname="repo.test.test_triton_attention_alpha" name="test_shapes[smooth_leaky_relu-False-1]" time="0.558" /><testcase classname="repo.test.test_triton_attention_alpha" name="test_shapes[smooth_leaky_relu-False-3]" time="0.559" /><testcase classname="repo.test.test_triton_attention_alpha" name="test_shapes[smooth_leaky_relu-False-13]" time="0.603" /><testcase classname="repo.test.test_triton_attention_alpha" name="test_shapes[smooth_leaky_relu-False-32]" time="0.598" /><testcase classname="repo.test.test_triton_attention_alpha" name="test_shapes[smooth_leaky_relu-False-127]" time="1.263" /><testcase classname="repo.test.test_triton_attention_alpha" name="test_shapes[smooth_leaky_relu-False-256]" time="0.583" /><testcase classname="repo.test.test_triton_attention_alpha" name="test_shapes[smooth_leaky_relu-False-1025]" time="0.573" /><testcase classname="repo.test.test_triton_attention_alpha" name="test_shapes[smooth_leaky_relu-False-8192]" time="0.722" /><testcase classname="repo.test.test_triton_attention_alpha" name="test_shapes[smooth_leaky_relu-True-1]" time="1.666" /><testcase classname="repo.test.test_triton_attention_alpha" name="test_shapes[smooth_leaky_relu-True-3]" time="1.860" /><testcase classname="repo.test.test_triton_attention_alpha" name="test_shapes[smooth_leaky_relu-True-13]" time="2.016" /><testcase classname="repo.test.test_triton_attention_alpha" name="test_shapes[smooth_leaky_relu-True-32]" time="1.952" /><testcase classname="repo.test.test_triton_attention_alpha" name="test_shapes[smooth_leaky_relu-True-127]" time="3.319" /><testcase classname="repo.test.test_triton_attention_alpha" name="test_shapes[smooth_leaky_relu-True-256]" time="0.881" /><testcase classname="repo.test.test_triton_attention_alpha" name="test_shapes[smooth_leaky_relu-True-1025]" time="0.790" /><testcase classname="repo.test.test_triton_attention_alpha" name="test_shapes[smooth_leaky_relu-True-8192]" time="0.956" /><testcase classname="repo.test.test_triton_attention_alpha" name="test_dropout_and_strides[0.0-none]" time="1.714" /><testcase classname="repo.test.test_triton_attention_alpha" name="test_dropout_and_strides[0.0-weight]" time="2.693" /><testcase classname="repo.test.test_triton_attention_alpha" name="test_dropout_and_strides[0.0-bias]" time="1.603" /><testcase classname="repo.test.test_triton_attention_alpha" name="test_dropout_and_strides[0.0-both]" time="2.386" /><testcase classname="repo.test.test_triton_attention_alpha" name="test_dropout_and_strides[0.25-none]" time="1.437" /><testcase classname="repo.test.test_triton_attention_alpha" name="test_dropout_and_strides[0.25-weight]" time="2.635" /><testcase classname="repo.test.test_triton_attention_alpha" name="test_dropout_and_strides[0.25-bias]" time="1.927" /><testcase classname="repo.test.test_triton_attention_alpha" name="test_dropout_and_strides[0.25-both]" time="2.715" /><testcase classname="repo.test.test_triton_attention_alpha" name="test_dropout_and_strides[1.0-none]" time="1.140" /><testcase classname="repo.test.test_triton_attention_alpha" name="test_dropout_and_strides[1.0-weight]" time="2.337" /><testcase classname="repo.test.test_triton_attention_alpha" name="test_dropout_and_strides[1.0-bias]" time="1.621" /><testcase classname="repo.test.test_triton_attention_alpha" name="test_dropout_and_strides[1.0-both]" time="2.389" /><testcase classname="repo.test.test_triton_attention_alpha" name="test_partial_gradients[subset0]" time="0.672" /><testcase classname="repo.test.test_triton_attention_alpha" name="test_partial_gradients[subset1]" time="0.724" /><testcase classname="repo.test.test_triton_attention_alpha" name="test_partial_gradients[subset2]" time="1.739" /><testcase classname="repo.test.test_triton_attention_alpha" name="test_partial_gradients[subset3]" time="0.728" /><testcase classname="repo.test.test_triton_attention_alpha" name="test_partial_gradients[subset4]" time="0.354" /><testcase classname="repo.test.test_triton_attention_alpha" name="test_empty_and_partial_tiles[0-3-32]" time="0.569" /><testcase classname="repo.test.test_triton_attention_alpha" name="test_empty_and_partial_tiles[1-1-1]" time="2.326" /><testcase classname="repo.test.test_triton_attention_alpha" name="test_empty_and_partial_tiles[37-7-64]" time="2.806" /><testcase classname="repo.test.test_triton_attention_alpha" name="test_nondefault_parameters[0.001-0.01]" time="1.914" /><testcase classname="repo.test.test_triton_attention_alpha" name="test_nondefault_parameters[1e-06-0.5]" time="1.903" /><testcase classname="repo.test.test_triton_attention_alpha" name="test_constant_inputs" time="0.005" /><testcase classname="repo.test.test_triton_attention_alpha" name="test_eval_disables_dropout" time="0.005" /><testcase classname="repo.test.test_triton_attention_alpha" name="test_no_torch_recomputation" time="1.030" /><testcase classname="repo.test.test_triton_attention_alpha" name="test_higher_order_is_explicitly_unsupported" time="0.426" /><testcase classname="repo.test.test_triton_attention_alpha" name="test_original_eqv3_adapter" time="2.909" /><testcase classname="repo.test.test_triton_attention_alpha" name="test_original_large_reduction_cases[4096]" time="3.039" /><testcase classname="repo.test.test_triton_attention_alpha" name="test_original_large_reduction_cases[8192]" time="3.359" /><testcase classname="repo.test.test_triton_attention_alpha" name="test_original_large_reduction_cases[16384]" time="3.362" /><testcase classname="repo.test.test_triton_attention_alpha" name="test_original_large_reduction_cases[32768]" time="3.312" /><testcase classname="repo.test.test_triton_attention_alpha" name="test_original_large_reduction_cases[131072]" time="3.790" /><testcase classname="repo.test.test_triton_attention_alpha" name="test_parameter_cancellation_cases[123-32-smooth_leaky_relu]" time="0.066" /><testcase classname="repo.test.test_triton_attention_alpha" name="test_parameter_cancellation_cases[7-64-silu]" time="3.067" /></testsuite></testsuites>