<?xml version="1.0" encoding="utf-8"?><testsuites name="pytest tests"><testsuite name="pytest" errors="0" failures="0" skipped="0" tests="66" time="108.793" timestamp="2026-09-17T10:26:18.009061+08:00" hostname="a14r2n09"><testcase classname="repo.test.test_triton_attention_alpha" name="test_shapes[silu-False-1]" time="1.657" /><testcase classname="repo.test.test_triton_attention_alpha" name="test_shapes[silu-False-3]" time="3.953" /><testcase classname="repo.test.test_triton_attention_alpha" name="test_shapes[silu-False-13]" time="0.904" /><testcase classname="repo.test.test_triton_attention_alpha" name="test_shapes[silu-False-32]" time="0.885" /><testcase classname="repo.test.test_triton_attention_alpha" name="test_shapes[silu-False-127]" time="1.585" /><testcase classname="repo.test.test_triton_attention_alpha" name="test_shapes[silu-False-256]" time="0.886" /><testcase classname="repo.test.test_triton_attention_alpha" name="test_shapes[silu-False-1025]" time="0.886" /><testcase classname="repo.test.test_triton_attention_alpha" name="test_shapes[silu-False-8192]" time="0.987" /><testcase classname="repo.test.test_triton_attention_alpha" name="test_shapes[silu-True-1]" time="1.975" /><testcase classname="repo.test.test_triton_attention_alpha" name="test_shapes[silu-True-3]" time="2.168" /><testcase classname="repo.test.test_triton_attention_alpha" name="test_shapes[silu-True-13]" time="2.225" /><testcase classname="repo.test.test_triton_attention_alpha" name="test_shapes[silu-True-32]" time="2.170" /><testcase classname="repo.test.test_triton_attention_alpha" name="test_shapes[silu-True-127]" time="3.495" /><testcase classname="repo.test.test_triton_attention_alpha" name="test_shapes[silu-True-256]" time="1.142" /><testcase classname="repo.test.test_triton_attention_alpha" name="test_shapes[silu-True-1025]" time="1.109" /><testcase classname="repo.test.test_triton_attention_alpha" name="test_shapes[silu-True-8192]" time="1.217" /><testcase classname="repo.test.test_triton_attention_alpha" name="test_shapes[smooth_leaky_relu-False-1]" time="0.565" /><testcase classname="repo.test.test_triton_attention_alpha" name="test_shapes[smooth_leaky_relu-False-3]" time="0.550" /><testcase classname="repo.test.test_triton_attention_alpha" name="test_shapes[smooth_leaky_relu-False-13]" time="0.604" /><testcase classname="repo.test.test_triton_attention_alpha" name="test_shapes[smooth_leaky_relu-False-32]" time="0.602" /><testcase classname="repo.test.test_triton_attention_alpha" name="test_shapes[smooth_leaky_relu-False-127]" time="1.257" /><testcase classname="repo.test.test_triton_attention_alpha" name="test_shapes[smooth_leaky_relu-False-256]" time="0.598" /><testcase classname="repo.test.test_triton_attention_alpha" name="test_shapes[smooth_leaky_relu-False-1025]" time="0.566" /><testcase classname="repo.test.test_triton_attention_alpha" name="test_shapes[smooth_leaky_relu-False-8192]" time="0.707" /><testcase classname="repo.test.test_triton_attention_alpha" name="test_shapes[smooth_leaky_relu-True-1]" time="1.674" /><testcase classname="repo.test.test_triton_attention_alpha" name="test_shapes[smooth_leaky_relu-True-3]" time="1.865" /><testcase classname="repo.test.test_triton_attention_alpha" name="test_shapes[smooth_leaky_relu-True-13]" time="2.020" /><testcase classname="repo.test.test_triton_attention_alpha" name="test_shapes[smooth_leaky_relu-True-32]" time="1.954" /><testcase classname="repo.test.test_triton_attention_alpha" name="test_shapes[smooth_leaky_relu-True-127]" time="3.332" /><testcase classname="repo.test.test_triton_attention_alpha" name="test_shapes[smooth_leaky_relu-True-256]" time="0.870" /><testcase classname="repo.test.test_triton_attention_alpha" name="test_shapes[smooth_leaky_relu-True-1025]" time="0.793" /><testcase classname="repo.test.test_triton_attention_alpha" name="test_shapes[smooth_leaky_relu-True-8192]" time="0.945" /><testcase classname="repo.test.test_triton_attention_alpha" name="test_dropout_and_strides[0.0-none]" time="1.675" /><testcase classname="repo.test.test_triton_attention_alpha" name="test_dropout_and_strides[0.0-weight]" time="2.667" /><testcase classname="repo.test.test_triton_attention_alpha" name="test_dropout_and_strides[0.0-bias]" time="1.612" /><testcase classname="repo.test.test_triton_attention_alpha" name="test_dropout_and_strides[0.0-both]" time="2.369" /><testcase classname="repo.test.test_triton_attention_alpha" name="test_dropout_and_strides[0.25-none]" time="1.455" /><testcase classname="repo.test.test_triton_attention_alpha" name="test_dropout_and_strides[0.25-weight]" time="2.637" /><testcase classname="repo.test.test_triton_attention_alpha" name="test_dropout_and_strides[0.25-bias]" time="1.937" /><testcase classname="repo.test.test_triton_attention_alpha" name="test_dropout_and_strides[0.25-both]" time="2.729" /><testcase classname="repo.test.test_triton_attention_alpha" name="test_dropout_and_strides[1.0-none]" time="1.149" /><testcase classname="repo.test.test_triton_attention_alpha" name="test_dropout_and_strides[1.0-weight]" time="2.321" /><testcase classname="repo.test.test_triton_attention_alpha" name="test_dropout_and_strides[1.0-bias]" time="1.613" /><testcase classname="repo.test.test_triton_attention_alpha" name="test_dropout_and_strides[1.0-both]" time="2.390" /><testcase classname="repo.test.test_triton_attention_alpha" name="test_partial_gradients[subset0]" time="0.673" /><testcase classname="repo.test.test_triton_attention_alpha" name="test_partial_gradients[subset1]" time="0.643" /><testcase classname="repo.test.test_triton_attention_alpha" name="test_partial_gradients[subset2]" time="1.729" /><testcase classname="repo.test.test_triton_attention_alpha" name="test_partial_gradients[subset3]" time="0.714" /><testcase classname="repo.test.test_triton_attention_alpha" name="test_partial_gradients[subset4]" time="0.357" /><testcase classname="repo.test.test_triton_attention_alpha" name="test_empty_and_partial_tiles[0-3-32]" time="0.557" /><testcase classname="repo.test.test_triton_attention_alpha" name="test_empty_and_partial_tiles[1-1-1]" time="2.207" /><testcase classname="repo.test.test_triton_attention_alpha" name="test_empty_and_partial_tiles[37-7-64]" time="2.705" /><testcase classname="repo.test.test_triton_attention_alpha" name="test_nondefault_parameters[0.001-0.01]" time="1.890" /><testcase classname="repo.test.test_triton_attention_alpha" name="test_nondefault_parameters[1e-06-0.5]" time="1.892" /><testcase classname="repo.test.test_triton_attention_alpha" name="test_constant_inputs" time="0.004" /><testcase classname="repo.test.test_triton_attention_alpha" name="test_eval_disables_dropout" time="0.004" /><testcase classname="repo.test.test_triton_attention_alpha" name="test_no_torch_recomputation" time="1.244" /><testcase classname="repo.test.test_triton_attention_alpha" name="test_higher_order_is_explicitly_unsupported" time="0.423" /><testcase classname="repo.test.test_triton_attention_alpha" name="test_original_eqv3_adapter" time="2.862" /><testcase classname="repo.test.test_triton_attention_alpha" name="test_original_large_reduction_cases[4096]" time="1.351" /><testcase classname="repo.test.test_triton_attention_alpha" name="test_original_large_reduction_cases[8192]" time="3.299" /><testcase classname="repo.test.test_triton_attention_alpha" name="test_original_large_reduction_cases[16384]" time="3.270" /><testcase classname="repo.test.test_triton_attention_alpha" name="test_original_large_reduction_cases[32768]" time="3.296" /><testcase classname="repo.test.test_triton_attention_alpha" name="test_original_large_reduction_cases[131072]" time="3.573" /><testcase classname="repo.test.test_triton_attention_alpha" name="test_parameter_cancellation_cases[123-32-smooth_leaky_relu]" time="0.040" /><testcase classname="repo.test.test_triton_attention_alpha" name="test_parameter_cancellation_cases[7-64-silu]" time="2.949" /></testsuite></testsuites>