<?xml version="1.0" encoding="utf-8"?><testsuites name="pytest tests"><testsuite name="pytest" errors="0" failures="0" skipped="0" tests="105" time="12.576" timestamp="2026-09-18T15:37:24.501609+08:00" hostname="f11r1n20"><testcase classname="repo.test.test_triton_graph_softmax_index" name="test_archived_shared_cancellation_analytic[h100]" time="0.417" /><testcase classname="repo.test.test_triton_graph_softmax_index" name="test_archived_shared_cancellation_analytic[hygon]" time="0.007" /><testcase classname="repo.test.test_triton_graph_softmax_index" name="test_backward_does_not_use_torch_reductions" time="0.084" /><testcase classname="repo.test.test_triton_graph_softmax_index" name="test_expanded_input_has_distinct_gradients" time="0.125" /><testcase classname="repo.test.test_triton_graph_softmax_index" name="test_head_tiles_and_reduction_tail[3-1]" time="0.086" /><testcase classname="repo.test.test_triton_graph_softmax_index" name="test_head_tiles_and_reduction_tail[3-4]" time="0.005" /><testcase classname="repo.test.test_triton_graph_softmax_index" name="test_head_tiles_and_reduction_tail[17-4]" time="0.095" /><testcase classname="repo.test.test_triton_graph_softmax_index" name="test_head_tiles_and_reduction_tail[33-8]" time="0.099" /><testcase classname="repo.test.test_triton_graph_softmax_index" name="test_head_tiles_and_reduction_tail[300-32]" time="0.115" /><testcase classname="repo.test.test_triton_graph_softmax_index" name="test_native_fp32_default_eps_dropout[0.0-index-none]" time="0.075" /><testcase classname="repo.test.test_triton_graph_softmax_index" name="test_native_fp32_default_eps_dropout[0.0-index-edge]" time="0.056" /><testcase classname="repo.test.test_triton_graph_softmax_index" name="test_native_fp32_default_eps_dropout[0.0-index-full]" time="0.043" /><testcase classname="repo.test.test_triton_graph_softmax_index" name="test_native_fp32_default_eps_dropout[0.0-ptr-none]" time="0.019" /><testcase classname="repo.test.test_triton_graph_softmax_index" name="test_native_fp32_default_eps_dropout[0.0-ptr-edge]" time="0.006" /><testcase classname="repo.test.test_triton_graph_softmax_index" name="test_native_fp32_default_eps_dropout[0.0-ptr-full]" time="0.006" /><testcase classname="repo.test.test_triton_graph_softmax_index" name="test_native_fp32_default_eps_dropout[0.25-index-none]" time="0.060" /><testcase classname="repo.test.test_triton_graph_softmax_index" name="test_native_fp32_default_eps_dropout[0.25-index-edge]" time="0.019" /><testcase classname="repo.test.test_triton_graph_softmax_index" name="test_native_fp32_default_eps_dropout[0.25-index-full]" time="0.019" /><testcase classname="repo.test.test_triton_graph_softmax_index" name="test_native_fp32_default_eps_dropout[0.25-ptr-none]" time="0.006" /><testcase classname="repo.test.test_triton_graph_softmax_index" name="test_native_fp32_default_eps_dropout[0.25-ptr-edge]" time="0.006" /><testcase classname="repo.test.test_triton_graph_softmax_index" name="test_native_fp32_default_eps_dropout[0.25-ptr-full]" time="0.006" /><testcase classname="repo.test.test_triton_graph_softmax_index" name="test_native_fp32_default_eps_dropout[1.0-index-none]" time="0.033" /><testcase classname="repo.test.test_triton_graph_softmax_index" name="test_native_fp32_default_eps_dropout[1.0-index-edge]" time="0.020" /><testcase classname="repo.test.test_triton_graph_softmax_index" name="test_native_fp32_default_eps_dropout[1.0-index-full]" time="0.020" /><testcase classname="repo.test.test_triton_graph_softmax_index" name="test_native_fp32_default_eps_dropout[1.0-ptr-none]" time="0.006" /><testcase classname="repo.test.test_triton_graph_softmax_index" name="test_native_fp32_default_eps_dropout[1.0-ptr-edge]" time="0.006" /><testcase classname="repo.test.test_triton_graph_softmax_index" name="test_native_fp32_default_eps_dropout[1.0-ptr-full]" time="0.006" /><testcase classname="repo.test.test_triton_graph_softmax_index" name="test_native_fp32_shapes[None-1-none]" time="0.083" /><testcase classname="repo.test.test_triton_graph_softmax_index" name="test_native_fp32_shapes[None-1-scalar]" time="0.081" /><testcase classname="repo.test.test_triton_graph_softmax_index" name="test_native_fp32_shapes[None-1-head]" time="0.044" /><testcase classname="repo.test.test_triton_graph_softmax_index" name="test_native_fp32_shapes[None-1-row]" time="0.005" /><testcase classname="repo.test.test_triton_graph_softmax_index" name="test_native_fp32_shapes[None-1-edge]" time="0.056" /><testcase classname="repo.test.test_triton_graph_softmax_index" name="test_native_fp32_shapes[None-1-full]" time="0.005" /><testcase classname="repo.test.test_triton_graph_softmax_index" name="test_native_fp32_shapes[None-3-none]" time="0.043" /><testcase classname="repo.test.test_triton_graph_softmax_index" name="test_native_fp32_shapes[None-3-scalar]" time="0.070" /><testcase classname="repo.test.test_triton_graph_softmax_index" name="test_native_fp32_shapes[None-3-head]" time="0.005" /><testcase classname="repo.test.test_triton_graph_softmax_index" name="test_native_fp32_shapes[None-3-row]" time="0.004" /><testcase classname="repo.test.test_triton_graph_softmax_index" name="test_native_fp32_shapes[None-3-edge]" time="0.032" /><testcase classname="repo.test.test_triton_graph_softmax_index" name="test_native_fp32_shapes[None-3-full]" time="0.043" /><testcase classname="repo.test.test_triton_graph_softmax_index" name="test_native_fp32_shapes[None-8-none]" time="0.030" /><testcase classname="repo.test.test_triton_graph_softmax_index" name="test_native_fp32_shapes[None-8-scalar]" time="0.083" /><testcase classname="repo.test.test_triton_graph_softmax_index" name="test_native_fp32_shapes[None-8-head]" time="0.045" /><testcase classname="repo.test.test_triton_graph_softmax_index" name="test_native_fp32_shapes[None-8-row]" time="0.005" /><testcase classname="repo.test.test_triton_graph_softmax_index" name="test_native_fp32_shapes[None-8-edge]" time="0.032" /><testcase classname="repo.test.test_triton_graph_softmax_index" name="test_native_fp32_shapes[None-8-full]" time="0.044" /><testcase classname="repo.test.test_triton_graph_softmax_index" name="test_native_fp32_shapes[None-17-none]" time="0.057" /><testcase classname="repo.test.test_triton_graph_softmax_index" name="test_native_fp32_shapes[None-17-scalar]" time="0.083" /><testcase classname="repo.test.test_triton_graph_softmax_index" name="test_native_fp32_shapes[None-17-head]" time="0.057" /><testcase classname="repo.test.test_triton_graph_softmax_index" name="test_native_fp32_shapes[None-17-row]" time="0.005" /><testcase classname="repo.test.test_triton_graph_softmax_index" name="test_native_fp32_shapes[None-17-edge]" time="0.032" /><testcase classname="repo.test.test_triton_graph_softmax_index" name="test_native_fp32_shapes[None-17-full]" time="0.048" /><testcase classname="repo.test.test_triton_graph_softmax_index" name="test_native_fp32_shapes[3.0-1-none]" time="0.045" /><testcase classname="repo.test.test_triton_graph_softmax_index" name="test_native_fp32_shapes[3.0-1-scalar]" time="0.033" /><testcase classname="repo.test.test_triton_graph_softmax_index" name="test_native_fp32_shapes[3.0-1-head]" time="0.032" /><testcase classname="repo.test.test_triton_graph_softmax_index" name="test_native_fp32_shapes[3.0-1-row]" time="0.005" /><testcase classname="repo.test.test_triton_graph_softmax_index" name="test_native_fp32_shapes[3.0-1-edge]" time="0.032" /><testcase classname="repo.test.test_triton_graph_softmax_index" name="test_native_fp32_shapes[3.0-1-full]" time="0.005" /><testcase classname="repo.test.test_triton_graph_softmax_index" name="test_native_fp32_shapes[3.0-3-none]" time="0.032" /><testcase classname="repo.test.test_triton_graph_softmax_index" name="test_native_fp32_shapes[3.0-3-scalar]" time="0.032" /><testcase classname="repo.test.test_triton_graph_softmax_index" name="test_native_fp32_shapes[3.0-3-head]" time="0.019" /><testcase classname="repo.test.test_triton_graph_softmax_index" name="test_native_fp32_shapes[3.0-3-row]" time="0.005" /><testcase classname="repo.test.test_triton_graph_softmax_index" name="test_native_fp32_shapes[3.0-3-edge]" time="0.004" /><testcase classname="repo.test.test_triton_graph_softmax_index" name="test_native_fp32_shapes[3.0-3-full]" time="0.032" /><testcase classname="repo.test.test_triton_graph_softmax_index" name="test_native_fp32_shapes[3.0-8-none]" time="0.018" /><testcase classname="repo.test.test_triton_graph_softmax_index" name="test_native_fp32_shapes[3.0-8-scalar]" time="0.034" /><testcase classname="repo.test.test_triton_graph_softmax_index" name="test_native_fp32_shapes[3.0-8-head]" time="0.033" /><testcase classname="repo.test.test_triton_graph_softmax_index" name="test_native_fp32_shapes[3.0-8-row]" time="0.005" /><testcase classname="repo.test.test_triton_graph_softmax_index" name="test_native_fp32_shapes[3.0-8-edge]" time="0.019" /><testcase classname="repo.test.test_triton_graph_softmax_index" name="test_native_fp32_shapes[3.0-8-full]" time="0.031" /><testcase classname="repo.test.test_triton_graph_softmax_index" name="test_native_fp32_shapes[3.0-17-none]" time="0.033" /><testcase classname="repo.test.test_triton_graph_softmax_index" name="test_native_fp32_shapes[3.0-17-scalar]" time="0.054" /><testcase classname="repo.test.test_triton_graph_softmax_index" name="test_native_fp32_shapes[3.0-17-head]" time="0.032" /><testcase classname="repo.test.test_triton_graph_softmax_index" name="test_native_fp32_shapes[3.0-17-row]" time="0.005" /><testcase classname="repo.test.test_triton_graph_softmax_index" name="test_native_fp32_shapes[3.0-17-edge]" time="0.004" /><testcase classname="repo.test.test_triton_graph_softmax_index" name="test_native_fp32_shapes[3.0-17-full]" time="0.033" /><testcase classname="repo.test.test_triton_graph_softmax_index" name="test_native_fp32_shared_dropout[0.25-scalar]" time="0.020" /><testcase classname="repo.test.test_triton_graph_softmax_index" name="test_native_fp32_shared_dropout[0.25-head]" time="0.019" /><testcase classname="repo.test.test_triton_graph_softmax_index" name="test_native_fp32_shared_dropout[0.25-row]" time="0.005" /><testcase classname="repo.test.test_triton_graph_softmax_index" name="test_native_fp32_shared_dropout[1.0-scalar]" time="0.019" /><testcase classname="repo.test.test_triton_graph_softmax_index" name="test_native_fp32_shared_dropout[1.0-head]" time="0.019" /><testcase classname="repo.test.test_triton_graph_softmax_index" name="test_native_fp32_shared_dropout[1.0-row]" time="0.005" /><testcase classname="repo.test.test_triton_graph_softmax_index" name="test_requested_gradient_subset[scalar-x]" time="0.032" /><testcase classname="repo.test.test_triton_graph_softmax_index" name="test_requested_gradient_subset[scalar-r]" time="0.004" /><testcase classname="repo.test.test_triton_graph_softmax_index" name="test_requested_gradient_subset[head-x]" time="0.017" /><testcase classname="repo.test.test_triton_graph_softmax_index" name="test_requested_gradient_subset[head-r]" time="0.004" /><testcase classname="repo.test.test_triton_graph_softmax_index" name="test_requested_gradient_subset[edge-x]" time="0.018" /><testcase classname="repo.test.test_triton_graph_softmax_index" name="test_requested_gradient_subset[edge-r]" time="0.018" /><testcase classname="repo.test.test_triton_graph_softmax_index" name="test_requested_gradient_subset[full-x]" time="0.019" /><testcase classname="repo.test.test_triton_graph_softmax_index" name="test_requested_gradient_subset[full-r]" time="0.022" /><testcase classname="repo.test.test_triton_graph_softmax_index" name="test_shared_zero_rescale_reduction_levels[1]" time="0.110" /><testcase classname="repo.test.test_triton_graph_softmax_index" name="test_shared_zero_rescale_reduction_levels[17]" time="0.221" /><testcase classname="repo.test.test_triton_graph_softmax_index" name="test_shared_zero_rescale_reduction_levels[257]" time="0.123" /><testcase classname="repo.test.test_triton_graph_softmax_index" name="test_shared_zero_rescale_reduction_levels[65537]" time="0.107" /><testcase classname="repo.test.test_triton_graph_softmax_index" name="test_single_neighbor_small_rescale_analytic[edge-0.01]" time="0.106" /><testcase classname="repo.test.test_triton_graph_softmax_index" name="test_single_neighbor_small_rescale_analytic[edge-0.0001]" time="0.005" /><testcase classname="repo.test.test_triton_graph_softmax_index" name="test_single_neighbor_small_rescale_analytic[edge-1e-06]" time="0.004" /><testcase classname="repo.test.test_triton_graph_softmax_index" name="test_single_neighbor_small_rescale_analytic[full-0.01]" time="0.041" /><testcase classname="repo.test.test_triton_graph_softmax_index" name="test_single_neighbor_small_rescale_analytic[full-0.0001]" time="0.004" /><testcase classname="repo.test.test_triton_graph_softmax_index" name="test_single_neighbor_small_rescale_analytic[full-1e-06]" time="0.004" /><testcase classname="repo.test.test_triton_graph_softmax_index" name="test_no_preprocessing_or_host_scalar_read" time="0.016" /><testcase classname="repo.test.test_triton_graph_softmax_index" name="test_changed_topology_and_strided_tensors[dtype0]" time="0.087" /><testcase classname="repo.test.test_triton_graph_softmax_index" name="test_changed_topology_and_strided_tensors[dtype1]" time="0.074" /><testcase classname="repo.test.test_triton_graph_softmax_index" name="test_high_degree_is_fused" time="0.079" /><testcase classname="repo.test.test_triton_graph_softmax_index" name="test_empty_input" time="0.002" /><testcase classname="repo.test.test_triton_graph_softmax_index" name="test_dropout_matches_csr_seed_and_gradients" time="2.580" /></testsuite></testsuites>